[0.008s] Invoking command in '/home/milena/ros2_ws/build/stage_ros2': CMAKE_PREFIX_PATH=/home/milena/ros2_ws/install/my_py_pkg:/opt/ros/humble:${CMAKE_PREFIX_PATH} /usr/bin/cmake /home/milena/ros2_ws/src/stage_ros2 -DCMAKE_INSTALL_PREFIX=/home/milena/ros2_ws/install/stage_ros2
[0.020s] -- Found ament_cmake: 1.3.14 (/opt/ros/humble/share/ament_cmake/cmake)
[0.125s] -- Override CMake install command with custom implementation using symlinks instead of copying resources
[0.130s] -- Found rclcpp: 16.0.19 (/opt/ros/humble/share/rclcpp/cmake)
[0.148s] -- Found rosidl_generator_c: 3.1.8 (/opt/ros/humble/share/rosidl_generator_c/cmake)
[0.150s] -- Found rosidl_adapter: 3.1.8 (/opt/ros/humble/share/rosidl_adapter/cmake)
[0.153s] -- Found rosidl_generator_cpp: 3.1.8 (/opt/ros/humble/share/rosidl_generator_cpp/cmake)
[0.159s] -- Using all available rosidl_typesupport_c: rosidl_typesupport_fastrtps_c;rosidl_typesupport_introspection_c
[0.167s] -- Using all available rosidl_typesupport_cpp: rosidl_typesupport_fastrtps_cpp;rosidl_typesupport_introspection_cpp
[0.187s] -- Found rmw_implementation_cmake: 6.1.2 (/opt/ros/humble/share/rmw_implementation_cmake/cmake)
[0.188s] -- Found rmw_fastrtps_cpp: 6.2.10 (/opt/ros/humble/share/rmw_fastrtps_cpp/cmake)
[0.252s] -- Using RMW implementation 'rmw_fastrtps_cpp' as default
[0.283s] -- Found rclcpp_components: 16.0.19 (/opt/ros/humble/share/rclcpp_components/cmake)
[0.295s] -- Found sensor_msgs: 4.9.1 (/opt/ros/humble/share/sensor_msgs/cmake)
[0.313s] -- Found nav_msgs: 4.9.1 (/opt/ros/humble/share/nav_msgs/cmake)
[0.329s] -- Found tf2_ros: 0.25.20 (/opt/ros/humble/share/tf2_ros/cmake)
[0.390s] -- Found tf2_geometry_msgs: 0.25.20 (/opt/ros/humble/share/tf2_geometry_msgs/cmake)
[0.401s] -- Found eigen3_cmake_module: 0.1.1 (/opt/ros/humble/share/eigen3_cmake_module/cmake)
[0.402s] -- Found Eigen3: TRUE (found version "3.4.0") 
[0.402s] -- Ensuring Eigen3 include directory is part of orocos-kdl CMake target
[0.404s] -- Found std_srvs: 4.9.1 (/opt/ros/humble/share/std_srvs/cmake)
[0.418s] -- Found ament_lint_auto: 0.12.15 (/opt/ros/humble/share/ament_lint_auto/cmake)
[0.491s] -- Added test 'cppcheck' to perform static code analysis on C / C++ code
[0.491s] -- Configured cppcheck include dirs: /home/milena/ros2_ws/src/stage_ros2/./include;$<BUILD_INTERFACE:/home/milena/ros2_ws/src/stage_ros2/include>
[0.491s] -- Configured cppcheck exclude dirs and/or files: 
[0.492s] -- Added test 'flake8' to check Python code syntax and style conventions
[0.493s] -- Added test 'lint_cmake' to check CMake code style
[0.493s] -- Added test 'pep257' to check Python code against some of the docstring style conventions in PEP 257
[0.495s] -- Added test 'uncrustify' to check C / C++ code style
[0.496s] -- Configured uncrustify additional arguments: 
[0.496s] -- Added test 'xmllint' to check XML markup files
[0.497s] -- Configuring done
[0.512s] -- Generating done
[0.516s] -- Build files have been written to: /home/milena/ros2_ws/build/stage_ros2
[0.521s] Invoked command in '/home/milena/ros2_ws/build/stage_ros2' returned '0': CMAKE_PREFIX_PATH=/home/milena/ros2_ws/install/my_py_pkg:/opt/ros/humble:${CMAKE_PREFIX_PATH} /usr/bin/cmake /home/milena/ros2_ws/src/stage_ros2 -DCMAKE_INSTALL_PREFIX=/home/milena/ros2_ws/install/stage_ros2
[0.523s] Invoking command in '/home/milena/ros2_ws/build/stage_ros2': CMAKE_PREFIX_PATH=/home/milena/ros2_ws/install/my_py_pkg:/opt/ros/humble:${CMAKE_PREFIX_PATH} /usr/bin/cmake --build /home/milena/ros2_ws/build/stage_ros2 -- -j12 -l12
[0.583s] [ 28%] [32mBuilding CXX object CMakeFiles/stage_node.dir/src/stage_node.cpp.o[0m
[0.583s] [ 28%] [32mBuilding CXX object CMakeFiles/stage_node.dir/src/vehicle.cpp.o[0m
[0.583s] [ 42%] [32mBuilding CXX object CMakeFiles/stage_node.dir/src/camera.cpp.o[0m
[0.585s] [ 57%] [32mBuilding CXX object CMakeFiles/stage_node.dir/src/ranger.cpp.o[0m
[7.474s] [ 71%] [32m[1mLinking CXX shared library libstage_node.so[0m
[8.120s] [ 71%] Built target stage_node
[8.146s] [ 85%] [32mBuilding CXX object CMakeFiles/stage_ros2.dir/src/main.cpp.o[0m
[10.505s] [100%] [32m[1mLinking CXX executable stage_ros2[0m
[10.772s] [100%] Built target stage_ros2
[10.782s] Invoked command in '/home/milena/ros2_ws/build/stage_ros2' returned '0': CMAKE_PREFIX_PATH=/home/milena/ros2_ws/install/my_py_pkg:/opt/ros/humble:${CMAKE_PREFIX_PATH} /usr/bin/cmake --build /home/milena/ros2_ws/build/stage_ros2 -- -j12 -l12
[10.794s] Invoking command in '/home/milena/ros2_ws/build/stage_ros2': CMAKE_PREFIX_PATH=/home/milena/ros2_ws/install/my_py_pkg:/opt/ros/humble:${CMAKE_PREFIX_PATH} /usr/bin/cmake --install /home/milena/ros2_ws/build/stage_ros2
[10.805s] -- Install configuration: ""
[10.805s] -- Execute custom install script
[10.806s] -- Symlinking: /home/milena/ros2_ws/install/stage_ros2/share/stage_ros2/environment/library_path.sh
[10.818s] -- Symlinking: /home/milena/ros2_ws/install/stage_ros2/share/stage_ros2/environment/library_path.dsv
[10.829s] -- Symlinking: /home/milena/ros2_ws/install/stage_ros2/share/stage_ros2//launch/demo.launch.py
[10.839s] -- Symlinking: /home/milena/ros2_ws/install/stage_ros2/share/stage_ros2//launch/f710.launch.py
[10.850s] -- Symlinking: /home/milena/ros2_ws/install/stage_ros2/share/stage_ros2//launch/rviz.launch.py
[10.861s] -- Symlinking: /home/milena/ros2_ws/install/stage_ros2/share/stage_ros2//launch/rviz_ns.launch.py
[10.874s] -- Symlinking: /home/milena/ros2_ws/install/stage_ros2/share/stage_ros2//launch/stage.launch.py
[10.886s] -- Symlinking: /home/milena/ros2_ws/install/stage_ros2/share/stage_ros2//world/bitmaps/cave.png
[10.897s] -- Symlinking: /home/milena/ros2_ws/install/stage_ros2/share/stage_ros2//world/bitmaps/hallway.pgm
[10.907s] -- Symlinking: /home/milena/ros2_ws/install/stage_ros2/share/stage_ros2//world/bitmaps/hallway.png
[10.917s] -- Symlinking: /home/milena/ros2_ws/install/stage_ros2/share/stage_ros2//world/bitmaps/line.png
[10.923s] -- Symlinking: /home/milena/ros2_ws/install/stage_ros2/share/stage_ros2//world/bitmaps/straden.png
[10.935s] -- Symlinking: /home/milena/ros2_ws/install/stage_ros2/share/stage_ros2//world/bitmaps/warehouse008.pgm
[10.946s] -- Symlinking: /home/milena/ros2_ws/install/stage_ros2/share/stage_ros2//world/bitmaps/warehouse032.pgm
[10.957s] -- Symlinking: /home/milena/ros2_ws/install/stage_ros2/share/stage_ros2//world/bitmaps/warehouse200.pgm
[10.970s] -- Symlinking: /home/milena/ros2_ws/install/stage_ros2/share/stage_ros2//world/bitmaps/willow-full.pgm
[10.981s] -- Symlinking: /home/milena/ros2_ws/install/stage_ros2/share/stage_ros2//world/cave.world
[10.991s] -- Symlinking: /home/milena/ros2_ws/install/stage_ros2/share/stage_ros2//world/cave_multi.world
[11.001s] -- Symlinking: /home/milena/ros2_ws/install/stage_ros2/share/stage_ros2//world/cave_seven_robots.world
[11.012s] -- Symlinking: /home/milena/ros2_ws/install/stage_ros2/share/stage_ros2//world/cave_three_robots.world
[11.024s] -- Symlinking: /home/milena/ros2_ws/install/stage_ros2/share/stage_ros2//world/hallway.world
[11.035s] -- Symlinking: /home/milena/ros2_ws/install/stage_ros2/share/stage_ros2//world/include/pioneer2dx.inc
[11.046s] -- Symlinking: /home/milena/ros2_ws/install/stage_ros2/share/stage_ros2//world/include/robots.inc
[11.056s] -- Symlinking: /home/milena/ros2_ws/install/stage_ros2/share/stage_ros2//world/lines.world
[11.067s] -- Symlinking: /home/milena/ros2_ws/install/stage_ros2/share/stage_ros2//world/straden.world
[11.078s] -- Symlinking: /home/milena/ros2_ws/install/stage_ros2/share/stage_ros2//world/willow-four-erratics-multisensor.world
[11.088s] -- Symlinking: /home/milena/ros2_ws/install/stage_ros2/share/stage_ros2//config/rviz/cave.rviz
[11.098s] -- Symlinking: /home/milena/ros2_ws/install/stage_ros2/share/stage_ros2//config/rviz/cave_seven_robots.rviz
[11.109s] -- Symlinking: /home/milena/ros2_ws/install/stage_ros2/share/stage_ros2//config/rviz/cave_three_robots.rviz
[11.120s] -- Symlinking: /home/milena/ros2_ws/install/stage_ros2/share/stage_ros2//config/rviz/lines.rviz
[11.131s] -- Symlinking: /home/milena/ros2_ws/install/stage_ros2/share/stage_ros2//config/rviz/robot0.rviz
[11.143s] -- Symlinking: /home/milena/ros2_ws/install/stage_ros2/share/stage_ros2//config/rviz/robot_ns.rviz
[11.154s] -- Symlinking: /home/milena/ros2_ws/install/stage_ros2/share/stage_ros2//config/rviz/robot_ns_depth.rviz
[11.166s] -- Symlinking: /home/milena/ros2_ws/install/stage_ros2/share/stage_ros2//config/teleop_twist_joy/f710.config.yaml
[11.177s] -- Symlinking: /home/milena/ros2_ws/install/stage_ros2/lib/libstage_node.so
[11.188s] -- Symlinking: /home/milena/ros2_ws/install/stage_ros2/lib/stage_ros2/stage_ros2
[11.199s] -- Symlinking: /home/milena/ros2_ws/install/stage_ros2/share/ament_index/resource_index/package_run_dependencies/stage_ros2
[11.210s] -- Symlinking: /home/milena/ros2_ws/install/stage_ros2/share/ament_index/resource_index/parent_prefix_path/stage_ros2
[11.221s] -- Symlinking: /home/milena/ros2_ws/install/stage_ros2/share/stage_ros2/environment/ament_prefix_path.sh
[11.232s] -- Symlinking: /home/milena/ros2_ws/install/stage_ros2/share/stage_ros2/environment/ament_prefix_path.dsv
[11.243s] -- Symlinking: /home/milena/ros2_ws/install/stage_ros2/share/stage_ros2/environment/path.sh
[11.255s] -- Symlinking: /home/milena/ros2_ws/install/stage_ros2/share/stage_ros2/environment/path.dsv
[11.266s] -- Symlinking: /home/milena/ros2_ws/install/stage_ros2/share/stage_ros2/local_setup.bash
[11.278s] -- Symlinking: /home/milena/ros2_ws/install/stage_ros2/share/stage_ros2/local_setup.sh
[11.289s] -- Symlinking: /home/milena/ros2_ws/install/stage_ros2/share/stage_ros2/local_setup.zsh
[11.299s] -- Symlinking: /home/milena/ros2_ws/install/stage_ros2/share/stage_ros2/local_setup.dsv
[11.310s] -- Symlinking: /home/milena/ros2_ws/install/stage_ros2/share/stage_ros2/package.dsv
[11.318s] -- Symlinking: /home/milena/ros2_ws/install/stage_ros2/share/ament_index/resource_index/packages/stage_ros2
[11.330s] -- Symlinking: /home/milena/ros2_ws/install/stage_ros2/share/stage_ros2/cmake/stage_ros2Config.cmake
[11.340s] -- Symlinking: /home/milena/ros2_ws/install/stage_ros2/share/stage_ros2/cmake/stage_ros2Config-version.cmake
[11.351s] -- Symlinking: /home/milena/ros2_ws/install/stage_ros2/share/stage_ros2/package.xml
[11.365s] Invoked command in '/home/milena/ros2_ws/build/stage_ros2' returned '0': CMAKE_PREFIX_PATH=/home/milena/ros2_ws/install/my_py_pkg:/opt/ros/humble:${CMAKE_PREFIX_PATH} /usr/bin/cmake --install /home/milena/ros2_ws/build/stage_ros2
