[0.179s] Invoking command in '/home/milena/ros2_ws/build/stage_ros2': CMAKE_PREFIX_PATH=/opt/ros/humble ROS_DOMAIN_ID=218 /usr/bin/cmake /home/milena/ros2_ws/src/stage_ros2 -DCMAKE_INSTALL_PREFIX=/home/milena/ros2_ws/install/stage_ros2
[0.294s] -- The C compiler identification is GNU 11.4.0
[0.368s] -- The CXX compiler identification is GNU 11.4.0
[0.375s] -- Detecting C compiler ABI info
[0.447s] -- Detecting C compiler ABI info - done
[0.457s] -- Check for working C compiler: /usr/bin/cc - skipped
[0.457s] -- Detecting C compile features
[0.457s] -- Detecting C compile features - done
[0.460s] -- Detecting CXX compiler ABI info
[0.529s] -- Detecting CXX compiler ABI info - done
[0.534s] -- Check for working CXX compiler: /usr/bin/c++ - skipped
[0.534s] -- Detecting CXX compile features
[0.535s] -- Detecting CXX compile features - done
[0.554s] -- Found ament_cmake: 1.3.14 (/opt/ros/humble/share/ament_cmake/cmake)
[0.673s] -- Found Python3: /usr/bin/python3 (found version "3.10.12") found components: Interpreter 
[0.750s] -- Found rclcpp: 16.0.19 (/opt/ros/humble/share/rclcpp/cmake)
[0.786s] -- Found rosidl_generator_c: 3.1.8 (/opt/ros/humble/share/rosidl_generator_c/cmake)
[0.789s] -- Found rosidl_adapter: 3.1.8 (/opt/ros/humble/share/rosidl_adapter/cmake)
[0.796s] -- Found rosidl_generator_cpp: 3.1.8 (/opt/ros/humble/share/rosidl_generator_cpp/cmake)
[0.808s] -- Using all available rosidl_typesupport_c: rosidl_typesupport_fastrtps_c;rosidl_typesupport_introspection_c
[0.820s] -- Using all available rosidl_typesupport_cpp: rosidl_typesupport_fastrtps_cpp;rosidl_typesupport_introspection_cpp
[0.854s] -- Found rmw_implementation_cmake: 6.1.2 (/opt/ros/humble/share/rmw_implementation_cmake/cmake)
[0.856s] -- Found rmw_fastrtps_cpp: 6.2.10 (/opt/ros/humble/share/rmw_fastrtps_cpp/cmake)
[0.933s] -- Found OpenSSL: /usr/lib/x86_64-linux-gnu/libcrypto.so (found version "3.0.2")  
[0.964s] -- Found FastRTPS: /opt/ros/humble/include  
[0.999s] -- Using RMW implementation 'rmw_fastrtps_cpp' as default
[1.006s] -- Looking for pthread.h
[1.092s] -- Looking for pthread.h - found
[1.093s] -- Performing Test CMAKE_HAVE_LIBC_PTHREAD
[1.166s] -- Performing Test CMAKE_HAVE_LIBC_PTHREAD - Success
[1.167s] -- Found Threads: TRUE  
[1.221s] -- Found rclcpp_components: 16.0.19 (/opt/ros/humble/share/rclcpp_components/cmake)
[1.259s] -- Found sensor_msgs: 4.9.1 (/opt/ros/humble/share/sensor_msgs/cmake)
[1.297s] -- Found nav_msgs: 4.9.1 (/opt/ros/humble/share/nav_msgs/cmake)
[1.325s] -- Configuring incomplete, errors occurred!
[1.325s] See also "/home/milena/ros2_ws/build/stage_ros2/CMakeFiles/CMakeOutput.log".
[1.328s] [31mCMake Error at CMakeLists.txt:21 (find_package):
[1.328s]   By not providing "Findstage.cmake" in CMAKE_MODULE_PATH this project has
[1.328s]   asked CMake to find a package configuration file provided by "stage", but
[1.328s]   CMake did not find one.
[1.328s] 
[1.328s]   Could not find a package configuration file provided by "stage" with any of
[1.328s]   the following names:
[1.328s] 
[1.328s]     stageConfig.cmake
[1.328s]     stage-config.cmake
[1.328s] 
[1.328s]   Add the installation prefix of "stage" to CMAKE_PREFIX_PATH or set
[1.329s]   "stage_DIR" to a directory containing one of the above files.  If "stage"
[1.329s]   provides a separate development package or SDK, be sure it has been
[1.329s]   installed.
[1.329s] 
[1.329s] [0m
[1.339s] Invoked command in '/home/milena/ros2_ws/build/stage_ros2' returned '1': CMAKE_PREFIX_PATH=/opt/ros/humble ROS_DOMAIN_ID=218 /usr/bin/cmake /home/milena/ros2_ws/src/stage_ros2 -DCMAKE_INSTALL_PREFIX=/home/milena/ros2_ws/install/stage_ros2
