/home/milena/ros2_ws/install/my_py_pkg/lib/python3.10/site-packages/my_py_pkg/add_two_numbers_client.py
/home/milena/ros2_ws/install/my_py_pkg/lib/python3.10/site-packages/my_py_pkg/robot_navigator.py
/home/milena/ros2_ws/install/my_py_pkg/lib/python3.10/site-packages/my_py_pkg/subscriber.py
/home/milena/ros2_ws/install/my_py_pkg/lib/python3.10/site-packages/my_py_pkg/trabalho.py
/home/milena/ros2_ws/install/my_py_pkg/lib/python3.10/site-packages/my_py_pkg/publisher_1.py
/home/milena/ros2_ws/install/my_py_pkg/lib/python3.10/site-packages/my_py_pkg/add_two_numbers.py
/home/milena/ros2_ws/install/my_py_pkg/lib/python3.10/site-packages/my_py_pkg/robot_navigator_waypoints.py
/home/milena/ros2_ws/install/my_py_pkg/lib/python3.10/site-packages/my_py_pkg/robot_navigator3.py
/home/milena/ros2_ws/install/my_py_pkg/lib/python3.10/site-packages/my_py_pkg/my_first_node.py
/home/milena/ros2_ws/install/my_py_pkg/lib/python3.10/site-packages/my_py_pkg/number_publisher.py
/home/milena/ros2_ws/install/my_py_pkg/lib/python3.10/site-packages/my_py_pkg/publisher.py
/home/milena/ros2_ws/install/my_py_pkg/lib/python3.10/site-packages/my_py_pkg/robot_navigator_completo.py
/home/milena/ros2_ws/install/my_py_pkg/lib/python3.10/site-packages/my_py_pkg/__init__.py
/home/milena/ros2_ws/install/my_py_pkg/lib/python3.10/site-packages/my_py_pkg/robot_navigator2.py
/home/milena/ros2_ws/install/my_py_pkg/lib/python3.10/site-packages/my_py_pkg/robot_navigator_VFH.py
/home/milena/ros2_ws/install/my_py_pkg/lib/python3.10/site-packages/my_py_pkg/__pycache__/add_two_numbers_client.cpython-310.pyc
/home/milena/ros2_ws/install/my_py_pkg/lib/python3.10/site-packages/my_py_pkg/__pycache__/robot_navigator.cpython-310.pyc
/home/milena/ros2_ws/install/my_py_pkg/lib/python3.10/site-packages/my_py_pkg/__pycache__/subscriber.cpython-310.pyc
/home/milena/ros2_ws/install/my_py_pkg/lib/python3.10/site-packages/my_py_pkg/__pycache__/trabalho.cpython-310.pyc
/home/milena/ros2_ws/install/my_py_pkg/lib/python3.10/site-packages/my_py_pkg/__pycache__/publisher_1.cpython-310.pyc
/home/milena/ros2_ws/install/my_py_pkg/lib/python3.10/site-packages/my_py_pkg/__pycache__/add_two_numbers.cpython-310.pyc
/home/milena/ros2_ws/install/my_py_pkg/lib/python3.10/site-packages/my_py_pkg/__pycache__/robot_navigator_waypoints.cpython-310.pyc
/home/milena/ros2_ws/install/my_py_pkg/lib/python3.10/site-packages/my_py_pkg/__pycache__/robot_navigator3.cpython-310.pyc
/home/milena/ros2_ws/install/my_py_pkg/lib/python3.10/site-packages/my_py_pkg/__pycache__/my_first_node.cpython-310.pyc
/home/milena/ros2_ws/install/my_py_pkg/lib/python3.10/site-packages/my_py_pkg/__pycache__/number_publisher.cpython-310.pyc
/home/milena/ros2_ws/install/my_py_pkg/lib/python3.10/site-packages/my_py_pkg/__pycache__/publisher.cpython-310.pyc
/home/milena/ros2_ws/install/my_py_pkg/lib/python3.10/site-packages/my_py_pkg/__pycache__/robot_navigator_completo.cpython-310.pyc
/home/milena/ros2_ws/install/my_py_pkg/lib/python3.10/site-packages/my_py_pkg/__pycache__/__init__.cpython-310.pyc
/home/milena/ros2_ws/install/my_py_pkg/lib/python3.10/site-packages/my_py_pkg/__pycache__/robot_navigator2.cpython-310.pyc
/home/milena/ros2_ws/install/my_py_pkg/lib/python3.10/site-packages/my_py_pkg/__pycache__/robot_navigator_VFH.cpython-310.pyc
/home/milena/ros2_ws/install/my_py_pkg/share/ament_index/resource_index/packages/my_py_pkg
/home/milena/ros2_ws/install/my_py_pkg/share/my_py_pkg/package.xml
/home/milena/ros2_ws/install/my_py_pkg/lib/python3.10/site-packages/my_py_pkg-0.0.0-py3.10.egg-info/top_level.txt
/home/milena/ros2_ws/install/my_py_pkg/lib/python3.10/site-packages/my_py_pkg-0.0.0-py3.10.egg-info/PKG-INFO
/home/milena/ros2_ws/install/my_py_pkg/lib/python3.10/site-packages/my_py_pkg-0.0.0-py3.10.egg-info/entry_points.txt
/home/milena/ros2_ws/install/my_py_pkg/lib/python3.10/site-packages/my_py_pkg-0.0.0-py3.10.egg-info/SOURCES.txt
/home/milena/ros2_ws/install/my_py_pkg/lib/python3.10/site-packages/my_py_pkg-0.0.0-py3.10.egg-info/requires.txt
/home/milena/ros2_ws/install/my_py_pkg/lib/python3.10/site-packages/my_py_pkg-0.0.0-py3.10.egg-info/zip-safe
/home/milena/ros2_ws/install/my_py_pkg/lib/python3.10/site-packages/my_py_pkg-0.0.0-py3.10.egg-info/dependency_links.txt
/home/milena/ros2_ws/install/my_py_pkg/lib/my_py_pkg/add_two_ints
/home/milena/ros2_ws/install/my_py_pkg/lib/my_py_pkg/add_two_ints_client
/home/milena/ros2_ws/install/my_py_pkg/lib/my_py_pkg/number_publisher
/home/milena/ros2_ws/install/my_py_pkg/lib/my_py_pkg/publisher
/home/milena/ros2_ws/install/my_py_pkg/lib/my_py_pkg/publisher_1
/home/milena/ros2_ws/install/my_py_pkg/lib/my_py_pkg/py_node
/home/milena/ros2_ws/install/my_py_pkg/lib/my_py_pkg/robot_navigator
/home/milena/ros2_ws/install/my_py_pkg/lib/my_py_pkg/robot_navigator2
/home/milena/ros2_ws/install/my_py_pkg/lib/my_py_pkg/robot_navigator3
/home/milena/ros2_ws/install/my_py_pkg/lib/my_py_pkg/robot_navigator_VFH
/home/milena/ros2_ws/install/my_py_pkg/lib/my_py_pkg/robot_navigator_completo
/home/milena/ros2_ws/install/my_py_pkg/lib/my_py_pkg/robot_navigator_waypoints
/home/milena/ros2_ws/install/my_py_pkg/lib/my_py_pkg/subscriber
/home/milena/ros2_ws/install/my_py_pkg/lib/my_py_pkg/trabalho
