[0.182s] DEBUG:colcon:Command line arguments: ['/usr/bin/colcon', 'build', '--packages-select', 'stage']
[0.182s] DEBUG:colcon:Parsed command line arguments: Namespace(log_base=None, log_level=None, verb_name='build', build_base='build', install_base='install', merge_install=False, symlink_install=False, test_result_base=None, continue_on_error=False, executor='parallel', parallel_workers=12, event_handlers=None, ignore_user_meta=False, metas=['./colcon.meta'], base_paths=['.'], packages_ignore=None, packages_ignore_regex=None, paths=None, packages_up_to=None, packages_up_to_regex=None, packages_above=None, packages_above_and_dependencies=None, packages_above_depth=None, packages_select_by_dep=None, packages_skip_by_dep=None, packages_skip_up_to=None, packages_select_build_failed=False, packages_skip_build_finished=False, packages_select_test_failures=False, packages_skip_test_passed=False, packages_select=['stage'], packages_skip=None, packages_select_regex=None, packages_skip_regex=None, packages_start=None, packages_end=None, allow_overriding=[], bazel_args=None, bazel_task=None, cargo_args=None, clean_build=False, cmake_args=None, cmake_target=None, cmake_target_skip_unavailable=False, cmake_clean_cache=False, cmake_clean_first=False, cmake_force_configure=False, meson_args=[], ament_cmake_args=None, catkin_cmake_args=None, catkin_skip_building_tests=False, mixin_files=None, mixin=None, verb_parser=<colcon_alias.argument_parser.alias.AliasArgumentDecorator object at 0x7effee932410>, verb_extension=<colcon_core.verb.build.BuildVerb object at 0x7effeeabaad0>, main=<bound method BuildVerb.main of <colcon_core.verb.build.BuildVerb object at 0x7effeeabaad0>>, mixin_verb=('build',))
[0.291s] Level 1:colcon.colcon_core.package_discovery:discover_packages(colcon_meta) check parameters
[0.291s] Level 1:colcon.colcon_core.package_discovery:discover_packages(recursive) check parameters
[0.291s] Level 1:colcon.colcon_core.package_discovery:discover_packages(ignore) check parameters
[0.291s] Level 1:colcon.colcon_core.package_discovery:discover_packages(path) check parameters
[0.291s] Level 1:colcon.colcon_core.package_discovery:discover_packages(cargo_workspace) check parameters
[0.291s] Level 1:colcon.colcon_core.package_discovery:discover_packages(colcon_meta) discover
[0.291s] Level 1:colcon.colcon_core.package_discovery:discover_packages(recursive) discover
[0.291s] INFO:colcon.colcon_core.package_discovery:Crawling recursively for packages in '/home/milena/ros2_ws'
[0.291s] Level 1:colcon.colcon_core.package_identification:_identify(.) by extensions ['ignore', 'ignore_ament_install']
[0.291s] Level 1:colcon.colcon_core.package_identification:_identify(.) by extension 'ignore'
[0.291s] Level 1:colcon.colcon_core.package_identification:_identify(.) by extension 'ignore_ament_install'
[0.291s] Level 1:colcon.colcon_core.package_identification:_identify(.) by extensions ['cargo_workspace']
[0.291s] Level 1:colcon.colcon_core.package_identification:_identify(.) by extension 'cargo_workspace'
[0.291s] Level 1:colcon.colcon_core.package_identification:_identify(.) by extensions ['colcon_pkg']
[0.291s] Level 1:colcon.colcon_core.package_identification:_identify(.) by extension 'colcon_pkg'
[0.291s] Level 1:colcon.colcon_core.package_identification:_identify(.) by extensions ['colcon_meta']
[0.291s] Level 1:colcon.colcon_core.package_identification:_identify(.) by extension 'colcon_meta'
[0.291s] Level 1:colcon.colcon_core.package_identification:_identify(.) by extensions ['ros']
[0.291s] Level 1:colcon.colcon_core.package_identification:_identify(.) by extension 'ros'
[0.293s] Level 1:colcon.colcon_core.package_identification:_identify(.) by extensions ['bazel', 'cargo', 'cmake', 'meson', 'python']
[0.293s] Level 1:colcon.colcon_core.package_identification:_identify(.) by extension 'bazel'
[0.293s] Level 1:colcon.colcon_core.package_identification:_identify(.) by extension 'cargo'
[0.293s] Level 1:colcon.colcon_core.package_identification:_identify(.) by extension 'cmake'
[0.293s] Level 1:colcon.colcon_core.package_identification:_identify(.) by extension 'meson'
[0.294s] Level 1:colcon.colcon_core.package_identification:_identify(.) by extension 'python'
[0.294s] Level 1:colcon.colcon_core.package_identification:_identify(.) by extensions ['python_setup_py']
[0.294s] Level 1:colcon.colcon_core.package_identification:_identify(.) by extension 'python_setup_py'
[0.294s] Level 1:colcon.colcon_core.package_identification:_identify(build) by extensions ['ignore', 'ignore_ament_install']
[0.294s] Level 1:colcon.colcon_core.package_identification:_identify(build) by extension 'ignore'
[0.294s] Level 1:colcon.colcon_core.package_identification:_identify(build) ignored
[0.294s] Level 1:colcon.colcon_core.package_identification:_identify(install) by extensions ['ignore', 'ignore_ament_install']
[0.295s] Level 1:colcon.colcon_core.package_identification:_identify(install) by extension 'ignore'
[0.295s] Level 1:colcon.colcon_core.package_identification:_identify(install) ignored
[0.295s] Level 1:colcon.colcon_core.package_identification:_identify(log) by extensions ['ignore', 'ignore_ament_install']
[0.295s] Level 1:colcon.colcon_core.package_identification:_identify(log) by extension 'ignore'
[0.295s] Level 1:colcon.colcon_core.package_identification:_identify(log) ignored
[0.295s] Level 1:colcon.colcon_core.package_identification:_identify(src) by extensions ['ignore', 'ignore_ament_install']
[0.295s] Level 1:colcon.colcon_core.package_identification:_identify(src) by extension 'ignore'
[0.295s] Level 1:colcon.colcon_core.package_identification:_identify(src) by extension 'ignore_ament_install'
[0.295s] Level 1:colcon.colcon_core.package_identification:_identify(src) by extensions ['cargo_workspace']
[0.295s] Level 1:colcon.colcon_core.package_identification:_identify(src) by extension 'cargo_workspace'
[0.295s] Level 1:colcon.colcon_core.package_identification:_identify(src) by extensions ['colcon_pkg']
[0.295s] Level 1:colcon.colcon_core.package_identification:_identify(src) by extension 'colcon_pkg'
[0.295s] Level 1:colcon.colcon_core.package_identification:_identify(src) by extensions ['colcon_meta']
[0.295s] Level 1:colcon.colcon_core.package_identification:_identify(src) by extension 'colcon_meta'
[0.295s] Level 1:colcon.colcon_core.package_identification:_identify(src) by extensions ['ros']
[0.295s] Level 1:colcon.colcon_core.package_identification:_identify(src) by extension 'ros'
[0.295s] Level 1:colcon.colcon_core.package_identification:_identify(src) by extensions ['bazel', 'cargo', 'cmake', 'meson', 'python']
[0.295s] Level 1:colcon.colcon_core.package_identification:_identify(src) by extension 'bazel'
[0.295s] Level 1:colcon.colcon_core.package_identification:_identify(src) by extension 'cargo'
[0.295s] Level 1:colcon.colcon_core.package_identification:_identify(src) by extension 'cmake'
[0.295s] Level 1:colcon.colcon_core.package_identification:_identify(src) by extension 'meson'
[0.296s] Level 1:colcon.colcon_core.package_identification:_identify(src) by extension 'python'
[0.296s] Level 1:colcon.colcon_core.package_identification:_identify(src) by extensions ['python_setup_py']
[0.296s] Level 1:colcon.colcon_core.package_identification:_identify(src) by extension 'python_setup_py'
[0.296s] Level 1:colcon.colcon_core.package_identification:_identify(src/Stage) by extensions ['ignore', 'ignore_ament_install']
[0.296s] Level 1:colcon.colcon_core.package_identification:_identify(src/Stage) by extension 'ignore'
[0.296s] Level 1:colcon.colcon_core.package_identification:_identify(src/Stage) by extension 'ignore_ament_install'
[0.296s] Level 1:colcon.colcon_core.package_identification:_identify(src/Stage) by extensions ['cargo_workspace']
[0.296s] Level 1:colcon.colcon_core.package_identification:_identify(src/Stage) by extension 'cargo_workspace'
[0.296s] Level 1:colcon.colcon_core.package_identification:_identify(src/Stage) by extensions ['colcon_pkg']
[0.296s] Level 1:colcon.colcon_core.package_identification:_identify(src/Stage) by extension 'colcon_pkg'
[0.296s] Level 1:colcon.colcon_core.package_identification:_identify(src/Stage) by extensions ['colcon_meta']
[0.296s] Level 1:colcon.colcon_core.package_identification:_identify(src/Stage) by extension 'colcon_meta'
[0.296s] Level 1:colcon.colcon_core.package_identification:_identify(src/Stage) by extensions ['ros']
[0.296s] Level 1:colcon.colcon_core.package_identification:_identify(src/Stage) by extension 'ros'
[0.298s] DEBUG:colcon.colcon_core.package_identification:Package 'src/Stage' with type 'ros.catkin' and name 'stage'
[0.298s] Level 1:colcon.colcon_core.package_identification:_identify(src/my_py_pkg) by extensions ['ignore', 'ignore_ament_install']
[0.298s] Level 1:colcon.colcon_core.package_identification:_identify(src/my_py_pkg) by extension 'ignore'
[0.298s] Level 1:colcon.colcon_core.package_identification:_identify(src/my_py_pkg) by extension 'ignore_ament_install'
[0.298s] Level 1:colcon.colcon_core.package_identification:_identify(src/my_py_pkg) by extensions ['cargo_workspace']
[0.298s] Level 1:colcon.colcon_core.package_identification:_identify(src/my_py_pkg) by extension 'cargo_workspace'
[0.298s] Level 1:colcon.colcon_core.package_identification:_identify(src/my_py_pkg) by extensions ['colcon_pkg']
[0.298s] Level 1:colcon.colcon_core.package_identification:_identify(src/my_py_pkg) by extension 'colcon_pkg'
[0.298s] Level 1:colcon.colcon_core.package_identification:_identify(src/my_py_pkg) by extensions ['colcon_meta']
[0.298s] Level 1:colcon.colcon_core.package_identification:_identify(src/my_py_pkg) by extension 'colcon_meta'
[0.298s] Level 1:colcon.colcon_core.package_identification:_identify(src/my_py_pkg) by extensions ['ros']
[0.298s] Level 1:colcon.colcon_core.package_identification:_identify(src/my_py_pkg) by extension 'ros'
[0.298s] DEBUG:colcon.colcon_core.package_identification:Package 'src/my_py_pkg' with type 'ros.ament_python' and name 'my_py_pkg'
[0.299s] Level 1:colcon.colcon_core.package_identification:_identify(src/stage_ros2) by extensions ['ignore', 'ignore_ament_install']
[0.299s] Level 1:colcon.colcon_core.package_identification:_identify(src/stage_ros2) by extension 'ignore'
[0.299s] Level 1:colcon.colcon_core.package_identification:_identify(src/stage_ros2) by extension 'ignore_ament_install'
[0.299s] Level 1:colcon.colcon_core.package_identification:_identify(src/stage_ros2) by extensions ['cargo_workspace']
[0.299s] Level 1:colcon.colcon_core.package_identification:_identify(src/stage_ros2) by extension 'cargo_workspace'
[0.299s] Level 1:colcon.colcon_core.package_identification:_identify(src/stage_ros2) by extensions ['colcon_pkg']
[0.299s] Level 1:colcon.colcon_core.package_identification:_identify(src/stage_ros2) by extension 'colcon_pkg'
[0.299s] Level 1:colcon.colcon_core.package_identification:_identify(src/stage_ros2) by extensions ['colcon_meta']
[0.299s] Level 1:colcon.colcon_core.package_identification:_identify(src/stage_ros2) by extension 'colcon_meta'
[0.299s] Level 1:colcon.colcon_core.package_identification:_identify(src/stage_ros2) by extensions ['ros']
[0.299s] Level 1:colcon.colcon_core.package_identification:_identify(src/stage_ros2) by extension 'ros'
[0.299s] DEBUG:colcon.colcon_core.package_identification:Package 'src/stage_ros2' with type 'ros.ament_cmake' and name 'stage_ros2'
[0.299s] Level 1:colcon.colcon_core.package_discovery:discover_packages(recursive) using defaults
[0.299s] Level 1:colcon.colcon_core.package_discovery:discover_packages(ignore) discover
[0.299s] Level 1:colcon.colcon_core.package_discovery:discover_packages(ignore) using defaults
[0.299s] Level 1:colcon.colcon_core.package_discovery:discover_packages(path) discover
[0.299s] Level 1:colcon.colcon_core.package_discovery:discover_packages(path) using defaults
[0.299s] Level 1:colcon.colcon_core.package_discovery:discover_packages(cargo_workspace) discover
[0.299s] Level 1:colcon.colcon_core.package_discovery:discover_packages(cargo_workspace) using defaults
[0.311s] INFO:colcon.colcon_core.package_selection:Skipping not selected package 'my_py_pkg' in 'src/my_py_pkg'
[0.311s] INFO:colcon.colcon_core.package_selection:Skipping not selected package 'stage_ros2' in 'src/stage_ros2'
[0.311s] Level 1:colcon.colcon_core.package_discovery:discover_packages(prefix_path) check parameters
[0.311s] Level 1:colcon.colcon_core.package_discovery:discover_packages(prefix_path) discover
[0.312s] DEBUG:colcon.colcon_installed_package_information.package_discovery:Found 273 installed packages in /opt/ros/humble
[0.313s] Level 1:colcon.colcon_core.package_discovery:discover_packages(prefix_path) using defaults
[0.340s] Level 5:colcon.colcon_core.verb:set package 'stage' build argument 'bazel_args' from command line to 'None'
[0.340s] Level 5:colcon.colcon_core.verb:set package 'stage' build argument 'bazel_task' from command line to 'None'
[0.340s] Level 5:colcon.colcon_core.verb:set package 'stage' build argument 'cargo_args' from command line to 'None'
[0.340s] Level 5:colcon.colcon_core.verb:set package 'stage' build argument 'clean_build' from command line to 'False'
[0.340s] Level 5:colcon.colcon_core.verb:set package 'stage' build argument 'cmake_args' from command line to 'None'
[0.340s] Level 5:colcon.colcon_core.verb:set package 'stage' build argument 'cmake_target' from command line to 'None'
[0.340s] Level 5:colcon.colcon_core.verb:set package 'stage' build argument 'cmake_target_skip_unavailable' from command line to 'False'
[0.340s] Level 5:colcon.colcon_core.verb:set package 'stage' build argument 'cmake_clean_cache' from command line to 'False'
[0.340s] Level 5:colcon.colcon_core.verb:set package 'stage' build argument 'cmake_clean_first' from command line to 'False'
[0.340s] Level 5:colcon.colcon_core.verb:set package 'stage' build argument 'cmake_force_configure' from command line to 'False'
[0.340s] Level 5:colcon.colcon_core.verb:set package 'stage' build argument 'meson_args' from command line to '[]'
[0.340s] Level 5:colcon.colcon_core.verb:set package 'stage' build argument 'ament_cmake_args' from command line to 'None'
[0.340s] Level 5:colcon.colcon_core.verb:set package 'stage' build argument 'catkin_cmake_args' from command line to 'None'
[0.340s] Level 5:colcon.colcon_core.verb:set package 'stage' build argument 'catkin_skip_building_tests' from command line to 'False'
[0.340s] DEBUG:colcon.colcon_core.verb:Building package 'stage' with the following arguments: {'ament_cmake_args': None, 'bazel_args': None, 'bazel_task': None, 'build_base': '/home/milena/ros2_ws/build/stage', 'cargo_args': None, 'catkin_cmake_args': None, 'catkin_skip_building_tests': False, 'clean_build': False, 'cmake_args': None, 'cmake_clean_cache': False, 'cmake_clean_first': False, 'cmake_force_configure': False, 'cmake_target': None, 'cmake_target_skip_unavailable': False, 'install_base': '/home/milena/ros2_ws/install/stage', 'merge_install': False, 'meson_args': [], 'path': '/home/milena/ros2_ws/src/Stage', 'symlink_install': False, 'test_result_base': None}
[0.340s] INFO:colcon.colcon_core.executor:Executing jobs using 'parallel' executor
[0.341s] DEBUG:colcon.colcon_parallel_executor.executor.parallel:run_until_complete
[0.341s] INFO:colcon.colcon_ros.task.catkin.build:Building ROS package in '/home/milena/ros2_ws/src/Stage' with build type 'catkin'
[0.341s] INFO:colcon.colcon_cmake.task.cmake.build:Building CMake package in '/home/milena/ros2_ws/src/Stage'
[0.343s] INFO:colcon.colcon_core.plugin_system:Skipping extension 'colcon_core.shell.bat': Not used on non-Windows systems
[0.343s] DEBUG:colcon.colcon_ros_domain_id_coordinator.shell.ros_domain_id:Allocated ROS_DOMAIN_ID=28 for '/home/milena/ros2_ws/build/stage'
[0.343s] INFO:colcon.colcon_core.shell:Skip shell extension 'ros_domain_id' for command environment: 
[0.343s] INFO:colcon.colcon_core.shell:Skip shell extension 'powershell' for command environment: Not usable outside of PowerShell
[0.343s] DEBUG:colcon.colcon_core.shell:Skip shell extension 'dsv' for command environment
[0.351s] DEBUG:colcon.colcon_core.event_handler.log_command:Invoking command in '/home/milena/ros2_ws/build/stage': /usr/bin/cmake /home/milena/ros2_ws/src/Stage -DCATKIN_INSTALL_INTO_PREFIX_ROOT=0 -DCMAKE_INSTALL_PREFIX=/home/milena/ros2_ws/install/stage
[0.467s] DEBUG:colcon.colcon_core.event_handler.log_command:Invoked command in '/home/milena/ros2_ws/build/stage' returned '0': /usr/bin/cmake /home/milena/ros2_ws/src/Stage -DCATKIN_INSTALL_INTO_PREFIX_ROOT=0 -DCMAKE_INSTALL_PREFIX=/home/milena/ros2_ws/install/stage
[0.469s] DEBUG:colcon.colcon_core.event_handler.log_command:Invoking command in '/home/milena/ros2_ws/build/stage': /usr/bin/cmake --build /home/milena/ros2_ws/build/stage -- -j12 -l12
[0.584s] DEBUG:colcon.colcon_core.event_handler.log_command:Invoked command in '/home/milena/ros2_ws/build/stage' returned '0': /usr/bin/cmake --build /home/milena/ros2_ws/build/stage -- -j12 -l12
[0.595s] DEBUG:colcon.colcon_core.event_handler.log_command:Invoking command in '/home/milena/ros2_ws/build/stage': /usr/bin/cmake --install /home/milena/ros2_ws/build/stage
[0.614s] DEBUG:colcon.colcon_core.event_handler.log_command:Invoked command in '/home/milena/ros2_ws/build/stage' returned '0': /usr/bin/cmake --install /home/milena/ros2_ws/build/stage
[0.614s] Level 1:colcon.colcon_core.shell:create_environment_hook('stage', 'ros_package_path')
[0.615s] INFO:colcon.colcon_core.shell:Creating environment hook '/home/milena/ros2_ws/install/stage/share/stage/hook/ros_package_path.ps1'
[0.615s] INFO:colcon.colcon_core.shell:Creating environment descriptor '/home/milena/ros2_ws/install/stage/share/stage/hook/ros_package_path.dsv'
[0.615s] INFO:colcon.colcon_core.shell:Creating environment hook '/home/milena/ros2_ws/install/stage/share/stage/hook/ros_package_path.sh'
[0.616s] Level 1:colcon.colcon_core.shell:create_environment_hook('stage', 'pkg_config_path')
[0.616s] INFO:colcon.colcon_core.shell:Creating environment hook '/home/milena/ros2_ws/install/stage/share/stage/hook/pkg_config_path.ps1'
[0.616s] INFO:colcon.colcon_core.shell:Creating environment descriptor '/home/milena/ros2_ws/install/stage/share/stage/hook/pkg_config_path.dsv'
[0.616s] INFO:colcon.colcon_core.shell:Creating environment hook '/home/milena/ros2_ws/install/stage/share/stage/hook/pkg_config_path.sh'
[0.618s] Level 1:colcon.colcon_core.shell:create_environment_hook('stage', 'pkg_config_path_multiarch')
[0.619s] INFO:colcon.colcon_core.shell:Creating environment hook '/home/milena/ros2_ws/install/stage/share/stage/hook/pkg_config_path_multiarch.ps1'
[0.619s] INFO:colcon.colcon_core.shell:Creating environment descriptor '/home/milena/ros2_ws/install/stage/share/stage/hook/pkg_config_path_multiarch.dsv'
[0.620s] INFO:colcon.colcon_core.shell:Creating environment hook '/home/milena/ros2_ws/install/stage/share/stage/hook/pkg_config_path_multiarch.sh'
[0.621s] Level 1:colcon.colcon_core.environment:create_environment_scripts_only(stage)
[0.623s] Level 1:colcon.colcon_core.environment:checking '/home/milena/ros2_ws/install/stage' for CMake module files
[0.623s] Level 1:colcon.colcon_core.environment:checking '/home/milena/ros2_ws/install/stage' for CMake config files
[0.624s] Level 1:colcon.colcon_core.shell:create_environment_hook('stage', 'cmake_prefix_path')
[0.624s] INFO:colcon.colcon_core.shell:Creating environment hook '/home/milena/ros2_ws/install/stage/share/stage/hook/cmake_prefix_path.ps1'
[0.624s] INFO:colcon.colcon_core.shell:Creating environment descriptor '/home/milena/ros2_ws/install/stage/share/stage/hook/cmake_prefix_path.dsv'
[0.625s] INFO:colcon.colcon_core.shell:Creating environment hook '/home/milena/ros2_ws/install/stage/share/stage/hook/cmake_prefix_path.sh'
[0.625s] Level 1:colcon.colcon_core.environment:checking '/home/milena/ros2_ws/install/stage/lib'
[0.625s] Level 1:colcon.colcon_core.shell:create_environment_hook('stage', 'ld_library_path_lib')
[0.626s] INFO:colcon.colcon_core.shell:Creating environment hook '/home/milena/ros2_ws/install/stage/share/stage/hook/ld_library_path_lib.ps1'
[0.626s] INFO:colcon.colcon_core.shell:Creating environment descriptor '/home/milena/ros2_ws/install/stage/share/stage/hook/ld_library_path_lib.dsv'
[0.626s] INFO:colcon.colcon_core.shell:Creating environment hook '/home/milena/ros2_ws/install/stage/share/stage/hook/ld_library_path_lib.sh'
[0.627s] Level 1:colcon.colcon_core.environment:checking '/home/milena/ros2_ws/install/stage/bin'
[0.627s] Level 1:colcon.colcon_core.shell:create_environment_hook('stage', 'path')
[0.627s] INFO:colcon.colcon_core.shell:Creating environment hook '/home/milena/ros2_ws/install/stage/share/stage/hook/path.ps1'
[0.627s] INFO:colcon.colcon_core.shell:Creating environment descriptor '/home/milena/ros2_ws/install/stage/share/stage/hook/path.dsv'
[0.628s] INFO:colcon.colcon_core.shell:Creating environment hook '/home/milena/ros2_ws/install/stage/share/stage/hook/path.sh'
[0.628s] Level 1:colcon.colcon_core.environment:checking '/home/milena/ros2_ws/install/stage/lib/pkgconfig/stage.pc'
[0.628s] Level 1:colcon.colcon_core.shell:create_environment_hook('stage', 'pkg_config')
[0.628s] INFO:colcon.colcon_core.shell:Creating environment hook '/home/milena/ros2_ws/install/stage/share/stage/hook/pkg_config.ps1'
[0.629s] INFO:colcon.colcon_core.shell:Creating environment descriptor '/home/milena/ros2_ws/install/stage/share/stage/hook/pkg_config.dsv'
[0.629s] INFO:colcon.colcon_core.shell:Creating environment hook '/home/milena/ros2_ws/install/stage/share/stage/hook/pkg_config.sh'
[0.629s] Level 1:colcon.colcon_core.environment:checking '/home/milena/ros2_ws/install/stage/lib/python3.10/site-packages'
[0.630s] Level 1:colcon.colcon_core.environment:checking '/home/milena/ros2_ws/install/stage/bin'
[0.630s] Level 1:colcon.colcon_core.shell:create_environment_hook('stage', 'pythonscriptspath')
[0.630s] INFO:colcon.colcon_core.shell:Creating environment hook '/home/milena/ros2_ws/install/stage/share/stage/hook/pythonscriptspath.ps1'
[0.630s] INFO:colcon.colcon_core.shell:Creating environment descriptor '/home/milena/ros2_ws/install/stage/share/stage/hook/pythonscriptspath.dsv'
[0.631s] INFO:colcon.colcon_core.shell:Creating environment hook '/home/milena/ros2_ws/install/stage/share/stage/hook/pythonscriptspath.sh'
[0.631s] INFO:colcon.colcon_core.shell:Creating package script '/home/milena/ros2_ws/install/stage/share/stage/package.ps1'
[0.632s] INFO:colcon.colcon_core.shell:Creating package descriptor '/home/milena/ros2_ws/install/stage/share/stage/package.dsv'
[0.633s] INFO:colcon.colcon_core.shell:Creating package script '/home/milena/ros2_ws/install/stage/share/stage/package.sh'
[0.633s] INFO:colcon.colcon_core.shell:Creating package script '/home/milena/ros2_ws/install/stage/share/stage/package.bash'
[0.634s] INFO:colcon.colcon_core.shell:Creating package script '/home/milena/ros2_ws/install/stage/share/stage/package.zsh'
[0.634s] Level 1:colcon.colcon_core.environment:create_file_with_runtime_dependencies(/home/milena/ros2_ws/install/stage/share/colcon-core/packages/stage)
[0.634s] DEBUG:colcon.colcon_parallel_executor.executor.parallel:closing loop
[0.634s] DEBUG:colcon.colcon_ros_domain_id_coordinator.shell.ros_domain_id:Released ROS_DOMAIN_ID=28 for '/home/milena/ros2_ws/build/stage'
[0.634s] DEBUG:colcon.colcon_parallel_executor.executor.parallel:loop closed
[0.635s] DEBUG:colcon.colcon_parallel_executor.executor.parallel:run_until_complete finished with '0'
[0.635s] DEBUG:colcon.colcon_core.event_reactor:joining thread
[0.638s] INFO:colcon.colcon_core.plugin_system:Skipping extension 'colcon_notification.desktop_notification.terminal_notifier': Not used on non-Darwin systems
[0.638s] INFO:colcon.colcon_core.plugin_system:Skipping extension 'colcon_notification.desktop_notification.win32': Not used on non-Windows systems
[0.638s] INFO:colcon.colcon_notification.desktop_notification:Sending desktop notification using 'notify2'
[0.647s] DEBUG:colcon.colcon_core.event_reactor:joined thread
[0.647s] INFO:colcon.colcon_core.shell:Creating prefix script '/home/milena/ros2_ws/install/local_setup.ps1'
[0.648s] INFO:colcon.colcon_core.shell:Creating prefix util module '/home/milena/ros2_ws/install/_local_setup_util_ps1.py'
[0.648s] INFO:colcon.colcon_core.shell:Creating prefix chain script '/home/milena/ros2_ws/install/setup.ps1'
[0.649s] INFO:colcon.colcon_core.shell:Creating prefix script '/home/milena/ros2_ws/install/local_setup.sh'
[0.650s] INFO:colcon.colcon_core.shell:Creating prefix util module '/home/milena/ros2_ws/install/_local_setup_util_sh.py'
[0.650s] INFO:colcon.colcon_core.shell:Creating prefix chain script '/home/milena/ros2_ws/install/setup.sh'
[0.651s] INFO:colcon.colcon_core.shell:Creating prefix script '/home/milena/ros2_ws/install/local_setup.bash'
[0.651s] INFO:colcon.colcon_core.shell:Creating prefix chain script '/home/milena/ros2_ws/install/setup.bash'
[0.651s] INFO:colcon.colcon_core.shell:Creating prefix script '/home/milena/ros2_ws/install/local_setup.zsh'
[0.652s] INFO:colcon.colcon_core.shell:Creating prefix chain script '/home/milena/ros2_ws/install/setup.zsh'
[0.652s] INFO:colcon.colcon_core.shell:Creating '/home/milena/ros2_ws/install/spawn_shell.bash'
