[0.177s] Invoking command in '/home/milena/ros2_ws/build/stage': ROS_DOMAIN_ID=7 /usr/bin/cmake /home/milena/ros2_ws/src/Stage -DCATKIN_INSTALL_INTO_PREFIX_ROOT=0 -DCMAKE_INSTALL_PREFIX=/home/milena/ros2_ws/install/stage
[0.299s] -- The C compiler identification is GNU 11.4.0
[0.372s] -- The CXX compiler identification is GNU 11.4.0
[0.378s] -- Detecting C compiler ABI info
[0.449s] -- Detecting C compiler ABI info - done
[0.454s] -- Check for working C compiler: /usr/bin/cc - skipped
[0.455s] -- Detecting C compile features
[0.455s] -- Detecting C compile features - done
[0.458s] -- Detecting CXX compiler ABI info
[0.526s] -- Detecting CXX compiler ABI info - done
[0.531s] -- Check for working CXX compiler: /usr/bin/c++ - skipped
[0.531s] -- Detecting CXX compile features
[0.531s] -- Detecting CXX compile features - done
[0.532s] -- Stage version 4.3.0
[0.532s] -- Operating system is Linux
[0.532s] -- Installing Libraries to /home/milena/ros2_ws/install/stage/lib
[0.532s] -- Installing Plugins to /home/milena/ros2_ws/install/stage/lib/Stage-4.3
[0.532s] -- Build type RELEASE
[0.532s] -- Checking for libtool
[0.538s] -- Checking for required libraries...
[0.584s] -- Found JPEG: /usr/lib/x86_64-linux-gnu/libjpeg.so (found version "80") 
[0.590s] -- Found ZLIB: /usr/lib/x86_64-linux-gnu/libz.so (found version "1.2.11") 
[0.600s] -- Found PNG: /usr/lib/x86_64-linux-gnu/libpng.so (found version "1.6.37") 
[0.603s] -- Found OpenGL: /usr/lib/x86_64-linux-gnu/libOpenGL.so   
[0.678s] -- Found X11: /usr/include   
[0.679s] -- Looking for XOpenDisplay in /usr/lib/x86_64-linux-gnu/libX11.so;/usr/lib/x86_64-linux-gnu/libXext.so
[0.741s] -- Looking for XOpenDisplay in /usr/lib/x86_64-linux-gnu/libX11.so;/usr/lib/x86_64-linux-gnu/libXext.so - found
[0.742s] -- Looking for gethostbyname
[0.800s] -- Looking for gethostbyname - found
[0.801s] -- Looking for connect
[0.862s] -- Looking for connect - found
[0.862s] -- Looking for remove
[0.931s] -- Looking for remove - found
[0.931s] -- Looking for shmat
[1.009s] -- Looking for shmat - found
[1.009s] -- Looking for IceConnectionNumber in ICE
[1.091s] -- Looking for IceConnectionNumber in ICE - found
[1.094s] -- Found FLTK: fltk_images;fltk_forms;fltk_gl;fltk  
[1.097s] -- Checking for optional libraries...
[1.097s] -- Installation path CMAKE_INSTALL_PREFIX=/home/milena/ros2_ws/install/stage
[1.098s] -- Configuring libstage
[1.109s] -- Found PkgConfig: /usr/bin/pkg-config (found version "0.29.2") 
[1.109s] -- Checking for one of the modules 'playercore>=2.1.0'
[1.112s] --   * Player not detected. If Player is installed but not detected, check your PKG_CONFIG_PATH.
[1.122s] -- Configuring done
[1.149s] -- Generating done
[1.150s] [33mCMake Warning:
[1.150s]   Manually-specified variables were not used by the project:
[1.150s] 
[1.150s]     CATKIN_INSTALL_INTO_PREFIX_ROOT
[1.150s] 
[1.150s] [0m
[1.154s] -- Build files have been written to: /home/milena/ros2_ws/build/stage
[1.159s] Invoked command in '/home/milena/ros2_ws/build/stage' returned '0': ROS_DOMAIN_ID=7 /usr/bin/cmake /home/milena/ros2_ws/src/Stage -DCATKIN_INSTALL_INTO_PREFIX_ROOT=0 -DCMAKE_INSTALL_PREFIX=/home/milena/ros2_ws/install/stage
[1.160s] Invoking command in '/home/milena/ros2_ws/build/stage': ROS_DOMAIN_ID=7 /usr/bin/cmake --build /home/milena/ros2_ws/build/stage -- -j12 -l12
[1.210s] [  1%] [32mBuilding CXX object libstage/CMakeFiles/stage.dir/camera.cc.o[0m
[1.210s] [  3%] [32mBuilding CXX object libstage/CMakeFiles/stage.dir/color.cc.o[0m
[1.210s] [  5%] [32mBuilding CXX object libstage/CMakeFiles/stage.dir/file_manager.cc.o[0m
[1.210s] [  6%] [32mBuilding CXX object libstage/CMakeFiles/stage.dir/logentry.cc.o[0m
[1.210s] [ 10%] [32mBuilding CXX object libstage/CMakeFiles/stage.dir/blockgroup.cc.o[0m
[1.210s] [ 10%] [32mBuilding CXX object libstage/CMakeFiles/stage.dir/model_blinkenlight.cc.o[0m
[1.211s] [ 11%] [32mBuilding CXX object libstage/CMakeFiles/stage.dir/gl.cc.o[0m
[1.211s] [ 13%] [32mBuilding CXX object libstage/CMakeFiles/stage.dir/model_actuator.cc.o[0m
[1.211s] [ 15%] [32mBuilding CXX object libstage/CMakeFiles/stage.dir/block.cc.o[0m
[1.213s] [ 16%] [32mBuilding CXX object libstage/CMakeFiles/stage.dir/model.cc.o[0m
[1.213s] [ 18%] [32mBuilding CXX object libstage/CMakeFiles/stage.dir/model_blobfinder.cc.o[0m
[1.215s] [ 20%] [32mBuilding CXX object libstage/CMakeFiles/stage.dir/model_bumper.cc.o[0m
[2.136s] [ 22%] [32mBuilding CXX object libstage/CMakeFiles/stage.dir/model_callbacks.cc.o[0m
[2.291s] [ 23%] [32mBuilding CXX object libstage/CMakeFiles/stage.dir/model_camera.cc.o[0m
[2.364s] [ 25%] [32mBuilding CXX object libstage/CMakeFiles/stage.dir/model_draw.cc.o[0m
[2.471s] [ 27%] [32mBuilding CXX object libstage/CMakeFiles/stage.dir/model_fiducial.cc.o[0m
[2.486s] [ 28%] [32mBuilding CXX object libstage/CMakeFiles/stage.dir/model_gripper.cc.o[0m
[2.579s] [ 30%] [32mBuilding CXX object libstage/CMakeFiles/stage.dir/model_lightindicator.cc.o[0m
[2.679s] [ 32%] [32mBuilding CXX object libstage/CMakeFiles/stage.dir/model_position.cc.o[0m
[2.742s] [ 33%] [32mBuilding CXX object libstage/CMakeFiles/stage.dir/model_ranger.cc.o[0m
[2.824s] [ 35%] [32mBuilding CXX object libstage/CMakeFiles/stage.dir/option.cc.o[0m
[2.884s] [ 37%] [32mBuilding CXX object libstage/CMakeFiles/stage.dir/powerpack.cc.o[0m
[2.973s] [ 38%] [32mBuilding CXX object libstage/CMakeFiles/stage.dir/region.cc.o[0m
[3.328s] [ 40%] [32mBuilding CXX object libstage/CMakeFiles/stage.dir/stage.cc.o[0m
[3.596s] [ 42%] [32mBuilding CXX object libstage/CMakeFiles/stage.dir/texture_manager.cc.o[0m
[3.696s] [ 44%] [32mBuilding CXX object libstage/CMakeFiles/stage.dir/typetable.cc.o[0m
[3.710s] [ 45%] [32mBuilding CXX object libstage/CMakeFiles/stage.dir/world.cc.o[0m
[3.836s] [ 47%] [32mBuilding CXX object libstage/CMakeFiles/stage.dir/worldfile.cc.o[0m
[3.843s] [ 49%] [32mBuilding CXX object libstage/CMakeFiles/stage.dir/canvas.cc.o[0m
[3.987s] [ 50%] [32mBuilding CXX object libstage/CMakeFiles/stage.dir/options_dlg.cc.o[0m
[4.270s] [ 52%] [32mBuilding CXX object libstage/CMakeFiles/stage.dir/vis_strip.cc.o[0m
[4.294s] [ 54%] [32mBuilding CXX object libstage/CMakeFiles/stage.dir/worldgui.cc.o[0m
[4.391s] [ 55%] [32mBuilding CXX object libstage/CMakeFiles/stage.dir/ancestor.cc.o[0m
[5.876s] [ 57%] [32m[1mLinking CXX shared library libstage.so[0m
[6.006s] [ 57%] Built target stage
[6.053s] [ 59%] [32mBuilding CXX object libstage/CMakeFiles/stagebinary.dir/main.cc.o[0m
[6.056s] [ 61%] [32mBuilding CXX object examples/ctrl/CMakeFiles/rasterize.dir/rasterize.cc.o[0m
[6.058s] [ 62%] [32mBuilding CXX object examples/ctrl/CMakeFiles/wander.dir/wander.cc.o[0m
[6.058s] [ 64%] [32mBuilding CXX object examples/ctrl/CMakeFiles/dynamic.dir/dynamic.cc.o[0m
[6.058s] [ 66%] [32mBuilding CXX object examples/ctrl/CMakeFiles/lasernoise.dir/lasernoise.cc.o[0m
[6.058s] [ 67%] [32mBuilding CXX object worlds/benchmark/CMakeFiles/expand_swarm.dir/expand_swarm.cc.o[0m
[6.059s] [ 69%] [32mBuilding CXX object examples/ctrl/CMakeFiles/source.dir/source.cc.o[0m
[6.059s] [ 71%] [32mBuilding CXX object examples/ctrl/CMakeFiles/sink.dir/sink.cc.o[0m
[6.059s] [ 72%] [32mBuilding CXX object examples/ctrl/CMakeFiles/pioneer_flocking.dir/pioneer_flocking.cc.o[0m
[6.060s] [ 74%] [32mBuilding CXX object examples/ctrl/CMakeFiles/fasr.dir/fasr.cc.o[0m
[6.070s] [ 76%] [32mBuilding CXX object examples/ctrl/CMakeFiles/fasr2.dir/fasr2.cc.o[0m
[6.071s] [ 77%] [32mBuilding CXX object worlds/benchmark/CMakeFiles/expand_pioneer.dir/expand_pioneer.cc.o[0m
[7.279s] [ 79%] [32m[1mLinking CXX shared module sink.so[0m
[7.286s] [ 81%] [32m[1mLinking CXX shared module expand_swarm.so[0m
[7.295s] [ 83%] [32m[1mLinking CXX shared module expand_pioneer.so[0m
[7.345s] [ 84%] [32m[1mLinking CXX shared module dynamic.so[0m
[7.379s] [ 86%] [32m[1mLinking CXX shared module fasr.so[0m
[7.412s] [ 86%] Built target sink
[7.425s] [ 88%] [32mBuilding CXX object examples/ctrl/CMakeFiles/fasr2.dir/astar/findpath.cpp.o[0m
[7.432s] [ 88%] Built target expand_pioneer
[7.436s] [ 88%] Built target expand_swarm
[7.454s] [ 88%] Built target dynamic
[7.506s] [ 88%] Built target fasr
[7.520s] [ 89%] [32m[1mLinking CXX shared module rasterize.so[0m
[7.520s] [ 91%] [32m[1mLinking CXX executable stage[0m
[7.604s] [ 91%] Built target rasterize
[7.616s] [ 91%] Built target stagebinary
[7.664s] [ 93%] [32m[1mLinking CXX shared module lasernoise.so[0m
[7.695s] [ 94%] [32m[1mLinking CXX shared module wander.so[0m
[7.725s] [ 96%] [32m[1mLinking CXX shared module source.so[0m
[7.742s] [ 96%] Built target lasernoise
[7.770s] [ 96%] Built target wander
[7.798s] [ 98%] [32m[1mLinking CXX shared module pioneer_flocking.so[0m
[7.821s] [ 98%] Built target source
[7.879s] [ 98%] Built target pioneer_flocking
[7.971s] [100%] [32m[1mLinking CXX shared module fasr2.so[0m
[8.054s] [100%] Built target fasr2
