[0.189s] DEBUG:colcon:Command line arguments: ['/usr/bin/colcon', 'build']
[0.189s] DEBUG:colcon:Parsed command line arguments: Namespace(log_base=None, log_level=None, verb_name='build', build_base='build', install_base='install', merge_install=False, symlink_install=False, test_result_base=None, continue_on_error=False, executor='parallel', parallel_workers=12, event_handlers=None, ignore_user_meta=False, metas=['./colcon.meta'], base_paths=['.'], packages_ignore=None, packages_ignore_regex=None, paths=None, packages_up_to=None, packages_up_to_regex=None, packages_above=None, packages_above_and_dependencies=None, packages_above_depth=None, packages_select_by_dep=None, packages_skip_by_dep=None, packages_skip_up_to=None, packages_select_build_failed=False, packages_skip_build_finished=False, packages_select_test_failures=False, packages_skip_test_passed=False, packages_select=None, packages_skip=None, packages_select_regex=None, packages_skip_regex=None, packages_start=None, packages_end=None, allow_overriding=[], bazel_args=None, bazel_task=None, cargo_args=None, clean_build=False, cmake_args=None, cmake_target=None, cmake_target_skip_unavailable=False, cmake_clean_cache=False, cmake_clean_first=False, cmake_force_configure=False, meson_args=[], ament_cmake_args=None, catkin_cmake_args=None, catkin_skip_building_tests=False, mixin_files=None, mixin=None, verb_parser=<colcon_alias.argument_parser.alias.AliasArgumentDecorator object at 0x72e997c368c0>, verb_extension=<colcon_core.verb.build.BuildVerb object at 0x72e997da8490>, main=<bound method BuildVerb.main of <colcon_core.verb.build.BuildVerb object at 0x72e997da8490>>, mixin_verb=('build',))
[0.302s] Level 1:colcon.colcon_core.package_discovery:discover_packages(colcon_meta) check parameters
[0.302s] Level 1:colcon.colcon_core.package_discovery:discover_packages(recursive) check parameters
[0.302s] Level 1:colcon.colcon_core.package_discovery:discover_packages(ignore) check parameters
[0.302s] Level 1:colcon.colcon_core.package_discovery:discover_packages(path) check parameters
[0.302s] Level 1:colcon.colcon_core.package_discovery:discover_packages(cargo_workspace) check parameters
[0.302s] Level 1:colcon.colcon_core.package_discovery:discover_packages(colcon_meta) discover
[0.302s] Level 1:colcon.colcon_core.package_discovery:discover_packages(recursive) discover
[0.302s] INFO:colcon.colcon_core.package_discovery:Crawling recursively for packages in '/home/milena/ros2_ws'
[0.302s] Level 1:colcon.colcon_core.package_identification:_identify(.) by extensions ['ignore', 'ignore_ament_install']
[0.302s] Level 1:colcon.colcon_core.package_identification:_identify(.) by extension 'ignore'
[0.302s] Level 1:colcon.colcon_core.package_identification:_identify(.) by extension 'ignore_ament_install'
[0.302s] Level 1:colcon.colcon_core.package_identification:_identify(.) by extensions ['cargo_workspace']
[0.302s] Level 1:colcon.colcon_core.package_identification:_identify(.) by extension 'cargo_workspace'
[0.302s] Level 1:colcon.colcon_core.package_identification:_identify(.) by extensions ['colcon_pkg']
[0.302s] Level 1:colcon.colcon_core.package_identification:_identify(.) by extension 'colcon_pkg'
[0.302s] Level 1:colcon.colcon_core.package_identification:_identify(.) by extensions ['colcon_meta']
[0.302s] Level 1:colcon.colcon_core.package_identification:_identify(.) by extension 'colcon_meta'
[0.302s] Level 1:colcon.colcon_core.package_identification:_identify(.) by extensions ['ros']
[0.302s] Level 1:colcon.colcon_core.package_identification:_identify(.) by extension 'ros'
[0.304s] Level 1:colcon.colcon_core.package_identification:_identify(.) by extensions ['bazel', 'cargo', 'cmake', 'meson', 'python']
[0.304s] Level 1:colcon.colcon_core.package_identification:_identify(.) by extension 'bazel'
[0.304s] Level 1:colcon.colcon_core.package_identification:_identify(.) by extension 'cargo'
[0.304s] Level 1:colcon.colcon_core.package_identification:_identify(.) by extension 'cmake'
[0.304s] Level 1:colcon.colcon_core.package_identification:_identify(.) by extension 'meson'
[0.305s] Level 1:colcon.colcon_core.package_identification:_identify(.) by extension 'python'
[0.305s] Level 1:colcon.colcon_core.package_identification:_identify(.) by extensions ['python_setup_py']
[0.305s] Level 1:colcon.colcon_core.package_identification:_identify(.) by extension 'python_setup_py'
[0.305s] Level 1:colcon.colcon_core.package_identification:_identify(build) by extensions ['ignore', 'ignore_ament_install']
[0.305s] Level 1:colcon.colcon_core.package_identification:_identify(build) by extension 'ignore'
[0.305s] Level 1:colcon.colcon_core.package_identification:_identify(build) ignored
[0.306s] Level 1:colcon.colcon_core.package_identification:_identify(install) by extensions ['ignore', 'ignore_ament_install']
[0.306s] Level 1:colcon.colcon_core.package_identification:_identify(install) by extension 'ignore'
[0.306s] Level 1:colcon.colcon_core.package_identification:_identify(install) ignored
[0.306s] Level 1:colcon.colcon_core.package_identification:_identify(log) by extensions ['ignore', 'ignore_ament_install']
[0.306s] Level 1:colcon.colcon_core.package_identification:_identify(log) by extension 'ignore'
[0.306s] Level 1:colcon.colcon_core.package_identification:_identify(log) ignored
[0.306s] Level 1:colcon.colcon_core.package_identification:_identify(src) by extensions ['ignore', 'ignore_ament_install']
[0.306s] Level 1:colcon.colcon_core.package_identification:_identify(src) by extension 'ignore'
[0.306s] Level 1:colcon.colcon_core.package_identification:_identify(src) by extension 'ignore_ament_install'
[0.306s] Level 1:colcon.colcon_core.package_identification:_identify(src) by extensions ['cargo_workspace']
[0.306s] Level 1:colcon.colcon_core.package_identification:_identify(src) by extension 'cargo_workspace'
[0.306s] Level 1:colcon.colcon_core.package_identification:_identify(src) by extensions ['colcon_pkg']
[0.306s] Level 1:colcon.colcon_core.package_identification:_identify(src) by extension 'colcon_pkg'
[0.306s] Level 1:colcon.colcon_core.package_identification:_identify(src) by extensions ['colcon_meta']
[0.306s] Level 1:colcon.colcon_core.package_identification:_identify(src) by extension 'colcon_meta'
[0.306s] Level 1:colcon.colcon_core.package_identification:_identify(src) by extensions ['ros']
[0.306s] Level 1:colcon.colcon_core.package_identification:_identify(src) by extension 'ros'
[0.306s] Level 1:colcon.colcon_core.package_identification:_identify(src) by extensions ['bazel', 'cargo', 'cmake', 'meson', 'python']
[0.306s] Level 1:colcon.colcon_core.package_identification:_identify(src) by extension 'bazel'
[0.306s] Level 1:colcon.colcon_core.package_identification:_identify(src) by extension 'cargo'
[0.306s] Level 1:colcon.colcon_core.package_identification:_identify(src) by extension 'cmake'
[0.306s] Level 1:colcon.colcon_core.package_identification:_identify(src) by extension 'meson'
[0.307s] Level 1:colcon.colcon_core.package_identification:_identify(src) by extension 'python'
[0.307s] Level 1:colcon.colcon_core.package_identification:_identify(src) by extensions ['python_setup_py']
[0.307s] Level 1:colcon.colcon_core.package_identification:_identify(src) by extension 'python_setup_py'
[0.307s] Level 1:colcon.colcon_core.package_identification:_identify(src/Stage) by extensions ['ignore', 'ignore_ament_install']
[0.307s] Level 1:colcon.colcon_core.package_identification:_identify(src/Stage) by extension 'ignore'
[0.307s] Level 1:colcon.colcon_core.package_identification:_identify(src/Stage) by extension 'ignore_ament_install'
[0.307s] Level 1:colcon.colcon_core.package_identification:_identify(src/Stage) by extensions ['cargo_workspace']
[0.307s] Level 1:colcon.colcon_core.package_identification:_identify(src/Stage) by extension 'cargo_workspace'
[0.307s] Level 1:colcon.colcon_core.package_identification:_identify(src/Stage) by extensions ['colcon_pkg']
[0.307s] Level 1:colcon.colcon_core.package_identification:_identify(src/Stage) by extension 'colcon_pkg'
[0.307s] Level 1:colcon.colcon_core.package_identification:_identify(src/Stage) by extensions ['colcon_meta']
[0.307s] Level 1:colcon.colcon_core.package_identification:_identify(src/Stage) by extension 'colcon_meta'
[0.307s] Level 1:colcon.colcon_core.package_identification:_identify(src/Stage) by extensions ['ros']
[0.307s] Level 1:colcon.colcon_core.package_identification:_identify(src/Stage) by extension 'ros'
[0.309s] DEBUG:colcon.colcon_core.package_identification:Package 'src/Stage' with type 'ros.catkin' and name 'stage'
[0.309s] Level 1:colcon.colcon_core.package_identification:_identify(src/my_py_pkg) by extensions ['ignore', 'ignore_ament_install']
[0.309s] Level 1:colcon.colcon_core.package_identification:_identify(src/my_py_pkg) by extension 'ignore'
[0.309s] Level 1:colcon.colcon_core.package_identification:_identify(src/my_py_pkg) by extension 'ignore_ament_install'
[0.309s] Level 1:colcon.colcon_core.package_identification:_identify(src/my_py_pkg) by extensions ['cargo_workspace']
[0.309s] Level 1:colcon.colcon_core.package_identification:_identify(src/my_py_pkg) by extension 'cargo_workspace'
[0.309s] Level 1:colcon.colcon_core.package_identification:_identify(src/my_py_pkg) by extensions ['colcon_pkg']
[0.309s] Level 1:colcon.colcon_core.package_identification:_identify(src/my_py_pkg) by extension 'colcon_pkg'
[0.309s] Level 1:colcon.colcon_core.package_identification:_identify(src/my_py_pkg) by extensions ['colcon_meta']
[0.309s] Level 1:colcon.colcon_core.package_identification:_identify(src/my_py_pkg) by extension 'colcon_meta'
[0.309s] Level 1:colcon.colcon_core.package_identification:_identify(src/my_py_pkg) by extensions ['ros']
[0.309s] Level 1:colcon.colcon_core.package_identification:_identify(src/my_py_pkg) by extension 'ros'
[0.310s] DEBUG:colcon.colcon_core.package_identification:Package 'src/my_py_pkg' with type 'ros.ament_python' and name 'my_py_pkg'
[0.310s] Level 1:colcon.colcon_core.package_identification:_identify(src/stage_ros2) by extensions ['ignore', 'ignore_ament_install']
[0.310s] Level 1:colcon.colcon_core.package_identification:_identify(src/stage_ros2) by extension 'ignore'
[0.310s] Level 1:colcon.colcon_core.package_identification:_identify(src/stage_ros2) by extension 'ignore_ament_install'
[0.310s] Level 1:colcon.colcon_core.package_identification:_identify(src/stage_ros2) by extensions ['cargo_workspace']
[0.310s] Level 1:colcon.colcon_core.package_identification:_identify(src/stage_ros2) by extension 'cargo_workspace'
[0.310s] Level 1:colcon.colcon_core.package_identification:_identify(src/stage_ros2) by extensions ['colcon_pkg']
[0.310s] Level 1:colcon.colcon_core.package_identification:_identify(src/stage_ros2) by extension 'colcon_pkg'
[0.310s] Level 1:colcon.colcon_core.package_identification:_identify(src/stage_ros2) by extensions ['colcon_meta']
[0.310s] Level 1:colcon.colcon_core.package_identification:_identify(src/stage_ros2) by extension 'colcon_meta'
[0.310s] Level 1:colcon.colcon_core.package_identification:_identify(src/stage_ros2) by extensions ['ros']
[0.310s] Level 1:colcon.colcon_core.package_identification:_identify(src/stage_ros2) by extension 'ros'
[0.310s] DEBUG:colcon.colcon_core.package_identification:Package 'src/stage_ros2' with type 'ros.ament_cmake' and name 'stage_ros2'
[0.311s] Level 1:colcon.colcon_core.package_discovery:discover_packages(recursive) using defaults
[0.311s] Level 1:colcon.colcon_core.package_discovery:discover_packages(ignore) discover
[0.311s] Level 1:colcon.colcon_core.package_discovery:discover_packages(ignore) using defaults
[0.311s] Level 1:colcon.colcon_core.package_discovery:discover_packages(path) discover
[0.311s] Level 1:colcon.colcon_core.package_discovery:discover_packages(path) using defaults
[0.311s] Level 1:colcon.colcon_core.package_discovery:discover_packages(cargo_workspace) discover
[0.311s] Level 1:colcon.colcon_core.package_discovery:discover_packages(cargo_workspace) using defaults
[0.322s] Level 1:colcon.colcon_core.package_discovery:discover_packages(prefix_path) check parameters
[0.322s] Level 1:colcon.colcon_core.package_discovery:discover_packages(prefix_path) discover
[0.323s] DEBUG:colcon.colcon_installed_package_information.package_discovery:Found 3 installed packages in /home/milena/ros2_ws/install
[0.324s] DEBUG:colcon.colcon_installed_package_information.package_discovery:Found 274 installed packages in /opt/ros/humble
[0.325s] Level 1:colcon.colcon_core.package_discovery:discover_packages(prefix_path) using defaults
[0.352s] Level 5:colcon.colcon_core.verb:set package 'my_py_pkg' build argument 'bazel_args' from command line to 'None'
[0.352s] Level 5:colcon.colcon_core.verb:set package 'my_py_pkg' build argument 'bazel_task' from command line to 'None'
[0.352s] Level 5:colcon.colcon_core.verb:set package 'my_py_pkg' build argument 'cargo_args' from command line to 'None'
[0.352s] Level 5:colcon.colcon_core.verb:set package 'my_py_pkg' build argument 'clean_build' from command line to 'False'
[0.352s] Level 5:colcon.colcon_core.verb:set package 'my_py_pkg' build argument 'cmake_args' from command line to 'None'
[0.352s] Level 5:colcon.colcon_core.verb:set package 'my_py_pkg' build argument 'cmake_target' from command line to 'None'
[0.352s] Level 5:colcon.colcon_core.verb:set package 'my_py_pkg' build argument 'cmake_target_skip_unavailable' from command line to 'False'
[0.352s] Level 5:colcon.colcon_core.verb:set package 'my_py_pkg' build argument 'cmake_clean_cache' from command line to 'False'
[0.352s] Level 5:colcon.colcon_core.verb:set package 'my_py_pkg' build argument 'cmake_clean_first' from command line to 'False'
[0.352s] Level 5:colcon.colcon_core.verb:set package 'my_py_pkg' build argument 'cmake_force_configure' from command line to 'False'
[0.352s] Level 5:colcon.colcon_core.verb:set package 'my_py_pkg' build argument 'meson_args' from command line to '[]'
[0.352s] Level 5:colcon.colcon_core.verb:set package 'my_py_pkg' build argument 'ament_cmake_args' from command line to 'None'
[0.352s] Level 5:colcon.colcon_core.verb:set package 'my_py_pkg' build argument 'catkin_cmake_args' from command line to 'None'
[0.352s] Level 5:colcon.colcon_core.verb:set package 'my_py_pkg' build argument 'catkin_skip_building_tests' from command line to 'False'
[0.352s] DEBUG:colcon.colcon_core.verb:Building package 'my_py_pkg' with the following arguments: {'ament_cmake_args': None, 'bazel_args': None, 'bazel_task': None, 'build_base': '/home/milena/ros2_ws/build/my_py_pkg', 'cargo_args': None, 'catkin_cmake_args': None, 'catkin_skip_building_tests': False, 'clean_build': False, 'cmake_args': None, 'cmake_clean_cache': False, 'cmake_clean_first': False, 'cmake_force_configure': False, 'cmake_target': None, 'cmake_target_skip_unavailable': False, 'install_base': '/home/milena/ros2_ws/install/my_py_pkg', 'merge_install': False, 'meson_args': [], 'path': '/home/milena/ros2_ws/src/my_py_pkg', 'symlink_install': False, 'test_result_base': None}
[0.358s] Level 5:colcon.colcon_core.verb:set package 'stage' build argument 'bazel_args' from command line to 'None'
[0.358s] Level 5:colcon.colcon_core.verb:set package 'stage' build argument 'bazel_task' from command line to 'None'
[0.358s] Level 5:colcon.colcon_core.verb:set package 'stage' build argument 'cargo_args' from command line to 'None'
[0.359s] Level 5:colcon.colcon_core.verb:set package 'stage' build argument 'clean_build' from command line to 'False'
[0.359s] Level 5:colcon.colcon_core.verb:set package 'stage' build argument 'cmake_args' from command line to 'None'
[0.359s] Level 5:colcon.colcon_core.verb:set package 'stage' build argument 'cmake_target' from command line to 'None'
[0.359s] Level 5:colcon.colcon_core.verb:set package 'stage' build argument 'cmake_target_skip_unavailable' from command line to 'False'
[0.359s] Level 5:colcon.colcon_core.verb:set package 'stage' build argument 'cmake_clean_cache' from command line to 'False'
[0.359s] Level 5:colcon.colcon_core.verb:set package 'stage' build argument 'cmake_clean_first' from command line to 'False'
[0.359s] Level 5:colcon.colcon_core.verb:set package 'stage' build argument 'cmake_force_configure' from command line to 'False'
[0.359s] Level 5:colcon.colcon_core.verb:set package 'stage' build argument 'meson_args' from command line to '[]'
[0.359s] Level 5:colcon.colcon_core.verb:set package 'stage' build argument 'ament_cmake_args' from command line to 'None'
[0.359s] Level 5:colcon.colcon_core.verb:set package 'stage' build argument 'catkin_cmake_args' from command line to 'None'
[0.359s] Level 5:colcon.colcon_core.verb:set package 'stage' build argument 'catkin_skip_building_tests' from command line to 'False'
[0.359s] DEBUG:colcon.colcon_core.verb:Building package 'stage' with the following arguments: {'ament_cmake_args': None, 'bazel_args': None, 'bazel_task': None, 'build_base': '/home/milena/ros2_ws/build/stage', 'cargo_args': None, 'catkin_cmake_args': None, 'catkin_skip_building_tests': False, 'clean_build': False, 'cmake_args': None, 'cmake_clean_cache': False, 'cmake_clean_first': False, 'cmake_force_configure': False, 'cmake_target': None, 'cmake_target_skip_unavailable': False, 'install_base': '/home/milena/ros2_ws/install/stage', 'merge_install': False, 'meson_args': [], 'path': '/home/milena/ros2_ws/src/Stage', 'symlink_install': False, 'test_result_base': None}
[0.365s] Level 5:colcon.colcon_core.verb:set package 'stage_ros2' build argument 'bazel_args' from command line to 'None'
[0.365s] Level 5:colcon.colcon_core.verb:set package 'stage_ros2' build argument 'bazel_task' from command line to 'None'
[0.365s] Level 5:colcon.colcon_core.verb:set package 'stage_ros2' build argument 'cargo_args' from command line to 'None'
[0.365s] Level 5:colcon.colcon_core.verb:set package 'stage_ros2' build argument 'clean_build' from command line to 'False'
[0.365s] Level 5:colcon.colcon_core.verb:set package 'stage_ros2' build argument 'cmake_args' from command line to 'None'
[0.365s] Level 5:colcon.colcon_core.verb:set package 'stage_ros2' build argument 'cmake_target' from command line to 'None'
[0.365s] Level 5:colcon.colcon_core.verb:set package 'stage_ros2' build argument 'cmake_target_skip_unavailable' from command line to 'False'
[0.365s] Level 5:colcon.colcon_core.verb:set package 'stage_ros2' build argument 'cmake_clean_cache' from command line to 'False'
[0.365s] Level 5:colcon.colcon_core.verb:set package 'stage_ros2' build argument 'cmake_clean_first' from command line to 'False'
[0.365s] Level 5:colcon.colcon_core.verb:set package 'stage_ros2' build argument 'cmake_force_configure' from command line to 'False'
[0.365s] Level 5:colcon.colcon_core.verb:set package 'stage_ros2' build argument 'meson_args' from command line to '[]'
[0.365s] Level 5:colcon.colcon_core.verb:set package 'stage_ros2' build argument 'ament_cmake_args' from command line to 'None'
[0.365s] Level 5:colcon.colcon_core.verb:set package 'stage_ros2' build argument 'catkin_cmake_args' from command line to 'None'
[0.365s] Level 5:colcon.colcon_core.verb:set package 'stage_ros2' build argument 'catkin_skip_building_tests' from command line to 'False'
[0.365s] DEBUG:colcon.colcon_core.verb:Building package 'stage_ros2' with the following arguments: {'ament_cmake_args': None, 'bazel_args': None, 'bazel_task': None, 'build_base': '/home/milena/ros2_ws/build/stage_ros2', 'cargo_args': None, 'catkin_cmake_args': None, 'catkin_skip_building_tests': False, 'clean_build': False, 'cmake_args': None, 'cmake_clean_cache': False, 'cmake_clean_first': False, 'cmake_force_configure': False, 'cmake_target': None, 'cmake_target_skip_unavailable': False, 'install_base': '/home/milena/ros2_ws/install/stage_ros2', 'merge_install': False, 'meson_args': [], 'path': '/home/milena/ros2_ws/src/stage_ros2', 'symlink_install': False, 'test_result_base': None}
[0.365s] INFO:colcon.colcon_core.executor:Executing jobs using 'parallel' executor
[0.366s] DEBUG:colcon.colcon_parallel_executor.executor.parallel:run_until_complete
[0.367s] INFO:colcon.colcon_ros.task.ament_python.build:Building ROS package in '/home/milena/ros2_ws/src/my_py_pkg' with build type 'ament_python'
[0.367s] Level 1:colcon.colcon_core.shell:create_environment_hook('my_py_pkg', 'ament_prefix_path')
[0.368s] INFO:colcon.colcon_core.plugin_system:Skipping extension 'colcon_core.shell.bat': Not used on non-Windows systems
[0.368s] INFO:colcon.colcon_core.shell:Creating environment hook '/home/milena/ros2_ws/install/my_py_pkg/share/my_py_pkg/hook/ament_prefix_path.ps1'
[0.369s] INFO:colcon.colcon_core.shell:Creating environment descriptor '/home/milena/ros2_ws/install/my_py_pkg/share/my_py_pkg/hook/ament_prefix_path.dsv'
[0.369s] INFO:colcon.colcon_core.shell:Creating environment hook '/home/milena/ros2_ws/install/my_py_pkg/share/my_py_pkg/hook/ament_prefix_path.sh'
[0.370s] DEBUG:colcon.colcon_ros_domain_id_coordinator.shell.ros_domain_id:Allocated ROS_DOMAIN_ID=98 for '/home/milena/ros2_ws/build/my_py_pkg'
[0.370s] INFO:colcon.colcon_core.shell:Skip shell extension 'ros_domain_id' for command environment: 
[0.370s] INFO:colcon.colcon_core.shell:Skip shell extension 'powershell' for command environment: Not usable outside of PowerShell
[0.370s] DEBUG:colcon.colcon_core.shell:Skip shell extension 'dsv' for command environment
[0.372s] INFO:colcon.colcon_ros.task.catkin.build:Building ROS package in '/home/milena/ros2_ws/src/Stage' with build type 'catkin'
[0.372s] INFO:colcon.colcon_cmake.task.cmake.build:Building CMake package in '/home/milena/ros2_ws/src/Stage'
[0.372s] DEBUG:colcon.colcon_ros_domain_id_coordinator.shell.ros_domain_id:Allocated ROS_DOMAIN_ID=24 for '/home/milena/ros2_ws/build/stage'
[0.372s] INFO:colcon.colcon_core.shell:Skip shell extension 'ros_domain_id' for command environment: 
[0.372s] INFO:colcon.colcon_core.shell:Skip shell extension 'powershell' for command environment: Not usable outside of PowerShell
[0.372s] DEBUG:colcon.colcon_core.shell:Skip shell extension 'dsv' for command environment
[0.374s] INFO:colcon.colcon_ros.task.ament_cmake.build:Building ROS package in '/home/milena/ros2_ws/src/stage_ros2' with build type 'ament_cmake'
[0.374s] INFO:colcon.colcon_cmake.task.cmake.build:Building CMake package in '/home/milena/ros2_ws/src/stage_ros2'
[0.375s] DEBUG:colcon.colcon_ros_domain_id_coordinator.shell.ros_domain_id:Allocated ROS_DOMAIN_ID=41 for '/home/milena/ros2_ws/build/stage_ros2'
[0.375s] INFO:colcon.colcon_core.shell:Skip shell extension 'ros_domain_id' for command environment: 
[0.375s] INFO:colcon.colcon_core.shell:Skip shell extension 'powershell' for command environment: Not usable outside of PowerShell
[0.375s] DEBUG:colcon.colcon_core.shell:Skip shell extension 'dsv' for command environment
[0.544s] INFO:colcon.colcon_core.task.python.build:Building Python package in '/home/milena/ros2_ws/src/my_py_pkg'
[0.544s] DEBUG:colcon.colcon_ros_domain_id_coordinator.shell.ros_domain_id:Allocated ROS_DOMAIN_ID=98 for '/home/milena/ros2_ws/build/my_py_pkg'
[0.544s] INFO:colcon.colcon_core.shell:Skip shell extension 'ros_domain_id' for command environment: 
[0.544s] INFO:colcon.colcon_core.shell:Skip shell extension 'powershell' for command environment: Not usable outside of PowerShell
[0.544s] DEBUG:colcon.colcon_core.shell:Skip shell extension 'dsv' for command environment
[0.550s] DEBUG:colcon.colcon_core.event_handler.log_command:Invoking command in '/home/milena/ros2_ws/build/stage': ROS_DOMAIN_ID=24 /usr/bin/cmake --build /home/milena/ros2_ws/build/stage -- -j12 -l12
[0.552s] DEBUG:colcon.colcon_core.event_handler.log_command:Invoking command in '/home/milena/ros2_ws/build/stage_ros2': CMAKE_PREFIX_PATH=/home/milena/ros2_ws/install/stage_ros2:/home/milena/ros2_ws/install/my_py_pkg:/opt/ros/humble:/home/milena/ros2_ws/install/stage ROS_DOMAIN_ID=41 /usr/bin/cmake --build /home/milena/ros2_ws/build/stage_ros2 -- -j12 -l12
[0.660s] DEBUG:colcon.colcon_core.event_handler.log_command:Invoked command in '/home/milena/ros2_ws/build/stage' returned '0': ROS_DOMAIN_ID=24 /usr/bin/cmake --build /home/milena/ros2_ws/build/stage -- -j12 -l12
[0.671s] DEBUG:colcon.colcon_core.event_handler.log_command:Invoking command in '/home/milena/ros2_ws/build/stage': ROS_DOMAIN_ID=24 /usr/bin/cmake --install /home/milena/ros2_ws/build/stage
[0.672s] DEBUG:colcon.colcon_core.event_handler.log_command:Invoked command in '/home/milena/ros2_ws/build/stage_ros2' returned '0': CMAKE_PREFIX_PATH=/home/milena/ros2_ws/install/stage_ros2:/home/milena/ros2_ws/install/my_py_pkg:/opt/ros/humble:/home/milena/ros2_ws/install/stage ROS_DOMAIN_ID=41 /usr/bin/cmake --build /home/milena/ros2_ws/build/stage_ros2 -- -j12 -l12
[0.673s] DEBUG:colcon.colcon_core.event_handler.log_command:Invoking command in '/home/milena/ros2_ws/build/stage_ros2': CMAKE_PREFIX_PATH=/home/milena/ros2_ws/install/stage_ros2:/home/milena/ros2_ws/install/my_py_pkg:/opt/ros/humble:/home/milena/ros2_ws/install/stage ROS_DOMAIN_ID=41 /usr/bin/cmake --install /home/milena/ros2_ws/build/stage_ros2
[0.688s] DEBUG:colcon.colcon_core.event_handler.log_command:Invoked command in '/home/milena/ros2_ws/build/stage' returned '0': ROS_DOMAIN_ID=24 /usr/bin/cmake --install /home/milena/ros2_ws/build/stage
[0.688s] Level 1:colcon.colcon_core.shell:create_environment_hook('stage', 'ros_package_path')
[0.689s] INFO:colcon.colcon_core.shell:Creating environment hook '/home/milena/ros2_ws/install/stage/share/stage/hook/ros_package_path.ps1'
[0.690s] INFO:colcon.colcon_core.shell:Creating environment descriptor '/home/milena/ros2_ws/install/stage/share/stage/hook/ros_package_path.dsv'
[0.690s] INFO:colcon.colcon_core.shell:Creating environment hook '/home/milena/ros2_ws/install/stage/share/stage/hook/ros_package_path.sh'
[0.691s] Level 1:colcon.colcon_core.shell:create_environment_hook('stage', 'pkg_config_path')
[0.691s] INFO:colcon.colcon_core.shell:Creating environment hook '/home/milena/ros2_ws/install/stage/share/stage/hook/pkg_config_path.ps1'
[0.692s] INFO:colcon.colcon_core.shell:Creating environment descriptor '/home/milena/ros2_ws/install/stage/share/stage/hook/pkg_config_path.dsv'
[0.692s] INFO:colcon.colcon_core.shell:Creating environment hook '/home/milena/ros2_ws/install/stage/share/stage/hook/pkg_config_path.sh'
[0.694s] Level 1:colcon.colcon_core.shell:create_environment_hook('stage', 'pkg_config_path_multiarch')
[0.695s] INFO:colcon.colcon_core.shell:Creating environment hook '/home/milena/ros2_ws/install/stage/share/stage/hook/pkg_config_path_multiarch.ps1'
[0.695s] INFO:colcon.colcon_core.shell:Creating environment descriptor '/home/milena/ros2_ws/install/stage/share/stage/hook/pkg_config_path_multiarch.dsv'
[0.696s] INFO:colcon.colcon_core.shell:Creating environment hook '/home/milena/ros2_ws/install/stage/share/stage/hook/pkg_config_path_multiarch.sh'
[0.697s] Level 1:colcon.colcon_core.environment:create_environment_scripts_only(stage)
[0.700s] Level 1:colcon.colcon_core.environment:checking '/home/milena/ros2_ws/install/stage' for CMake module files
[0.701s] Level 1:colcon.colcon_core.environment:checking '/home/milena/ros2_ws/install/stage' for CMake config files
[0.701s] Level 1:colcon.colcon_core.shell:create_environment_hook('stage', 'cmake_prefix_path')
[0.701s] INFO:colcon.colcon_core.shell:Creating environment hook '/home/milena/ros2_ws/install/stage/share/stage/hook/cmake_prefix_path.ps1'
[0.702s] INFO:colcon.colcon_core.shell:Creating environment descriptor '/home/milena/ros2_ws/install/stage/share/stage/hook/cmake_prefix_path.dsv'
[0.702s] INFO:colcon.colcon_core.shell:Creating environment hook '/home/milena/ros2_ws/install/stage/share/stage/hook/cmake_prefix_path.sh'
[0.703s] Level 1:colcon.colcon_core.environment:checking '/home/milena/ros2_ws/install/stage/lib'
[0.703s] Level 1:colcon.colcon_core.shell:create_environment_hook('stage', 'ld_library_path_lib')
[0.704s] INFO:colcon.colcon_core.shell:Creating environment hook '/home/milena/ros2_ws/install/stage/share/stage/hook/ld_library_path_lib.ps1'
[0.704s] INFO:colcon.colcon_core.shell:Creating environment descriptor '/home/milena/ros2_ws/install/stage/share/stage/hook/ld_library_path_lib.dsv'
[0.705s] INFO:colcon.colcon_core.shell:Creating environment hook '/home/milena/ros2_ws/install/stage/share/stage/hook/ld_library_path_lib.sh'
[0.705s] Level 1:colcon.colcon_core.environment:checking '/home/milena/ros2_ws/install/stage/bin'
[0.705s] Level 1:colcon.colcon_core.shell:create_environment_hook('stage', 'path')
[0.705s] INFO:colcon.colcon_core.shell:Creating environment hook '/home/milena/ros2_ws/install/stage/share/stage/hook/path.ps1'
[0.706s] INFO:colcon.colcon_core.shell:Creating environment descriptor '/home/milena/ros2_ws/install/stage/share/stage/hook/path.dsv'
[0.706s] INFO:colcon.colcon_core.shell:Creating environment hook '/home/milena/ros2_ws/install/stage/share/stage/hook/path.sh'
[0.706s] Level 1:colcon.colcon_core.environment:checking '/home/milena/ros2_ws/install/stage/lib/pkgconfig/stage.pc'
[0.706s] Level 1:colcon.colcon_core.shell:create_environment_hook('stage', 'pkg_config')
[0.706s] INFO:colcon.colcon_core.shell:Creating environment hook '/home/milena/ros2_ws/install/stage/share/stage/hook/pkg_config.ps1'
[0.707s] INFO:colcon.colcon_core.shell:Creating environment descriptor '/home/milena/ros2_ws/install/stage/share/stage/hook/pkg_config.dsv'
[0.707s] INFO:colcon.colcon_core.shell:Creating environment hook '/home/milena/ros2_ws/install/stage/share/stage/hook/pkg_config.sh'
[0.707s] Level 1:colcon.colcon_core.environment:checking '/home/milena/ros2_ws/install/stage/lib/python3.10/site-packages'
[0.708s] Level 1:colcon.colcon_core.environment:checking '/home/milena/ros2_ws/install/stage/bin'
[0.708s] Level 1:colcon.colcon_core.shell:create_environment_hook('stage', 'pythonscriptspath')
[0.708s] INFO:colcon.colcon_core.shell:Creating environment hook '/home/milena/ros2_ws/install/stage/share/stage/hook/pythonscriptspath.ps1'
[0.708s] INFO:colcon.colcon_core.shell:Creating environment descriptor '/home/milena/ros2_ws/install/stage/share/stage/hook/pythonscriptspath.dsv'
[0.708s] INFO:colcon.colcon_core.shell:Creating environment hook '/home/milena/ros2_ws/install/stage/share/stage/hook/pythonscriptspath.sh'
[0.709s] INFO:colcon.colcon_core.shell:Creating package script '/home/milena/ros2_ws/install/stage/share/stage/package.ps1'
[0.710s] INFO:colcon.colcon_core.shell:Creating package descriptor '/home/milena/ros2_ws/install/stage/share/stage/package.dsv'
[0.711s] INFO:colcon.colcon_core.shell:Creating package script '/home/milena/ros2_ws/install/stage/share/stage/package.sh'
[0.711s] INFO:colcon.colcon_core.shell:Creating package script '/home/milena/ros2_ws/install/stage/share/stage/package.bash'
[0.712s] INFO:colcon.colcon_core.shell:Creating package script '/home/milena/ros2_ws/install/stage/share/stage/package.zsh'
[0.712s] Level 1:colcon.colcon_core.environment:create_file_with_runtime_dependencies(/home/milena/ros2_ws/install/stage/share/colcon-core/packages/stage)
[0.712s] DEBUG:colcon.colcon_ros_domain_id_coordinator.shell.ros_domain_id:Released ROS_DOMAIN_ID=24 for '/home/milena/ros2_ws/build/stage'
[0.713s] Level 1:colcon.colcon_core.environment:create_environment_scripts_only(stage_ros2)
[0.713s] Level 1:colcon.colcon_core.environment:checking '/home/milena/ros2_ws/install/stage_ros2' for CMake module files
[0.714s] DEBUG:colcon.colcon_core.event_handler.log_command:Invoked command in '/home/milena/ros2_ws/build/stage_ros2' returned '0': CMAKE_PREFIX_PATH=/home/milena/ros2_ws/install/stage_ros2:/home/milena/ros2_ws/install/my_py_pkg:/opt/ros/humble:/home/milena/ros2_ws/install/stage ROS_DOMAIN_ID=41 /usr/bin/cmake --install /home/milena/ros2_ws/build/stage_ros2
[0.714s] Level 1:colcon.colcon_core.environment:checking '/home/milena/ros2_ws/install/stage_ros2' for CMake config files
[0.715s] Level 1:colcon.colcon_core.shell:create_environment_hook('stage_ros2', 'cmake_prefix_path')
[0.715s] INFO:colcon.colcon_core.shell:Creating environment hook '/home/milena/ros2_ws/install/stage_ros2/share/stage_ros2/hook/cmake_prefix_path.ps1'
[0.716s] INFO:colcon.colcon_core.shell:Creating environment descriptor '/home/milena/ros2_ws/install/stage_ros2/share/stage_ros2/hook/cmake_prefix_path.dsv'
[0.716s] INFO:colcon.colcon_core.shell:Creating environment hook '/home/milena/ros2_ws/install/stage_ros2/share/stage_ros2/hook/cmake_prefix_path.sh'
[0.717s] Level 1:colcon.colcon_core.environment:checking '/home/milena/ros2_ws/install/stage_ros2/lib'
[0.717s] Level 1:colcon.colcon_core.shell:create_environment_hook('stage_ros2', 'ld_library_path_lib')
[0.717s] INFO:colcon.colcon_core.shell:Creating environment hook '/home/milena/ros2_ws/install/stage_ros2/share/stage_ros2/hook/ld_library_path_lib.ps1'
[0.717s] INFO:colcon.colcon_core.shell:Creating environment descriptor '/home/milena/ros2_ws/install/stage_ros2/share/stage_ros2/hook/ld_library_path_lib.dsv'
[0.718s] INFO:colcon.colcon_core.shell:Creating environment hook '/home/milena/ros2_ws/install/stage_ros2/share/stage_ros2/hook/ld_library_path_lib.sh'
[0.718s] Level 1:colcon.colcon_core.environment:checking '/home/milena/ros2_ws/install/stage_ros2/bin'
[0.718s] Level 1:colcon.colcon_core.environment:checking '/home/milena/ros2_ws/install/stage_ros2/lib/pkgconfig/stage_ros2.pc'
[0.718s] Level 1:colcon.colcon_core.environment:checking '/home/milena/ros2_ws/install/stage_ros2/lib/python3.10/site-packages'
[0.718s] Level 1:colcon.colcon_core.environment:checking '/home/milena/ros2_ws/install/stage_ros2/bin'
[0.719s] INFO:colcon.colcon_core.shell:Creating package script '/home/milena/ros2_ws/install/stage_ros2/share/stage_ros2/package.ps1'
[0.719s] INFO:colcon.colcon_core.shell:Creating package descriptor '/home/milena/ros2_ws/install/stage_ros2/share/stage_ros2/package.dsv'
[0.719s] INFO:colcon.colcon_core.shell:Creating package script '/home/milena/ros2_ws/install/stage_ros2/share/stage_ros2/package.sh'
[0.720s] INFO:colcon.colcon_core.shell:Creating package script '/home/milena/ros2_ws/install/stage_ros2/share/stage_ros2/package.bash'
[0.720s] INFO:colcon.colcon_core.shell:Creating package script '/home/milena/ros2_ws/install/stage_ros2/share/stage_ros2/package.zsh'
[0.720s] Level 1:colcon.colcon_core.environment:create_file_with_runtime_dependencies(/home/milena/ros2_ws/install/stage_ros2/share/colcon-core/packages/stage_ros2)
[0.720s] Level 1:colcon.colcon_core.environment:create_environment_scripts_only(stage_ros2)
[0.720s] Level 1:colcon.colcon_core.environment:checking '/home/milena/ros2_ws/install/stage_ros2' for CMake module files
[0.721s] Level 1:colcon.colcon_core.environment:checking '/home/milena/ros2_ws/install/stage_ros2' for CMake config files
[0.721s] Level 1:colcon.colcon_core.shell:create_environment_hook('stage_ros2', 'cmake_prefix_path')
[0.721s] INFO:colcon.colcon_core.shell:Creating environment hook '/home/milena/ros2_ws/install/stage_ros2/share/stage_ros2/hook/cmake_prefix_path.ps1'
[0.721s] INFO:colcon.colcon_core.shell:Creating environment descriptor '/home/milena/ros2_ws/install/stage_ros2/share/stage_ros2/hook/cmake_prefix_path.dsv'
[0.722s] INFO:colcon.colcon_core.shell:Creating environment hook '/home/milena/ros2_ws/install/stage_ros2/share/stage_ros2/hook/cmake_prefix_path.sh'
[0.722s] Level 1:colcon.colcon_core.environment:checking '/home/milena/ros2_ws/install/stage_ros2/lib'
[0.722s] Level 1:colcon.colcon_core.shell:create_environment_hook('stage_ros2', 'ld_library_path_lib')
[0.722s] INFO:colcon.colcon_core.shell:Creating environment hook '/home/milena/ros2_ws/install/stage_ros2/share/stage_ros2/hook/ld_library_path_lib.ps1'
[0.722s] INFO:colcon.colcon_core.shell:Creating environment descriptor '/home/milena/ros2_ws/install/stage_ros2/share/stage_ros2/hook/ld_library_path_lib.dsv'
[0.723s] INFO:colcon.colcon_core.shell:Creating environment hook '/home/milena/ros2_ws/install/stage_ros2/share/stage_ros2/hook/ld_library_path_lib.sh'
[0.723s] Level 1:colcon.colcon_core.environment:checking '/home/milena/ros2_ws/install/stage_ros2/bin'
[0.723s] Level 1:colcon.colcon_core.environment:checking '/home/milena/ros2_ws/install/stage_ros2/lib/pkgconfig/stage_ros2.pc'
[0.723s] Level 1:colcon.colcon_core.environment:checking '/home/milena/ros2_ws/install/stage_ros2/lib/python3.10/site-packages'
[0.723s] Level 1:colcon.colcon_core.environment:checking '/home/milena/ros2_ws/install/stage_ros2/bin'
[0.724s] INFO:colcon.colcon_core.shell:Creating package script '/home/milena/ros2_ws/install/stage_ros2/share/stage_ros2/package.ps1'
[0.724s] INFO:colcon.colcon_core.shell:Creating package descriptor '/home/milena/ros2_ws/install/stage_ros2/share/stage_ros2/package.dsv'
[0.725s] INFO:colcon.colcon_core.shell:Creating package script '/home/milena/ros2_ws/install/stage_ros2/share/stage_ros2/package.sh'
[0.725s] INFO:colcon.colcon_core.shell:Creating package script '/home/milena/ros2_ws/install/stage_ros2/share/stage_ros2/package.bash'
[0.725s] INFO:colcon.colcon_core.shell:Creating package script '/home/milena/ros2_ws/install/stage_ros2/share/stage_ros2/package.zsh'
[0.726s] Level 1:colcon.colcon_core.environment:create_file_with_runtime_dependencies(/home/milena/ros2_ws/install/stage_ros2/share/colcon-core/packages/stage_ros2)
[0.726s] DEBUG:colcon.colcon_ros_domain_id_coordinator.shell.ros_domain_id:Released ROS_DOMAIN_ID=41 for '/home/milena/ros2_ws/build/stage_ros2'
[0.797s] DEBUG:colcon.colcon_core.event_handler.log_command:Invoking command in '/home/milena/ros2_ws/src/my_py_pkg': PYTHONPATH=/home/milena/ros2_ws/build/my_py_pkg/prefix_override:/usr/lib/python3/dist-packages/colcon_core/task/python/colcon_distutils_commands:/home/milena/ros2_ws/install/my_py_pkg/lib/python3.10/site-packages:${PYTHONPATH} /usr/bin/python3 -W ignore:setup.py install is deprecated -W ignore:easy_install command is deprecated setup.py egg_info --egg-base ../../build/my_py_pkg build --build-base /home/milena/ros2_ws/build/my_py_pkg/build install --record /home/milena/ros2_ws/build/my_py_pkg/install.log --single-version-externally-managed install_data
[0.994s] Level 1:colcon.colcon_core.environment:checking '/home/milena/ros2_ws/install/my_py_pkg' for CMake module files
[0.995s] DEBUG:colcon.colcon_core.event_handler.log_command:Invoked command in '/home/milena/ros2_ws/src/my_py_pkg' returned '0': PYTHONPATH=/home/milena/ros2_ws/build/my_py_pkg/prefix_override:/usr/lib/python3/dist-packages/colcon_core/task/python/colcon_distutils_commands:/home/milena/ros2_ws/install/my_py_pkg/lib/python3.10/site-packages:${PYTHONPATH} /usr/bin/python3 -W ignore:setup.py install is deprecated -W ignore:easy_install command is deprecated setup.py egg_info --egg-base ../../build/my_py_pkg build --build-base /home/milena/ros2_ws/build/my_py_pkg/build install --record /home/milena/ros2_ws/build/my_py_pkg/install.log --single-version-externally-managed install_data
[0.996s] Level 1:colcon.colcon_core.environment:checking '/home/milena/ros2_ws/install/my_py_pkg' for CMake config files
[0.996s] Level 1:colcon.colcon_core.environment:checking '/home/milena/ros2_ws/install/my_py_pkg/lib'
[0.996s] Level 1:colcon.colcon_core.environment:checking '/home/milena/ros2_ws/install/my_py_pkg/bin'
[0.996s] Level 1:colcon.colcon_core.environment:checking '/home/milena/ros2_ws/install/my_py_pkg/lib/pkgconfig/my_py_pkg.pc'
[0.996s] Level 1:colcon.colcon_core.environment:checking '/home/milena/ros2_ws/install/my_py_pkg/lib/python3.10/site-packages'
[0.996s] Level 1:colcon.colcon_core.shell:create_environment_hook('my_py_pkg', 'pythonpath')
[0.997s] INFO:colcon.colcon_core.shell:Creating environment hook '/home/milena/ros2_ws/install/my_py_pkg/share/my_py_pkg/hook/pythonpath.ps1'
[0.997s] INFO:colcon.colcon_core.shell:Creating environment descriptor '/home/milena/ros2_ws/install/my_py_pkg/share/my_py_pkg/hook/pythonpath.dsv'
[0.997s] INFO:colcon.colcon_core.shell:Creating environment hook '/home/milena/ros2_ws/install/my_py_pkg/share/my_py_pkg/hook/pythonpath.sh'
[0.998s] Level 1:colcon.colcon_core.environment:checking '/home/milena/ros2_ws/install/my_py_pkg/bin'
[0.998s] Level 1:colcon.colcon_core.environment:create_environment_scripts_only(my_py_pkg)
[0.998s] INFO:colcon.colcon_core.shell:Creating package script '/home/milena/ros2_ws/install/my_py_pkg/share/my_py_pkg/package.ps1'
[0.998s] INFO:colcon.colcon_core.shell:Creating package descriptor '/home/milena/ros2_ws/install/my_py_pkg/share/my_py_pkg/package.dsv'
[0.999s] INFO:colcon.colcon_core.shell:Creating package script '/home/milena/ros2_ws/install/my_py_pkg/share/my_py_pkg/package.sh'
[0.999s] INFO:colcon.colcon_core.shell:Creating package script '/home/milena/ros2_ws/install/my_py_pkg/share/my_py_pkg/package.bash'
[0.999s] INFO:colcon.colcon_core.shell:Creating package script '/home/milena/ros2_ws/install/my_py_pkg/share/my_py_pkg/package.zsh'
[0.999s] Level 1:colcon.colcon_core.environment:create_file_with_runtime_dependencies(/home/milena/ros2_ws/install/my_py_pkg/share/colcon-core/packages/my_py_pkg)
[0.999s] DEBUG:colcon.colcon_parallel_executor.executor.parallel:closing loop
[1.000s] DEBUG:colcon.colcon_ros_domain_id_coordinator.shell.ros_domain_id:Released ROS_DOMAIN_ID=98 for '/home/milena/ros2_ws/build/my_py_pkg'
[1.000s] DEBUG:colcon.colcon_parallel_executor.executor.parallel:loop closed
[1.000s] DEBUG:colcon.colcon_parallel_executor.executor.parallel:run_until_complete finished with '0'
[1.000s] DEBUG:colcon.colcon_core.event_reactor:joining thread
[1.003s] INFO:colcon.colcon_core.plugin_system:Skipping extension 'colcon_notification.desktop_notification.terminal_notifier': Not used on non-Darwin systems
[1.003s] INFO:colcon.colcon_core.plugin_system:Skipping extension 'colcon_notification.desktop_notification.win32': Not used on non-Windows systems
[1.003s] INFO:colcon.colcon_notification.desktop_notification:Sending desktop notification using 'notify2'
[1.012s] DEBUG:colcon.colcon_core.event_reactor:joined thread
[1.012s] INFO:colcon.colcon_core.shell:Creating prefix script '/home/milena/ros2_ws/install/local_setup.ps1'
[1.013s] INFO:colcon.colcon_core.shell:Creating prefix util module '/home/milena/ros2_ws/install/_local_setup_util_ps1.py'
[1.014s] INFO:colcon.colcon_core.shell:Creating prefix chain script '/home/milena/ros2_ws/install/setup.ps1'
[1.016s] INFO:colcon.colcon_core.shell:Creating prefix script '/home/milena/ros2_ws/install/local_setup.sh'
[1.016s] INFO:colcon.colcon_core.shell:Creating prefix util module '/home/milena/ros2_ws/install/_local_setup_util_sh.py'
[1.017s] INFO:colcon.colcon_core.shell:Creating prefix chain script '/home/milena/ros2_ws/install/setup.sh'
[1.018s] INFO:colcon.colcon_core.shell:Creating prefix script '/home/milena/ros2_ws/install/local_setup.bash'
[1.018s] INFO:colcon.colcon_core.shell:Creating prefix chain script '/home/milena/ros2_ws/install/setup.bash'
[1.019s] INFO:colcon.colcon_core.shell:Creating prefix script '/home/milena/ros2_ws/install/local_setup.zsh'
[1.019s] INFO:colcon.colcon_core.shell:Creating prefix chain script '/home/milena/ros2_ws/install/setup.zsh'
[1.020s] INFO:colcon.colcon_core.shell:Creating '/home/milena/ros2_ws/install/spawn_shell.bash'
