[0.008s] Invoking command in '/home/milena/ros2_ws/build/stage_ros2': CMAKE_PREFIX_PATH=/opt/ros/humble /usr/bin/cmake /home/milena/ros2_ws/src/stage_ros2 -DAMENT_CMAKE_SYMLINK_INSTALL=1 -DCMAKE_INSTALL_PREFIX=/home/milena/ros2_ws/install/stage_ros2
[0.019s] -- Found ament_cmake: 1.3.14 (/opt/ros/humble/share/ament_cmake/cmake)
[0.115s] -- Override CMake install command with custom implementation using symlinks instead of copying resources
[0.119s] -- Found rclcpp: 16.0.19 (/opt/ros/humble/share/rclcpp/cmake)
[0.137s] -- Found rosidl_generator_c: 3.1.8 (/opt/ros/humble/share/rosidl_generator_c/cmake)
[0.139s] -- Found rosidl_adapter: 3.1.8 (/opt/ros/humble/share/rosidl_adapter/cmake)
[0.142s] -- Found rosidl_generator_cpp: 3.1.8 (/opt/ros/humble/share/rosidl_generator_cpp/cmake)
[0.148s] -- Using all available rosidl_typesupport_c: rosidl_typesupport_fastrtps_c;rosidl_typesupport_introspection_c
[0.156s] -- Using all available rosidl_typesupport_cpp: rosidl_typesupport_fastrtps_cpp;rosidl_typesupport_introspection_cpp
[0.176s] -- Found rmw_implementation_cmake: 6.1.2 (/opt/ros/humble/share/rmw_implementation_cmake/cmake)
[0.177s] -- Found rmw_fastrtps_cpp: 6.2.10 (/opt/ros/humble/share/rmw_fastrtps_cpp/cmake)
[0.240s] -- Using RMW implementation 'rmw_fastrtps_cpp' as default
[0.271s] -- Found rclcpp_components: 16.0.19 (/opt/ros/humble/share/rclcpp_components/cmake)
[0.282s] -- Found sensor_msgs: 4.9.1 (/opt/ros/humble/share/sensor_msgs/cmake)
[0.302s] -- Found nav_msgs: 4.9.1 (/opt/ros/humble/share/nav_msgs/cmake)
[0.316s] [31mCMake Error at CMakeLists.txt:21 (find_package):
[0.316s]   By not providing "Findstage.cmake" in CMAKE_MODULE_PATH this project has
[0.316s]   asked CMake to find a package configuration file provided by "stage", but
[0.316s]   CMake did not find one.
[0.316s] 
[0.316s]   Could not find a package configuration file provided by "stage" with any of
[0.316s]   the following names:
[0.316s] 
[0.316s]     stageConfig.cmake
[0.317s]     stage-config.cmake
[0.317s] 
[0.317s]   Add the installation prefix of "stage" to CMAKE_PREFIX_PATH or set
[0.317s]   "stage_DIR" to a directory containing one of the above files.  If "stage"
[0.317s]   provides a separate development package or SDK, be sure it has been
[0.317s]   installed.
[0.317s] 
[0.317s] [0m
[0.317s] -- Configuring incomplete, errors occurred!
[0.317s] See also "/home/milena/ros2_ws/build/stage_ros2/CMakeFiles/CMakeOutput.log".
[0.321s] Invoked command in '/home/milena/ros2_ws/build/stage_ros2' returned '1': CMAKE_PREFIX_PATH=/opt/ros/humble /usr/bin/cmake /home/milena/ros2_ws/src/stage_ros2 -DAMENT_CMAKE_SYMLINK_INSTALL=1 -DCMAKE_INSTALL_PREFIX=/home/milena/ros2_ws/install/stage_ros2
