[0.347s] DEBUG:colcon:Command line arguments: ['/usr/bin/colcon', 'build']
[0.347s] DEBUG:colcon:Parsed command line arguments: Namespace(log_base=None, log_level=None, verb_name='build', build_base='build', install_base='install', merge_install=False, symlink_install=False, test_result_base=None, continue_on_error=False, executor='parallel', parallel_workers=12, event_handlers=None, ignore_user_meta=False, metas=['./colcon.meta'], base_paths=['.'], packages_ignore=None, packages_ignore_regex=None, paths=None, packages_up_to=None, packages_up_to_regex=None, packages_above=None, packages_above_and_dependencies=None, packages_above_depth=None, packages_select_by_dep=None, packages_skip_by_dep=None, packages_skip_up_to=None, packages_select_build_failed=False, packages_skip_build_finished=False, packages_select_test_failures=False, packages_skip_test_passed=False, packages_select=None, packages_skip=None, packages_select_regex=None, packages_skip_regex=None, packages_start=None, packages_end=None, allow_overriding=[], bazel_args=None, bazel_task=None, cargo_args=None, clean_build=False, cmake_args=None, cmake_target=None, cmake_target_skip_unavailable=False, cmake_clean_cache=False, cmake_clean_first=False, cmake_force_configure=False, meson_args=[], ament_cmake_args=None, catkin_cmake_args=None, catkin_skip_building_tests=False, mixin_files=None, mixin=None, verb_parser=<colcon_alias.argument_parser.alias.AliasArgumentDecorator object at 0x7cefc4936740>, verb_extension=<colcon_core.verb.build.BuildVerb object at 0x7cefc4aa6440>, main=<bound method BuildVerb.main of <colcon_core.verb.build.BuildVerb object at 0x7cefc4aa6440>>, mixin_verb=('build',))
[0.564s] Level 1:colcon.colcon_core.package_discovery:discover_packages(colcon_meta) check parameters
[0.564s] Level 1:colcon.colcon_core.package_discovery:discover_packages(recursive) check parameters
[0.564s] Level 1:colcon.colcon_core.package_discovery:discover_packages(ignore) check parameters
[0.564s] Level 1:colcon.colcon_core.package_discovery:discover_packages(path) check parameters
[0.564s] Level 1:colcon.colcon_core.package_discovery:discover_packages(cargo_workspace) check parameters
[0.564s] Level 1:colcon.colcon_core.package_discovery:discover_packages(colcon_meta) discover
[0.564s] Level 1:colcon.colcon_core.package_discovery:discover_packages(recursive) discover
[0.564s] INFO:colcon.colcon_core.package_discovery:Crawling recursively for packages in '/home/milena/ros2_ws'
[0.564s] Level 1:colcon.colcon_core.package_identification:_identify(.) by extensions ['ignore', 'ignore_ament_install']
[0.564s] Level 1:colcon.colcon_core.package_identification:_identify(.) by extension 'ignore'
[0.564s] Level 1:colcon.colcon_core.package_identification:_identify(.) by extension 'ignore_ament_install'
[0.564s] Level 1:colcon.colcon_core.package_identification:_identify(.) by extensions ['cargo_workspace']
[0.564s] Level 1:colcon.colcon_core.package_identification:_identify(.) by extension 'cargo_workspace'
[0.564s] Level 1:colcon.colcon_core.package_identification:_identify(.) by extensions ['colcon_pkg']
[0.564s] Level 1:colcon.colcon_core.package_identification:_identify(.) by extension 'colcon_pkg'
[0.564s] Level 1:colcon.colcon_core.package_identification:_identify(.) by extensions ['colcon_meta']
[0.564s] Level 1:colcon.colcon_core.package_identification:_identify(.) by extension 'colcon_meta'
[0.564s] Level 1:colcon.colcon_core.package_identification:_identify(.) by extensions ['ros']
[0.564s] Level 1:colcon.colcon_core.package_identification:_identify(.) by extension 'ros'
[0.567s] Level 1:colcon.colcon_core.package_identification:_identify(.) by extensions ['bazel', 'cargo', 'cmake', 'meson', 'python']
[0.567s] Level 1:colcon.colcon_core.package_identification:_identify(.) by extension 'bazel'
[0.567s] Level 1:colcon.colcon_core.package_identification:_identify(.) by extension 'cargo'
[0.567s] Level 1:colcon.colcon_core.package_identification:_identify(.) by extension 'cmake'
[0.567s] Level 1:colcon.colcon_core.package_identification:_identify(.) by extension 'meson'
[0.568s] Level 1:colcon.colcon_core.package_identification:_identify(.) by extension 'python'
[0.568s] Level 1:colcon.colcon_core.package_identification:_identify(.) by extensions ['python_setup_py']
[0.568s] Level 1:colcon.colcon_core.package_identification:_identify(.) by extension 'python_setup_py'
[0.568s] Level 1:colcon.colcon_core.package_identification:_identify(build) by extensions ['ignore', 'ignore_ament_install']
[0.568s] Level 1:colcon.colcon_core.package_identification:_identify(build) by extension 'ignore'
[0.568s] Level 1:colcon.colcon_core.package_identification:_identify(build) ignored
[0.568s] Level 1:colcon.colcon_core.package_identification:_identify(install) by extensions ['ignore', 'ignore_ament_install']
[0.569s] Level 1:colcon.colcon_core.package_identification:_identify(install) by extension 'ignore'
[0.569s] Level 1:colcon.colcon_core.package_identification:_identify(install) ignored
[0.569s] Level 1:colcon.colcon_core.package_identification:_identify(log) by extensions ['ignore', 'ignore_ament_install']
[0.569s] Level 1:colcon.colcon_core.package_identification:_identify(log) by extension 'ignore'
[0.569s] Level 1:colcon.colcon_core.package_identification:_identify(log) ignored
[0.570s] Level 1:colcon.colcon_core.package_identification:_identify(src) by extensions ['ignore', 'ignore_ament_install']
[0.570s] Level 1:colcon.colcon_core.package_identification:_identify(src) by extension 'ignore'
[0.570s] Level 1:colcon.colcon_core.package_identification:_identify(src) by extension 'ignore_ament_install'
[0.570s] Level 1:colcon.colcon_core.package_identification:_identify(src) by extensions ['cargo_workspace']
[0.570s] Level 1:colcon.colcon_core.package_identification:_identify(src) by extension 'cargo_workspace'
[0.570s] Level 1:colcon.colcon_core.package_identification:_identify(src) by extensions ['colcon_pkg']
[0.570s] Level 1:colcon.colcon_core.package_identification:_identify(src) by extension 'colcon_pkg'
[0.570s] Level 1:colcon.colcon_core.package_identification:_identify(src) by extensions ['colcon_meta']
[0.570s] Level 1:colcon.colcon_core.package_identification:_identify(src) by extension 'colcon_meta'
[0.570s] Level 1:colcon.colcon_core.package_identification:_identify(src) by extensions ['ros']
[0.570s] Level 1:colcon.colcon_core.package_identification:_identify(src) by extension 'ros'
[0.570s] Level 1:colcon.colcon_core.package_identification:_identify(src) by extensions ['bazel', 'cargo', 'cmake', 'meson', 'python']
[0.570s] Level 1:colcon.colcon_core.package_identification:_identify(src) by extension 'bazel'
[0.570s] Level 1:colcon.colcon_core.package_identification:_identify(src) by extension 'cargo'
[0.570s] Level 1:colcon.colcon_core.package_identification:_identify(src) by extension 'cmake'
[0.570s] Level 1:colcon.colcon_core.package_identification:_identify(src) by extension 'meson'
[0.571s] Level 1:colcon.colcon_core.package_identification:_identify(src) by extension 'python'
[0.571s] Level 1:colcon.colcon_core.package_identification:_identify(src) by extensions ['python_setup_py']
[0.571s] Level 1:colcon.colcon_core.package_identification:_identify(src) by extension 'python_setup_py'
[0.571s] Level 1:colcon.colcon_core.package_identification:_identify(src/Stage) by extensions ['ignore', 'ignore_ament_install']
[0.571s] Level 1:colcon.colcon_core.package_identification:_identify(src/Stage) by extension 'ignore'
[0.571s] Level 1:colcon.colcon_core.package_identification:_identify(src/Stage) by extension 'ignore_ament_install'
[0.571s] Level 1:colcon.colcon_core.package_identification:_identify(src/Stage) by extensions ['cargo_workspace']
[0.571s] Level 1:colcon.colcon_core.package_identification:_identify(src/Stage) by extension 'cargo_workspace'
[0.571s] Level 1:colcon.colcon_core.package_identification:_identify(src/Stage) by extensions ['colcon_pkg']
[0.571s] Level 1:colcon.colcon_core.package_identification:_identify(src/Stage) by extension 'colcon_pkg'
[0.571s] Level 1:colcon.colcon_core.package_identification:_identify(src/Stage) by extensions ['colcon_meta']
[0.571s] Level 1:colcon.colcon_core.package_identification:_identify(src/Stage) by extension 'colcon_meta'
[0.571s] Level 1:colcon.colcon_core.package_identification:_identify(src/Stage) by extensions ['ros']
[0.571s] Level 1:colcon.colcon_core.package_identification:_identify(src/Stage) by extension 'ros'
[0.574s] DEBUG:colcon.colcon_core.package_identification:Package 'src/Stage' with type 'ros.catkin' and name 'stage'
[0.574s] Level 1:colcon.colcon_core.package_identification:_identify(src/my_py_pkg) by extensions ['ignore', 'ignore_ament_install']
[0.574s] Level 1:colcon.colcon_core.package_identification:_identify(src/my_py_pkg) by extension 'ignore'
[0.574s] Level 1:colcon.colcon_core.package_identification:_identify(src/my_py_pkg) by extension 'ignore_ament_install'
[0.574s] Level 1:colcon.colcon_core.package_identification:_identify(src/my_py_pkg) by extensions ['cargo_workspace']
[0.574s] Level 1:colcon.colcon_core.package_identification:_identify(src/my_py_pkg) by extension 'cargo_workspace'
[0.574s] Level 1:colcon.colcon_core.package_identification:_identify(src/my_py_pkg) by extensions ['colcon_pkg']
[0.574s] Level 1:colcon.colcon_core.package_identification:_identify(src/my_py_pkg) by extension 'colcon_pkg'
[0.574s] Level 1:colcon.colcon_core.package_identification:_identify(src/my_py_pkg) by extensions ['colcon_meta']
[0.574s] Level 1:colcon.colcon_core.package_identification:_identify(src/my_py_pkg) by extension 'colcon_meta'
[0.574s] Level 1:colcon.colcon_core.package_identification:_identify(src/my_py_pkg) by extensions ['ros']
[0.574s] Level 1:colcon.colcon_core.package_identification:_identify(src/my_py_pkg) by extension 'ros'
[0.574s] DEBUG:colcon.colcon_core.package_identification:Package 'src/my_py_pkg' with type 'ros.ament_python' and name 'my_py_pkg'
[0.575s] Level 1:colcon.colcon_core.package_identification:_identify(src/stage_ros2) by extensions ['ignore', 'ignore_ament_install']
[0.575s] Level 1:colcon.colcon_core.package_identification:_identify(src/stage_ros2) by extension 'ignore'
[0.575s] Level 1:colcon.colcon_core.package_identification:_identify(src/stage_ros2) by extension 'ignore_ament_install'
[0.575s] Level 1:colcon.colcon_core.package_identification:_identify(src/stage_ros2) by extensions ['cargo_workspace']
[0.575s] Level 1:colcon.colcon_core.package_identification:_identify(src/stage_ros2) by extension 'cargo_workspace'
[0.575s] Level 1:colcon.colcon_core.package_identification:_identify(src/stage_ros2) by extensions ['colcon_pkg']
[0.575s] Level 1:colcon.colcon_core.package_identification:_identify(src/stage_ros2) by extension 'colcon_pkg'
[0.575s] Level 1:colcon.colcon_core.package_identification:_identify(src/stage_ros2) by extensions ['colcon_meta']
[0.575s] Level 1:colcon.colcon_core.package_identification:_identify(src/stage_ros2) by extension 'colcon_meta'
[0.575s] Level 1:colcon.colcon_core.package_identification:_identify(src/stage_ros2) by extensions ['ros']
[0.575s] Level 1:colcon.colcon_core.package_identification:_identify(src/stage_ros2) by extension 'ros'
[0.575s] DEBUG:colcon.colcon_core.package_identification:Package 'src/stage_ros2' with type 'ros.ament_cmake' and name 'stage_ros2'
[0.575s] Level 1:colcon.colcon_core.package_discovery:discover_packages(recursive) using defaults
[0.575s] Level 1:colcon.colcon_core.package_discovery:discover_packages(ignore) discover
[0.575s] Level 1:colcon.colcon_core.package_discovery:discover_packages(ignore) using defaults
[0.575s] Level 1:colcon.colcon_core.package_discovery:discover_packages(path) discover
[0.576s] Level 1:colcon.colcon_core.package_discovery:discover_packages(path) using defaults
[0.576s] Level 1:colcon.colcon_core.package_discovery:discover_packages(cargo_workspace) discover
[0.576s] Level 1:colcon.colcon_core.package_discovery:discover_packages(cargo_workspace) using defaults
[0.594s] Level 1:colcon.colcon_core.package_discovery:discover_packages(prefix_path) check parameters
[0.594s] Level 1:colcon.colcon_core.package_discovery:discover_packages(prefix_path) discover
[0.596s] DEBUG:colcon.colcon_installed_package_information.package_discovery:Found 3 installed packages in /home/milena/ros2_ws/install
[0.597s] DEBUG:colcon.colcon_installed_package_information.package_discovery:Found 273 installed packages in /opt/ros/humble
[0.598s] Level 1:colcon.colcon_core.package_discovery:discover_packages(prefix_path) using defaults
[0.648s] Level 5:colcon.colcon_core.verb:set package 'my_py_pkg' build argument 'bazel_args' from command line to 'None'
[0.648s] Level 5:colcon.colcon_core.verb:set package 'my_py_pkg' build argument 'bazel_task' from command line to 'None'
[0.648s] Level 5:colcon.colcon_core.verb:set package 'my_py_pkg' build argument 'cargo_args' from command line to 'None'
[0.648s] Level 5:colcon.colcon_core.verb:set package 'my_py_pkg' build argument 'clean_build' from command line to 'False'
[0.648s] Level 5:colcon.colcon_core.verb:set package 'my_py_pkg' build argument 'cmake_args' from command line to 'None'
[0.648s] Level 5:colcon.colcon_core.verb:set package 'my_py_pkg' build argument 'cmake_target' from command line to 'None'
[0.648s] Level 5:colcon.colcon_core.verb:set package 'my_py_pkg' build argument 'cmake_target_skip_unavailable' from command line to 'False'
[0.648s] Level 5:colcon.colcon_core.verb:set package 'my_py_pkg' build argument 'cmake_clean_cache' from command line to 'False'
[0.648s] Level 5:colcon.colcon_core.verb:set package 'my_py_pkg' build argument 'cmake_clean_first' from command line to 'False'
[0.648s] Level 5:colcon.colcon_core.verb:set package 'my_py_pkg' build argument 'cmake_force_configure' from command line to 'False'
[0.648s] Level 5:colcon.colcon_core.verb:set package 'my_py_pkg' build argument 'meson_args' from command line to '[]'
[0.648s] Level 5:colcon.colcon_core.verb:set package 'my_py_pkg' build argument 'ament_cmake_args' from command line to 'None'
[0.648s] Level 5:colcon.colcon_core.verb:set package 'my_py_pkg' build argument 'catkin_cmake_args' from command line to 'None'
[0.648s] Level 5:colcon.colcon_core.verb:set package 'my_py_pkg' build argument 'catkin_skip_building_tests' from command line to 'False'
[0.648s] DEBUG:colcon.colcon_core.verb:Building package 'my_py_pkg' with the following arguments: {'ament_cmake_args': None, 'bazel_args': None, 'bazel_task': None, 'build_base': '/home/milena/ros2_ws/build/my_py_pkg', 'cargo_args': None, 'catkin_cmake_args': None, 'catkin_skip_building_tests': False, 'clean_build': False, 'cmake_args': None, 'cmake_clean_cache': False, 'cmake_clean_first': False, 'cmake_force_configure': False, 'cmake_target': None, 'cmake_target_skip_unavailable': False, 'install_base': '/home/milena/ros2_ws/install/my_py_pkg', 'merge_install': False, 'meson_args': [], 'path': '/home/milena/ros2_ws/src/my_py_pkg', 'symlink_install': False, 'test_result_base': None}
[0.654s] Level 5:colcon.colcon_core.verb:set package 'stage' build argument 'bazel_args' from command line to 'None'
[0.654s] Level 5:colcon.colcon_core.verb:set package 'stage' build argument 'bazel_task' from command line to 'None'
[0.654s] Level 5:colcon.colcon_core.verb:set package 'stage' build argument 'cargo_args' from command line to 'None'
[0.654s] Level 5:colcon.colcon_core.verb:set package 'stage' build argument 'clean_build' from command line to 'False'
[0.654s] Level 5:colcon.colcon_core.verb:set package 'stage' build argument 'cmake_args' from command line to 'None'
[0.654s] Level 5:colcon.colcon_core.verb:set package 'stage' build argument 'cmake_target' from command line to 'None'
[0.654s] Level 5:colcon.colcon_core.verb:set package 'stage' build argument 'cmake_target_skip_unavailable' from command line to 'False'
[0.654s] Level 5:colcon.colcon_core.verb:set package 'stage' build argument 'cmake_clean_cache' from command line to 'False'
[0.654s] Level 5:colcon.colcon_core.verb:set package 'stage' build argument 'cmake_clean_first' from command line to 'False'
[0.654s] Level 5:colcon.colcon_core.verb:set package 'stage' build argument 'cmake_force_configure' from command line to 'False'
[0.654s] Level 5:colcon.colcon_core.verb:set package 'stage' build argument 'meson_args' from command line to '[]'
[0.654s] Level 5:colcon.colcon_core.verb:set package 'stage' build argument 'ament_cmake_args' from command line to 'None'
[0.654s] Level 5:colcon.colcon_core.verb:set package 'stage' build argument 'catkin_cmake_args' from command line to 'None'
[0.654s] Level 5:colcon.colcon_core.verb:set package 'stage' build argument 'catkin_skip_building_tests' from command line to 'False'
[0.654s] DEBUG:colcon.colcon_core.verb:Building package 'stage' with the following arguments: {'ament_cmake_args': None, 'bazel_args': None, 'bazel_task': None, 'build_base': '/home/milena/ros2_ws/build/stage', 'cargo_args': None, 'catkin_cmake_args': None, 'catkin_skip_building_tests': False, 'clean_build': False, 'cmake_args': None, 'cmake_clean_cache': False, 'cmake_clean_first': False, 'cmake_force_configure': False, 'cmake_target': None, 'cmake_target_skip_unavailable': False, 'install_base': '/home/milena/ros2_ws/install/stage', 'merge_install': False, 'meson_args': [], 'path': '/home/milena/ros2_ws/src/Stage', 'symlink_install': False, 'test_result_base': None}
[0.661s] Level 5:colcon.colcon_core.verb:set package 'stage_ros2' build argument 'bazel_args' from command line to 'None'
[0.661s] Level 5:colcon.colcon_core.verb:set package 'stage_ros2' build argument 'bazel_task' from command line to 'None'
[0.661s] Level 5:colcon.colcon_core.verb:set package 'stage_ros2' build argument 'cargo_args' from command line to 'None'
[0.661s] Level 5:colcon.colcon_core.verb:set package 'stage_ros2' build argument 'clean_build' from command line to 'False'
[0.661s] Level 5:colcon.colcon_core.verb:set package 'stage_ros2' build argument 'cmake_args' from command line to 'None'
[0.661s] Level 5:colcon.colcon_core.verb:set package 'stage_ros2' build argument 'cmake_target' from command line to 'None'
[0.661s] Level 5:colcon.colcon_core.verb:set package 'stage_ros2' build argument 'cmake_target_skip_unavailable' from command line to 'False'
[0.661s] Level 5:colcon.colcon_core.verb:set package 'stage_ros2' build argument 'cmake_clean_cache' from command line to 'False'
[0.661s] Level 5:colcon.colcon_core.verb:set package 'stage_ros2' build argument 'cmake_clean_first' from command line to 'False'
[0.661s] Level 5:colcon.colcon_core.verb:set package 'stage_ros2' build argument 'cmake_force_configure' from command line to 'False'
[0.661s] Level 5:colcon.colcon_core.verb:set package 'stage_ros2' build argument 'meson_args' from command line to '[]'
[0.661s] Level 5:colcon.colcon_core.verb:set package 'stage_ros2' build argument 'ament_cmake_args' from command line to 'None'
[0.661s] Level 5:colcon.colcon_core.verb:set package 'stage_ros2' build argument 'catkin_cmake_args' from command line to 'None'
[0.661s] Level 5:colcon.colcon_core.verb:set package 'stage_ros2' build argument 'catkin_skip_building_tests' from command line to 'False'
[0.661s] DEBUG:colcon.colcon_core.verb:Building package 'stage_ros2' with the following arguments: {'ament_cmake_args': None, 'bazel_args': None, 'bazel_task': None, 'build_base': '/home/milena/ros2_ws/build/stage_ros2', 'cargo_args': None, 'catkin_cmake_args': None, 'catkin_skip_building_tests': False, 'clean_build': False, 'cmake_args': None, 'cmake_clean_cache': False, 'cmake_clean_first': False, 'cmake_force_configure': False, 'cmake_target': None, 'cmake_target_skip_unavailable': False, 'install_base': '/home/milena/ros2_ws/install/stage_ros2', 'merge_install': False, 'meson_args': [], 'path': '/home/milena/ros2_ws/src/stage_ros2', 'symlink_install': False, 'test_result_base': None}
[0.661s] INFO:colcon.colcon_core.executor:Executing jobs using 'parallel' executor
[0.662s] DEBUG:colcon.colcon_parallel_executor.executor.parallel:run_until_complete
[0.662s] INFO:colcon.colcon_ros.task.ament_python.build:Building ROS package in '/home/milena/ros2_ws/src/my_py_pkg' with build type 'ament_python'
[0.662s] Level 1:colcon.colcon_core.shell:create_environment_hook('my_py_pkg', 'ament_prefix_path')
[0.665s] INFO:colcon.colcon_core.plugin_system:Skipping extension 'colcon_core.shell.bat': Not used on non-Windows systems
[0.665s] INFO:colcon.colcon_core.shell:Creating environment hook '/home/milena/ros2_ws/install/my_py_pkg/share/my_py_pkg/hook/ament_prefix_path.ps1'
[0.666s] INFO:colcon.colcon_core.shell:Creating environment descriptor '/home/milena/ros2_ws/install/my_py_pkg/share/my_py_pkg/hook/ament_prefix_path.dsv'
[0.666s] INFO:colcon.colcon_core.shell:Creating environment hook '/home/milena/ros2_ws/install/my_py_pkg/share/my_py_pkg/hook/ament_prefix_path.sh'
[0.667s] DEBUG:colcon.colcon_ros_domain_id_coordinator.shell.ros_domain_id:Allocated ROS_DOMAIN_ID=49 for '/home/milena/ros2_ws/build/my_py_pkg'
[0.667s] INFO:colcon.colcon_core.shell:Skip shell extension 'ros_domain_id' for command environment: 
[0.667s] INFO:colcon.colcon_core.shell:Skip shell extension 'powershell' for command environment: Not usable outside of PowerShell
[0.667s] DEBUG:colcon.colcon_core.shell:Skip shell extension 'dsv' for command environment
[0.669s] INFO:colcon.colcon_ros.task.catkin.build:Building ROS package in '/home/milena/ros2_ws/src/Stage' with build type 'catkin'
[0.669s] INFO:colcon.colcon_cmake.task.cmake.build:Building CMake package in '/home/milena/ros2_ws/src/Stage'
[0.669s] DEBUG:colcon.colcon_ros_domain_id_coordinator.shell.ros_domain_id:Allocated ROS_DOMAIN_ID=35 for '/home/milena/ros2_ws/build/stage'
[0.669s] INFO:colcon.colcon_core.shell:Skip shell extension 'ros_domain_id' for command environment: 
[0.669s] INFO:colcon.colcon_core.shell:Skip shell extension 'powershell' for command environment: Not usable outside of PowerShell
[0.669s] DEBUG:colcon.colcon_core.shell:Skip shell extension 'dsv' for command environment
[0.671s] INFO:colcon.colcon_ros.task.ament_cmake.build:Building ROS package in '/home/milena/ros2_ws/src/stage_ros2' with build type 'ament_cmake'
[0.672s] INFO:colcon.colcon_cmake.task.cmake.build:Building CMake package in '/home/milena/ros2_ws/src/stage_ros2'
[0.672s] DEBUG:colcon.colcon_ros_domain_id_coordinator.shell.ros_domain_id:Allocated ROS_DOMAIN_ID=65 for '/home/milena/ros2_ws/build/stage_ros2'
[0.672s] INFO:colcon.colcon_core.shell:Skip shell extension 'ros_domain_id' for command environment: 
[0.672s] INFO:colcon.colcon_core.shell:Skip shell extension 'powershell' for command environment: Not usable outside of PowerShell
[0.672s] DEBUG:colcon.colcon_core.shell:Skip shell extension 'dsv' for command environment
[0.855s] INFO:colcon.colcon_core.task.python.build:Building Python package in '/home/milena/ros2_ws/src/my_py_pkg'
[0.855s] DEBUG:colcon.colcon_ros_domain_id_coordinator.shell.ros_domain_id:Allocated ROS_DOMAIN_ID=49 for '/home/milena/ros2_ws/build/my_py_pkg'
[0.855s] INFO:colcon.colcon_core.shell:Skip shell extension 'ros_domain_id' for command environment: 
[0.855s] INFO:colcon.colcon_core.shell:Skip shell extension 'powershell' for command environment: Not usable outside of PowerShell
[0.855s] DEBUG:colcon.colcon_core.shell:Skip shell extension 'dsv' for command environment
[0.859s] DEBUG:colcon.colcon_core.event_handler.log_command:Invoking command in '/home/milena/ros2_ws/build/stage': ROS_DOMAIN_ID=35 /usr/bin/cmake --build /home/milena/ros2_ws/build/stage -- -j12 -l12
[0.865s] DEBUG:colcon.colcon_core.event_handler.log_command:Invoking command in '/home/milena/ros2_ws/build/stage_ros2': CMAKE_PREFIX_PATH=/home/milena/ros2_ws/install/stage_ros2:/home/milena/ros2_ws/install/my_py_pkg:/opt/ros/humble:/home/milena/ros2_ws/install/stage ROS_DOMAIN_ID=65 /usr/bin/cmake --build /home/milena/ros2_ws/build/stage_ros2 -- -j12 -l12
[0.975s] DEBUG:colcon.colcon_core.event_handler.log_command:Invoked command in '/home/milena/ros2_ws/build/stage_ros2' returned '0': CMAKE_PREFIX_PATH=/home/milena/ros2_ws/install/stage_ros2:/home/milena/ros2_ws/install/my_py_pkg:/opt/ros/humble:/home/milena/ros2_ws/install/stage ROS_DOMAIN_ID=65 /usr/bin/cmake --build /home/milena/ros2_ws/build/stage_ros2 -- -j12 -l12
[0.987s] DEBUG:colcon.colcon_core.event_handler.log_command:Invoking command in '/home/milena/ros2_ws/build/stage_ros2': CMAKE_PREFIX_PATH=/home/milena/ros2_ws/install/stage_ros2:/home/milena/ros2_ws/install/my_py_pkg:/opt/ros/humble:/home/milena/ros2_ws/install/stage ROS_DOMAIN_ID=65 /usr/bin/cmake --install /home/milena/ros2_ws/build/stage_ros2
[0.988s] DEBUG:colcon.colcon_core.event_handler.log_command:Invoked command in '/home/milena/ros2_ws/build/stage' returned '0': ROS_DOMAIN_ID=35 /usr/bin/cmake --build /home/milena/ros2_ws/build/stage -- -j12 -l12
[0.990s] DEBUG:colcon.colcon_core.event_handler.log_command:Invoking command in '/home/milena/ros2_ws/build/stage': ROS_DOMAIN_ID=35 /usr/bin/cmake --install /home/milena/ros2_ws/build/stage
[1.008s] DEBUG:colcon.colcon_core.event_handler.log_command:Invoked command in '/home/milena/ros2_ws/build/stage' returned '0': ROS_DOMAIN_ID=35 /usr/bin/cmake --install /home/milena/ros2_ws/build/stage
[1.008s] Level 1:colcon.colcon_core.shell:create_environment_hook('stage', 'ros_package_path')
[1.009s] INFO:colcon.colcon_core.shell:Creating environment hook '/home/milena/ros2_ws/install/stage/share/stage/hook/ros_package_path.ps1'
[1.010s] INFO:colcon.colcon_core.shell:Creating environment descriptor '/home/milena/ros2_ws/install/stage/share/stage/hook/ros_package_path.dsv'
[1.010s] INFO:colcon.colcon_core.shell:Creating environment hook '/home/milena/ros2_ws/install/stage/share/stage/hook/ros_package_path.sh'
[1.011s] Level 1:colcon.colcon_core.shell:create_environment_hook('stage', 'pkg_config_path')
[1.011s] INFO:colcon.colcon_core.shell:Creating environment hook '/home/milena/ros2_ws/install/stage/share/stage/hook/pkg_config_path.ps1'
[1.012s] INFO:colcon.colcon_core.shell:Creating environment descriptor '/home/milena/ros2_ws/install/stage/share/stage/hook/pkg_config_path.dsv'
[1.012s] INFO:colcon.colcon_core.shell:Creating environment hook '/home/milena/ros2_ws/install/stage/share/stage/hook/pkg_config_path.sh'
[1.014s] Level 1:colcon.colcon_core.shell:create_environment_hook('stage', 'pkg_config_path_multiarch')
[1.014s] INFO:colcon.colcon_core.shell:Creating environment hook '/home/milena/ros2_ws/install/stage/share/stage/hook/pkg_config_path_multiarch.ps1'
[1.015s] INFO:colcon.colcon_core.shell:Creating environment descriptor '/home/milena/ros2_ws/install/stage/share/stage/hook/pkg_config_path_multiarch.dsv'
[1.015s] INFO:colcon.colcon_core.shell:Creating environment hook '/home/milena/ros2_ws/install/stage/share/stage/hook/pkg_config_path_multiarch.sh'
[1.016s] Level 1:colcon.colcon_core.environment:create_environment_scripts_only(stage)
[1.020s] Level 1:colcon.colcon_core.environment:checking '/home/milena/ros2_ws/install/stage' for CMake module files
[1.020s] Level 1:colcon.colcon_core.environment:checking '/home/milena/ros2_ws/install/stage' for CMake config files
[1.021s] Level 1:colcon.colcon_core.shell:create_environment_hook('stage', 'cmake_prefix_path')
[1.022s] INFO:colcon.colcon_core.shell:Creating environment hook '/home/milena/ros2_ws/install/stage/share/stage/hook/cmake_prefix_path.ps1'
[1.022s] INFO:colcon.colcon_core.shell:Creating environment descriptor '/home/milena/ros2_ws/install/stage/share/stage/hook/cmake_prefix_path.dsv'
[1.022s] INFO:colcon.colcon_core.shell:Creating environment hook '/home/milena/ros2_ws/install/stage/share/stage/hook/cmake_prefix_path.sh'
[1.023s] Level 1:colcon.colcon_core.environment:checking '/home/milena/ros2_ws/install/stage/lib'
[1.023s] Level 1:colcon.colcon_core.shell:create_environment_hook('stage', 'ld_library_path_lib')
[1.023s] INFO:colcon.colcon_core.shell:Creating environment hook '/home/milena/ros2_ws/install/stage/share/stage/hook/ld_library_path_lib.ps1'
[1.023s] INFO:colcon.colcon_core.shell:Creating environment descriptor '/home/milena/ros2_ws/install/stage/share/stage/hook/ld_library_path_lib.dsv'
[1.023s] INFO:colcon.colcon_core.shell:Creating environment hook '/home/milena/ros2_ws/install/stage/share/stage/hook/ld_library_path_lib.sh'
[1.024s] Level 1:colcon.colcon_core.environment:checking '/home/milena/ros2_ws/install/stage/bin'
[1.024s] Level 1:colcon.colcon_core.shell:create_environment_hook('stage', 'path')
[1.024s] INFO:colcon.colcon_core.shell:Creating environment hook '/home/milena/ros2_ws/install/stage/share/stage/hook/path.ps1'
[1.024s] INFO:colcon.colcon_core.shell:Creating environment descriptor '/home/milena/ros2_ws/install/stage/share/stage/hook/path.dsv'
[1.024s] INFO:colcon.colcon_core.shell:Creating environment hook '/home/milena/ros2_ws/install/stage/share/stage/hook/path.sh'
[1.024s] Level 1:colcon.colcon_core.environment:checking '/home/milena/ros2_ws/install/stage/lib/pkgconfig/stage.pc'
[1.024s] Level 1:colcon.colcon_core.shell:create_environment_hook('stage', 'pkg_config')
[1.025s] INFO:colcon.colcon_core.shell:Creating environment hook '/home/milena/ros2_ws/install/stage/share/stage/hook/pkg_config.ps1'
[1.025s] INFO:colcon.colcon_core.shell:Creating environment descriptor '/home/milena/ros2_ws/install/stage/share/stage/hook/pkg_config.dsv'
[1.025s] INFO:colcon.colcon_core.shell:Creating environment hook '/home/milena/ros2_ws/install/stage/share/stage/hook/pkg_config.sh'
[1.025s] Level 1:colcon.colcon_core.environment:checking '/home/milena/ros2_ws/install/stage/lib/python3.10/site-packages'
[1.025s] Level 1:colcon.colcon_core.environment:checking '/home/milena/ros2_ws/install/stage/bin'
[1.026s] Level 1:colcon.colcon_core.shell:create_environment_hook('stage', 'pythonscriptspath')
[1.026s] INFO:colcon.colcon_core.shell:Creating environment hook '/home/milena/ros2_ws/install/stage/share/stage/hook/pythonscriptspath.ps1'
[1.026s] INFO:colcon.colcon_core.shell:Creating environment descriptor '/home/milena/ros2_ws/install/stage/share/stage/hook/pythonscriptspath.dsv'
[1.026s] INFO:colcon.colcon_core.shell:Creating environment hook '/home/milena/ros2_ws/install/stage/share/stage/hook/pythonscriptspath.sh'
[1.027s] INFO:colcon.colcon_core.shell:Creating package script '/home/milena/ros2_ws/install/stage/share/stage/package.ps1'
[1.028s] INFO:colcon.colcon_core.shell:Creating package descriptor '/home/milena/ros2_ws/install/stage/share/stage/package.dsv'
[1.028s] INFO:colcon.colcon_core.shell:Creating package script '/home/milena/ros2_ws/install/stage/share/stage/package.sh'
[1.029s] INFO:colcon.colcon_core.shell:Creating package script '/home/milena/ros2_ws/install/stage/share/stage/package.bash'
[1.029s] INFO:colcon.colcon_core.shell:Creating package script '/home/milena/ros2_ws/install/stage/share/stage/package.zsh'
[1.030s] Level 1:colcon.colcon_core.environment:create_file_with_runtime_dependencies(/home/milena/ros2_ws/install/stage/share/colcon-core/packages/stage)
[1.030s] DEBUG:colcon.colcon_ros_domain_id_coordinator.shell.ros_domain_id:Released ROS_DOMAIN_ID=35 for '/home/milena/ros2_ws/build/stage'
[1.031s] Level 1:colcon.colcon_core.environment:create_environment_scripts_only(stage_ros2)
[1.031s] DEBUG:colcon.colcon_core.event_handler.log_command:Invoked command in '/home/milena/ros2_ws/build/stage_ros2' returned '0': CMAKE_PREFIX_PATH=/home/milena/ros2_ws/install/stage_ros2:/home/milena/ros2_ws/install/my_py_pkg:/opt/ros/humble:/home/milena/ros2_ws/install/stage ROS_DOMAIN_ID=65 /usr/bin/cmake --install /home/milena/ros2_ws/build/stage_ros2
[1.031s] Level 1:colcon.colcon_core.environment:checking '/home/milena/ros2_ws/install/stage_ros2' for CMake module files
[1.033s] Level 1:colcon.colcon_core.environment:checking '/home/milena/ros2_ws/install/stage_ros2' for CMake config files
[1.034s] Level 1:colcon.colcon_core.shell:create_environment_hook('stage_ros2', 'cmake_prefix_path')
[1.034s] INFO:colcon.colcon_core.shell:Creating environment hook '/home/milena/ros2_ws/install/stage_ros2/share/stage_ros2/hook/cmake_prefix_path.ps1'
[1.035s] INFO:colcon.colcon_core.shell:Creating environment descriptor '/home/milena/ros2_ws/install/stage_ros2/share/stage_ros2/hook/cmake_prefix_path.dsv'
[1.035s] INFO:colcon.colcon_core.shell:Creating environment hook '/home/milena/ros2_ws/install/stage_ros2/share/stage_ros2/hook/cmake_prefix_path.sh'
[1.036s] Level 1:colcon.colcon_core.environment:checking '/home/milena/ros2_ws/install/stage_ros2/lib'
[1.036s] Level 1:colcon.colcon_core.shell:create_environment_hook('stage_ros2', 'ld_library_path_lib')
[1.036s] INFO:colcon.colcon_core.shell:Creating environment hook '/home/milena/ros2_ws/install/stage_ros2/share/stage_ros2/hook/ld_library_path_lib.ps1'
[1.037s] INFO:colcon.colcon_core.shell:Creating environment descriptor '/home/milena/ros2_ws/install/stage_ros2/share/stage_ros2/hook/ld_library_path_lib.dsv'
[1.037s] INFO:colcon.colcon_core.shell:Creating environment hook '/home/milena/ros2_ws/install/stage_ros2/share/stage_ros2/hook/ld_library_path_lib.sh'
[1.038s] Level 1:colcon.colcon_core.environment:checking '/home/milena/ros2_ws/install/stage_ros2/bin'
[1.038s] Level 1:colcon.colcon_core.environment:checking '/home/milena/ros2_ws/install/stage_ros2/lib/pkgconfig/stage_ros2.pc'
[1.038s] Level 1:colcon.colcon_core.environment:checking '/home/milena/ros2_ws/install/stage_ros2/lib/python3.10/site-packages'
[1.039s] Level 1:colcon.colcon_core.environment:checking '/home/milena/ros2_ws/install/stage_ros2/bin'
[1.039s] INFO:colcon.colcon_core.shell:Creating package script '/home/milena/ros2_ws/install/stage_ros2/share/stage_ros2/package.ps1'
[1.040s] INFO:colcon.colcon_core.shell:Creating package descriptor '/home/milena/ros2_ws/install/stage_ros2/share/stage_ros2/package.dsv'
[1.040s] INFO:colcon.colcon_core.shell:Creating package script '/home/milena/ros2_ws/install/stage_ros2/share/stage_ros2/package.sh'
[1.041s] INFO:colcon.colcon_core.shell:Creating package script '/home/milena/ros2_ws/install/stage_ros2/share/stage_ros2/package.bash'
[1.041s] INFO:colcon.colcon_core.shell:Creating package script '/home/milena/ros2_ws/install/stage_ros2/share/stage_ros2/package.zsh'
[1.041s] Level 1:colcon.colcon_core.environment:create_file_with_runtime_dependencies(/home/milena/ros2_ws/install/stage_ros2/share/colcon-core/packages/stage_ros2)
[1.042s] Level 1:colcon.colcon_core.environment:create_environment_scripts_only(stage_ros2)
[1.042s] Level 1:colcon.colcon_core.environment:checking '/home/milena/ros2_ws/install/stage_ros2' for CMake module files
[1.042s] Level 1:colcon.colcon_core.environment:checking '/home/milena/ros2_ws/install/stage_ros2' for CMake config files
[1.042s] Level 1:colcon.colcon_core.shell:create_environment_hook('stage_ros2', 'cmake_prefix_path')
[1.042s] INFO:colcon.colcon_core.shell:Creating environment hook '/home/milena/ros2_ws/install/stage_ros2/share/stage_ros2/hook/cmake_prefix_path.ps1'
[1.043s] INFO:colcon.colcon_core.shell:Creating environment descriptor '/home/milena/ros2_ws/install/stage_ros2/share/stage_ros2/hook/cmake_prefix_path.dsv'
[1.043s] INFO:colcon.colcon_core.shell:Creating environment hook '/home/milena/ros2_ws/install/stage_ros2/share/stage_ros2/hook/cmake_prefix_path.sh'
[1.043s] Level 1:colcon.colcon_core.environment:checking '/home/milena/ros2_ws/install/stage_ros2/lib'
[1.043s] Level 1:colcon.colcon_core.shell:create_environment_hook('stage_ros2', 'ld_library_path_lib')
[1.044s] INFO:colcon.colcon_core.shell:Creating environment hook '/home/milena/ros2_ws/install/stage_ros2/share/stage_ros2/hook/ld_library_path_lib.ps1'
[1.044s] INFO:colcon.colcon_core.shell:Creating environment descriptor '/home/milena/ros2_ws/install/stage_ros2/share/stage_ros2/hook/ld_library_path_lib.dsv'
[1.044s] INFO:colcon.colcon_core.shell:Creating environment hook '/home/milena/ros2_ws/install/stage_ros2/share/stage_ros2/hook/ld_library_path_lib.sh'
[1.044s] Level 1:colcon.colcon_core.environment:checking '/home/milena/ros2_ws/install/stage_ros2/bin'
[1.044s] Level 1:colcon.colcon_core.environment:checking '/home/milena/ros2_ws/install/stage_ros2/lib/pkgconfig/stage_ros2.pc'
[1.044s] Level 1:colcon.colcon_core.environment:checking '/home/milena/ros2_ws/install/stage_ros2/lib/python3.10/site-packages'
[1.045s] Level 1:colcon.colcon_core.environment:checking '/home/milena/ros2_ws/install/stage_ros2/bin'
[1.045s] INFO:colcon.colcon_core.shell:Creating package script '/home/milena/ros2_ws/install/stage_ros2/share/stage_ros2/package.ps1'
[1.045s] INFO:colcon.colcon_core.shell:Creating package descriptor '/home/milena/ros2_ws/install/stage_ros2/share/stage_ros2/package.dsv'
[1.045s] INFO:colcon.colcon_core.shell:Creating package script '/home/milena/ros2_ws/install/stage_ros2/share/stage_ros2/package.sh'
[1.046s] INFO:colcon.colcon_core.shell:Creating package script '/home/milena/ros2_ws/install/stage_ros2/share/stage_ros2/package.bash'
[1.046s] INFO:colcon.colcon_core.shell:Creating package script '/home/milena/ros2_ws/install/stage_ros2/share/stage_ros2/package.zsh'
[1.046s] Level 1:colcon.colcon_core.environment:create_file_with_runtime_dependencies(/home/milena/ros2_ws/install/stage_ros2/share/colcon-core/packages/stage_ros2)
[1.046s] DEBUG:colcon.colcon_ros_domain_id_coordinator.shell.ros_domain_id:Released ROS_DOMAIN_ID=65 for '/home/milena/ros2_ws/build/stage_ros2'
[1.172s] DEBUG:colcon.colcon_core.event_handler.log_command:Invoking command in '/home/milena/ros2_ws/src/my_py_pkg': PYTHONPATH=/home/milena/ros2_ws/build/my_py_pkg/prefix_override:/usr/lib/python3/dist-packages/colcon_core/task/python/colcon_distutils_commands:/home/milena/ros2_ws/install/my_py_pkg/lib/python3.10/site-packages:${PYTHONPATH} /usr/bin/python3 -W ignore:setup.py install is deprecated -W ignore:easy_install command is deprecated setup.py egg_info --egg-base ../../build/my_py_pkg build --build-base /home/milena/ros2_ws/build/my_py_pkg/build install --record /home/milena/ros2_ws/build/my_py_pkg/install.log --single-version-externally-managed install_data
[1.375s] Level 1:colcon.colcon_core.environment:checking '/home/milena/ros2_ws/install/my_py_pkg' for CMake module files
[1.376s] DEBUG:colcon.colcon_core.event_handler.log_command:Invoked command in '/home/milena/ros2_ws/src/my_py_pkg' returned '0': PYTHONPATH=/home/milena/ros2_ws/build/my_py_pkg/prefix_override:/usr/lib/python3/dist-packages/colcon_core/task/python/colcon_distutils_commands:/home/milena/ros2_ws/install/my_py_pkg/lib/python3.10/site-packages:${PYTHONPATH} /usr/bin/python3 -W ignore:setup.py install is deprecated -W ignore:easy_install command is deprecated setup.py egg_info --egg-base ../../build/my_py_pkg build --build-base /home/milena/ros2_ws/build/my_py_pkg/build install --record /home/milena/ros2_ws/build/my_py_pkg/install.log --single-version-externally-managed install_data
[1.376s] Level 1:colcon.colcon_core.environment:checking '/home/milena/ros2_ws/install/my_py_pkg' for CMake config files
[1.378s] Level 1:colcon.colcon_core.environment:checking '/home/milena/ros2_ws/install/my_py_pkg/lib'
[1.378s] Level 1:colcon.colcon_core.environment:checking '/home/milena/ros2_ws/install/my_py_pkg/bin'
[1.378s] Level 1:colcon.colcon_core.environment:checking '/home/milena/ros2_ws/install/my_py_pkg/lib/pkgconfig/my_py_pkg.pc'
[1.379s] Level 1:colcon.colcon_core.environment:checking '/home/milena/ros2_ws/install/my_py_pkg/lib/python3.10/site-packages'
[1.379s] Level 1:colcon.colcon_core.shell:create_environment_hook('my_py_pkg', 'pythonpath')
[1.379s] INFO:colcon.colcon_core.shell:Creating environment hook '/home/milena/ros2_ws/install/my_py_pkg/share/my_py_pkg/hook/pythonpath.ps1'
[1.380s] INFO:colcon.colcon_core.shell:Creating environment descriptor '/home/milena/ros2_ws/install/my_py_pkg/share/my_py_pkg/hook/pythonpath.dsv'
[1.380s] INFO:colcon.colcon_core.shell:Creating environment hook '/home/milena/ros2_ws/install/my_py_pkg/share/my_py_pkg/hook/pythonpath.sh'
[1.381s] Level 1:colcon.colcon_core.environment:checking '/home/milena/ros2_ws/install/my_py_pkg/bin'
[1.381s] Level 1:colcon.colcon_core.environment:create_environment_scripts_only(my_py_pkg)
[1.381s] INFO:colcon.colcon_core.shell:Creating package script '/home/milena/ros2_ws/install/my_py_pkg/share/my_py_pkg/package.ps1'
[1.382s] INFO:colcon.colcon_core.shell:Creating package descriptor '/home/milena/ros2_ws/install/my_py_pkg/share/my_py_pkg/package.dsv'
[1.383s] INFO:colcon.colcon_core.shell:Creating package script '/home/milena/ros2_ws/install/my_py_pkg/share/my_py_pkg/package.sh'
[1.383s] INFO:colcon.colcon_core.shell:Creating package script '/home/milena/ros2_ws/install/my_py_pkg/share/my_py_pkg/package.bash'
[1.383s] INFO:colcon.colcon_core.shell:Creating package script '/home/milena/ros2_ws/install/my_py_pkg/share/my_py_pkg/package.zsh'
[1.383s] Level 1:colcon.colcon_core.environment:create_file_with_runtime_dependencies(/home/milena/ros2_ws/install/my_py_pkg/share/colcon-core/packages/my_py_pkg)
[1.383s] DEBUG:colcon.colcon_parallel_executor.executor.parallel:closing loop
[1.383s] DEBUG:colcon.colcon_ros_domain_id_coordinator.shell.ros_domain_id:Released ROS_DOMAIN_ID=49 for '/home/milena/ros2_ws/build/my_py_pkg'
[1.383s] DEBUG:colcon.colcon_parallel_executor.executor.parallel:loop closed
[1.384s] DEBUG:colcon.colcon_parallel_executor.executor.parallel:run_until_complete finished with '0'
[1.384s] DEBUG:colcon.colcon_core.event_reactor:joining thread
[1.393s] INFO:colcon.colcon_core.plugin_system:Skipping extension 'colcon_notification.desktop_notification.terminal_notifier': Not used on non-Darwin systems
[1.393s] INFO:colcon.colcon_core.plugin_system:Skipping extension 'colcon_notification.desktop_notification.win32': Not used on non-Windows systems
[1.393s] INFO:colcon.colcon_notification.desktop_notification:Sending desktop notification using 'notify2'
[1.408s] DEBUG:colcon.colcon_core.event_reactor:joined thread
[1.408s] INFO:colcon.colcon_core.shell:Creating prefix script '/home/milena/ros2_ws/install/local_setup.ps1'
[1.410s] INFO:colcon.colcon_core.shell:Creating prefix util module '/home/milena/ros2_ws/install/_local_setup_util_ps1.py'
[1.411s] INFO:colcon.colcon_core.shell:Creating prefix chain script '/home/milena/ros2_ws/install/setup.ps1'
[1.413s] INFO:colcon.colcon_core.shell:Creating prefix script '/home/milena/ros2_ws/install/local_setup.sh'
[1.413s] INFO:colcon.colcon_core.shell:Creating prefix util module '/home/milena/ros2_ws/install/_local_setup_util_sh.py'
[1.414s] INFO:colcon.colcon_core.shell:Creating prefix chain script '/home/milena/ros2_ws/install/setup.sh'
[1.415s] INFO:colcon.colcon_core.shell:Creating prefix script '/home/milena/ros2_ws/install/local_setup.bash'
[1.415s] INFO:colcon.colcon_core.shell:Creating prefix chain script '/home/milena/ros2_ws/install/setup.bash'
[1.416s] INFO:colcon.colcon_core.shell:Creating prefix script '/home/milena/ros2_ws/install/local_setup.zsh'
[1.416s] INFO:colcon.colcon_core.shell:Creating prefix chain script '/home/milena/ros2_ws/install/setup.zsh'
[1.417s] INFO:colcon.colcon_core.shell:Creating '/home/milena/ros2_ws/install/spawn_shell.bash'
