[0.414s] Invoking command in '/home/milena/ros2_ws/build/my_py_pkg': PYTHONPATH=/home/milena/ros2_ws/build/my_py_pkg/prefix_override:/usr/lib/python3/dist-packages/colcon_core/task/python/colcon_distutils_commands:/home/milena/ros2_ws/install/my_py_pkg/lib/python3.10/site-packages:${PYTHONPATH} /usr/bin/python3 -W ignore:setup.py install is deprecated -W ignore:easy_install command is deprecated setup.py develop --editable --build-directory /home/milena/ros2_ws/build/my_py_pkg/build --no-deps symlink_data
[0.716s] running develop
[0.821s] running egg_info
[0.822s] writing my_py_pkg.egg-info/PKG-INFO
[0.822s] writing dependency_links to my_py_pkg.egg-info/dependency_links.txt
[0.822s] writing entry points to my_py_pkg.egg-info/entry_points.txt
[0.822s] writing requirements to my_py_pkg.egg-info/requires.txt
[0.822s] writing top-level names to my_py_pkg.egg-info/top_level.txt
[0.823s] reading manifest file 'my_py_pkg.egg-info/SOURCES.txt'
[0.823s] writing manifest file 'my_py_pkg.egg-info/SOURCES.txt'
[0.824s] running build_ext
[0.824s] Creating /home/milena/ros2_ws/install/my_py_pkg/lib/python3.10/site-packages/my-py-pkg.egg-link (link to .)
[0.825s] Installing add_two_ints script to /home/milena/ros2_ws/install/my_py_pkg/lib/my_py_pkg
[0.825s] Installing add_two_ints_client script to /home/milena/ros2_ws/install/my_py_pkg/lib/my_py_pkg
[0.825s] Installing number_publisher script to /home/milena/ros2_ws/install/my_py_pkg/lib/my_py_pkg
[0.825s] Installing publisher script to /home/milena/ros2_ws/install/my_py_pkg/lib/my_py_pkg
[0.825s] Installing py_node script to /home/milena/ros2_ws/install/my_py_pkg/lib/my_py_pkg
[0.825s] Installing subscriber script to /home/milena/ros2_ws/install/my_py_pkg/lib/my_py_pkg
[0.825s] 
[0.825s] Installed /home/milena/ros2_ws/build/my_py_pkg
[0.826s] running symlink_data
