[0.181s] Invoking command in '/home/milena/ros2_ws/build/stage_ros2': CMAKE_PREFIX_PATH=/home/milena/ros2_ws/install/stage_ros2:/home/milena/ros2_ws/install/my_py_pkg:/opt/ros/humble:/home/milena/ros2_ws/install/stage ROS_DOMAIN_ID=62 /usr/bin/cmake --build /home/milena/ros2_ws/build/stage_ros2 -- -j12 -l12
[0.246s] [ 71%] Built target stage_node
[0.276s] [100%] Built target stage_ros2
[0.285s] Invoked command in '/home/milena/ros2_ws/build/stage_ros2' returned '0': CMAKE_PREFIX_PATH=/home/milena/ros2_ws/install/stage_ros2:/home/milena/ros2_ws/install/my_py_pkg:/opt/ros/humble:/home/milena/ros2_ws/install/stage ROS_DOMAIN_ID=62 /usr/bin/cmake --build /home/milena/ros2_ws/build/stage_ros2 -- -j12 -l12
[0.296s] Invoking command in '/home/milena/ros2_ws/build/stage_ros2': CMAKE_PREFIX_PATH=/home/milena/ros2_ws/install/stage_ros2:/home/milena/ros2_ws/install/my_py_pkg:/opt/ros/humble:/home/milena/ros2_ws/install/stage ROS_DOMAIN_ID=62 /usr/bin/cmake --install /home/milena/ros2_ws/build/stage_ros2
[0.301s] -- Install configuration: ""
[0.301s] -- Execute custom install script
[0.301s] -- Up-to-date symlink: /home/milena/ros2_ws/install/stage_ros2/share/stage_ros2/environment/library_path.sh
[0.302s] -- Up-to-date symlink: /home/milena/ros2_ws/install/stage_ros2/share/stage_ros2/environment/library_path.dsv
[0.302s] -- Up-to-date symlink: /home/milena/ros2_ws/install/stage_ros2/share/stage_ros2//launch/demo.launch.py
[0.302s] -- Up-to-date symlink: /home/milena/ros2_ws/install/stage_ros2/share/stage_ros2//launch/f710.launch.py
[0.302s] -- Up-to-date symlink: /home/milena/ros2_ws/install/stage_ros2/share/stage_ros2//launch/rviz.launch.py
[0.302s] -- Up-to-date symlink: /home/milena/ros2_ws/install/stage_ros2/share/stage_ros2//launch/rviz_ns.launch.py
[0.302s] -- Up-to-date symlink: /home/milena/ros2_ws/install/stage_ros2/share/stage_ros2//launch/stage.launch.py
[0.302s] -- Up-to-date symlink: /home/milena/ros2_ws/install/stage_ros2/share/stage_ros2//world/bitmaps/cave.png
[0.302s] -- Up-to-date symlink: /home/milena/ros2_ws/install/stage_ros2/share/stage_ros2//world/bitmaps/hallway.pgm
[0.302s] -- Up-to-date symlink: /home/milena/ros2_ws/install/stage_ros2/share/stage_ros2//world/bitmaps/hallway.png
[0.303s] -- Up-to-date symlink: /home/milena/ros2_ws/install/stage_ros2/share/stage_ros2//world/bitmaps/line.png
[0.303s] -- Up-to-date symlink: /home/milena/ros2_ws/install/stage_ros2/share/stage_ros2//world/bitmaps/straden.png
[0.303s] -- Up-to-date symlink: /home/milena/ros2_ws/install/stage_ros2/share/stage_ros2//world/bitmaps/warehouse008.pgm
[0.303s] -- Up-to-date symlink: /home/milena/ros2_ws/install/stage_ros2/share/stage_ros2//world/bitmaps/warehouse032.pgm
[0.303s] -- Up-to-date symlink: /home/milena/ros2_ws/install/stage_ros2/share/stage_ros2//world/bitmaps/warehouse200.pgm
[0.303s] -- Up-to-date symlink: /home/milena/ros2_ws/install/stage_ros2/share/stage_ros2//world/bitmaps/willow-full.pgm
[0.303s] -- Up-to-date symlink: /home/milena/ros2_ws/install/stage_ros2/share/stage_ros2//world/cave.world
[0.303s] -- Up-to-date symlink: /home/milena/ros2_ws/install/stage_ros2/share/stage_ros2//world/cave.world.save
[0.303s] -- Up-to-date symlink: /home/milena/ros2_ws/install/stage_ros2/share/stage_ros2//world/cave_multi.world
[0.303s] -- Up-to-date symlink: /home/milena/ros2_ws/install/stage_ros2/share/stage_ros2//world/cave_seven_robots.world
[0.304s] -- Up-to-date symlink: /home/milena/ros2_ws/install/stage_ros2/share/stage_ros2//world/cave_three_robots.world
[0.304s] -- Up-to-date symlink: /home/milena/ros2_ws/install/stage_ros2/share/stage_ros2//world/hallway.world
[0.304s] -- Up-to-date symlink: /home/milena/ros2_ws/install/stage_ros2/share/stage_ros2//world/include/pioneer2dx.inc
[0.304s] -- Up-to-date symlink: /home/milena/ros2_ws/install/stage_ros2/share/stage_ros2//world/include/robots.inc
[0.304s] -- Up-to-date symlink: /home/milena/ros2_ws/install/stage_ros2/share/stage_ros2//world/lines.world
[0.304s] -- Up-to-date symlink: /home/milena/ros2_ws/install/stage_ros2/share/stage_ros2//world/straden.world
[0.304s] -- Up-to-date symlink: /home/milena/ros2_ws/install/stage_ros2/share/stage_ros2//world/willow-four-erratics-multisensor.world
[0.304s] -- Up-to-date symlink: /home/milena/ros2_ws/install/stage_ros2/share/stage_ros2//config/rviz/cave.rviz
[0.304s] -- Up-to-date symlink: /home/milena/ros2_ws/install/stage_ros2/share/stage_ros2//config/rviz/cave_seven_robots.rviz
[0.304s] -- Up-to-date symlink: /home/milena/ros2_ws/install/stage_ros2/share/stage_ros2//config/rviz/cave_three_robots.rviz
[0.304s] -- Up-to-date symlink: /home/milena/ros2_ws/install/stage_ros2/share/stage_ros2//config/rviz/lines.rviz
[0.305s] -- Up-to-date symlink: /home/milena/ros2_ws/install/stage_ros2/share/stage_ros2//config/rviz/robot0.rviz
[0.305s] -- Up-to-date symlink: /home/milena/ros2_ws/install/stage_ros2/share/stage_ros2//config/rviz/robot_ns.rviz
[0.305s] -- Up-to-date symlink: /home/milena/ros2_ws/install/stage_ros2/share/stage_ros2//config/rviz/robot_ns_depth.rviz
[0.305s] -- Up-to-date symlink: /home/milena/ros2_ws/install/stage_ros2/share/stage_ros2//config/teleop_twist_joy/f710.config.yaml
[0.305s] -- Up-to-date symlink: /home/milena/ros2_ws/install/stage_ros2/lib/libstage_node.so
[0.305s] -- Up-to-date symlink: /home/milena/ros2_ws/install/stage_ros2/lib/stage_ros2/stage_ros2
[0.305s] -- Up-to-date symlink: /home/milena/ros2_ws/install/stage_ros2/share/ament_index/resource_index/package_run_dependencies/stage_ros2
[0.305s] -- Up-to-date symlink: /home/milena/ros2_ws/install/stage_ros2/share/ament_index/resource_index/parent_prefix_path/stage_ros2
[0.305s] -- Up-to-date symlink: /home/milena/ros2_ws/install/stage_ros2/share/stage_ros2/environment/ament_prefix_path.sh
[0.305s] -- Up-to-date symlink: /home/milena/ros2_ws/install/stage_ros2/share/stage_ros2/environment/ament_prefix_path.dsv
[0.306s] -- Up-to-date symlink: /home/milena/ros2_ws/install/stage_ros2/share/stage_ros2/environment/path.sh
[0.306s] -- Up-to-date symlink: /home/milena/ros2_ws/install/stage_ros2/share/stage_ros2/environment/path.dsv
[0.306s] -- Up-to-date symlink: /home/milena/ros2_ws/install/stage_ros2/share/stage_ros2/local_setup.bash
[0.306s] -- Up-to-date symlink: /home/milena/ros2_ws/install/stage_ros2/share/stage_ros2/local_setup.sh
[0.306s] -- Up-to-date symlink: /home/milena/ros2_ws/install/stage_ros2/share/stage_ros2/local_setup.zsh
[0.306s] -- Up-to-date symlink: /home/milena/ros2_ws/install/stage_ros2/share/stage_ros2/local_setup.dsv
[0.306s] -- Symlinking: /home/milena/ros2_ws/install/stage_ros2/share/stage_ros2/package.dsv
[0.316s] -- Up-to-date symlink: /home/milena/ros2_ws/install/stage_ros2/share/ament_index/resource_index/packages/stage_ros2
[0.316s] -- Up-to-date symlink: /home/milena/ros2_ws/install/stage_ros2/share/stage_ros2/cmake/stage_ros2Config.cmake
[0.316s] -- Up-to-date symlink: /home/milena/ros2_ws/install/stage_ros2/share/stage_ros2/cmake/stage_ros2Config-version.cmake
[0.317s] -- Up-to-date symlink: /home/milena/ros2_ws/install/stage_ros2/share/stage_ros2/package.xml
[0.336s] Invoked command in '/home/milena/ros2_ws/build/stage_ros2' returned '0': CMAKE_PREFIX_PATH=/home/milena/ros2_ws/install/stage_ros2:/home/milena/ros2_ws/install/my_py_pkg:/opt/ros/humble:/home/milena/ros2_ws/install/stage ROS_DOMAIN_ID=62 /usr/bin/cmake --install /home/milena/ros2_ws/build/stage_ros2
