[0.203s] DEBUG:colcon:Command line arguments: ['/usr/bin/colcon', 'build']
[0.203s] DEBUG:colcon:Parsed command line arguments: Namespace(log_base=None, log_level=None, verb_name='build', build_base='build', install_base='install', merge_install=False, symlink_install=False, test_result_base=None, continue_on_error=False, executor='parallel', parallel_workers=12, event_handlers=None, ignore_user_meta=False, metas=['./colcon.meta'], base_paths=['.'], packages_ignore=None, packages_ignore_regex=None, paths=None, packages_up_to=None, packages_up_to_regex=None, packages_above=None, packages_above_and_dependencies=None, packages_above_depth=None, packages_select_by_dep=None, packages_skip_by_dep=None, packages_skip_up_to=None, packages_select_build_failed=False, packages_skip_build_finished=False, packages_select_test_failures=False, packages_skip_test_passed=False, packages_select=None, packages_skip=None, packages_select_regex=None, packages_skip_regex=None, packages_start=None, packages_end=None, allow_overriding=[], bazel_args=None, bazel_task=None, cargo_args=None, clean_build=False, cmake_args=None, cmake_target=None, cmake_target_skip_unavailable=False, cmake_clean_cache=False, cmake_clean_first=False, cmake_force_configure=False, meson_args=[], ament_cmake_args=None, catkin_cmake_args=None, catkin_skip_building_tests=False, mixin_files=None, mixin=None, verb_parser=<colcon_alias.argument_parser.alias.AliasArgumentDecorator object at 0x7011eae367a0>, verb_extension=<colcon_core.verb.build.BuildVerb object at 0x7011eafa6b90>, main=<bound method BuildVerb.main of <colcon_core.verb.build.BuildVerb object at 0x7011eafa6b90>>, mixin_verb=('build',))
[0.319s] Level 1:colcon.colcon_core.package_discovery:discover_packages(colcon_meta) check parameters
[0.319s] Level 1:colcon.colcon_core.package_discovery:discover_packages(recursive) check parameters
[0.319s] Level 1:colcon.colcon_core.package_discovery:discover_packages(ignore) check parameters
[0.319s] Level 1:colcon.colcon_core.package_discovery:discover_packages(path) check parameters
[0.319s] Level 1:colcon.colcon_core.package_discovery:discover_packages(cargo_workspace) check parameters
[0.319s] Level 1:colcon.colcon_core.package_discovery:discover_packages(colcon_meta) discover
[0.319s] Level 1:colcon.colcon_core.package_discovery:discover_packages(recursive) discover
[0.319s] INFO:colcon.colcon_core.package_discovery:Crawling recursively for packages in '/home/milena/ros2_ws'
[0.319s] Level 1:colcon.colcon_core.package_identification:_identify(.) by extensions ['ignore', 'ignore_ament_install']
[0.319s] Level 1:colcon.colcon_core.package_identification:_identify(.) by extension 'ignore'
[0.319s] Level 1:colcon.colcon_core.package_identification:_identify(.) by extension 'ignore_ament_install'
[0.319s] Level 1:colcon.colcon_core.package_identification:_identify(.) by extensions ['cargo_workspace']
[0.319s] Level 1:colcon.colcon_core.package_identification:_identify(.) by extension 'cargo_workspace'
[0.319s] Level 1:colcon.colcon_core.package_identification:_identify(.) by extensions ['colcon_pkg']
[0.319s] Level 1:colcon.colcon_core.package_identification:_identify(.) by extension 'colcon_pkg'
[0.319s] Level 1:colcon.colcon_core.package_identification:_identify(.) by extensions ['colcon_meta']
[0.319s] Level 1:colcon.colcon_core.package_identification:_identify(.) by extension 'colcon_meta'
[0.319s] Level 1:colcon.colcon_core.package_identification:_identify(.) by extensions ['ros']
[0.319s] Level 1:colcon.colcon_core.package_identification:_identify(.) by extension 'ros'
[0.321s] Level 1:colcon.colcon_core.package_identification:_identify(.) by extensions ['bazel', 'cargo', 'cmake', 'meson', 'python']
[0.321s] Level 1:colcon.colcon_core.package_identification:_identify(.) by extension 'bazel'
[0.321s] Level 1:colcon.colcon_core.package_identification:_identify(.) by extension 'cargo'
[0.321s] Level 1:colcon.colcon_core.package_identification:_identify(.) by extension 'cmake'
[0.321s] Level 1:colcon.colcon_core.package_identification:_identify(.) by extension 'meson'
[0.323s] Level 1:colcon.colcon_core.package_identification:_identify(.) by extension 'python'
[0.324s] Level 1:colcon.colcon_core.package_identification:_identify(.) by extensions ['python_setup_py']
[0.324s] Level 1:colcon.colcon_core.package_identification:_identify(.) by extension 'python_setup_py'
[0.324s] Level 1:colcon.colcon_core.package_identification:_identify(build) by extensions ['ignore', 'ignore_ament_install']
[0.324s] Level 1:colcon.colcon_core.package_identification:_identify(build) by extension 'ignore'
[0.324s] Level 1:colcon.colcon_core.package_identification:_identify(build) ignored
[0.324s] Level 1:colcon.colcon_core.package_identification:_identify(install) by extensions ['ignore', 'ignore_ament_install']
[0.324s] Level 1:colcon.colcon_core.package_identification:_identify(install) by extension 'ignore'
[0.324s] Level 1:colcon.colcon_core.package_identification:_identify(install) ignored
[0.324s] Level 1:colcon.colcon_core.package_identification:_identify(log) by extensions ['ignore', 'ignore_ament_install']
[0.324s] Level 1:colcon.colcon_core.package_identification:_identify(log) by extension 'ignore'
[0.324s] Level 1:colcon.colcon_core.package_identification:_identify(log) ignored
[0.324s] Level 1:colcon.colcon_core.package_identification:_identify(src) by extensions ['ignore', 'ignore_ament_install']
[0.324s] Level 1:colcon.colcon_core.package_identification:_identify(src) by extension 'ignore'
[0.324s] Level 1:colcon.colcon_core.package_identification:_identify(src) by extension 'ignore_ament_install'
[0.324s] Level 1:colcon.colcon_core.package_identification:_identify(src) by extensions ['cargo_workspace']
[0.324s] Level 1:colcon.colcon_core.package_identification:_identify(src) by extension 'cargo_workspace'
[0.324s] Level 1:colcon.colcon_core.package_identification:_identify(src) by extensions ['colcon_pkg']
[0.324s] Level 1:colcon.colcon_core.package_identification:_identify(src) by extension 'colcon_pkg'
[0.324s] Level 1:colcon.colcon_core.package_identification:_identify(src) by extensions ['colcon_meta']
[0.324s] Level 1:colcon.colcon_core.package_identification:_identify(src) by extension 'colcon_meta'
[0.324s] Level 1:colcon.colcon_core.package_identification:_identify(src) by extensions ['ros']
[0.324s] Level 1:colcon.colcon_core.package_identification:_identify(src) by extension 'ros'
[0.324s] Level 1:colcon.colcon_core.package_identification:_identify(src) by extensions ['bazel', 'cargo', 'cmake', 'meson', 'python']
[0.325s] Level 1:colcon.colcon_core.package_identification:_identify(src) by extension 'bazel'
[0.325s] Level 1:colcon.colcon_core.package_identification:_identify(src) by extension 'cargo'
[0.325s] Level 1:colcon.colcon_core.package_identification:_identify(src) by extension 'cmake'
[0.325s] Level 1:colcon.colcon_core.package_identification:_identify(src) by extension 'meson'
[0.325s] Level 1:colcon.colcon_core.package_identification:_identify(src) by extension 'python'
[0.325s] Level 1:colcon.colcon_core.package_identification:_identify(src) by extensions ['python_setup_py']
[0.325s] Level 1:colcon.colcon_core.package_identification:_identify(src) by extension 'python_setup_py'
[0.325s] Level 1:colcon.colcon_core.package_identification:_identify(src/Stage) by extensions ['ignore', 'ignore_ament_install']
[0.325s] Level 1:colcon.colcon_core.package_identification:_identify(src/Stage) by extension 'ignore'
[0.325s] Level 1:colcon.colcon_core.package_identification:_identify(src/Stage) by extension 'ignore_ament_install'
[0.325s] Level 1:colcon.colcon_core.package_identification:_identify(src/Stage) by extensions ['cargo_workspace']
[0.325s] Level 1:colcon.colcon_core.package_identification:_identify(src/Stage) by extension 'cargo_workspace'
[0.326s] Level 1:colcon.colcon_core.package_identification:_identify(src/Stage) by extensions ['colcon_pkg']
[0.326s] Level 1:colcon.colcon_core.package_identification:_identify(src/Stage) by extension 'colcon_pkg'
[0.326s] Level 1:colcon.colcon_core.package_identification:_identify(src/Stage) by extensions ['colcon_meta']
[0.326s] Level 1:colcon.colcon_core.package_identification:_identify(src/Stage) by extension 'colcon_meta'
[0.326s] Level 1:colcon.colcon_core.package_identification:_identify(src/Stage) by extensions ['ros']
[0.326s] Level 1:colcon.colcon_core.package_identification:_identify(src/Stage) by extension 'ros'
[0.327s] DEBUG:colcon.colcon_core.package_identification:Package 'src/Stage' with type 'ros.catkin' and name 'stage'
[0.327s] Level 1:colcon.colcon_core.package_identification:_identify(src/my_py_pkg) by extensions ['ignore', 'ignore_ament_install']
[0.328s] Level 1:colcon.colcon_core.package_identification:_identify(src/my_py_pkg) by extension 'ignore'
[0.328s] Level 1:colcon.colcon_core.package_identification:_identify(src/my_py_pkg) by extension 'ignore_ament_install'
[0.328s] Level 1:colcon.colcon_core.package_identification:_identify(src/my_py_pkg) by extensions ['cargo_workspace']
[0.328s] Level 1:colcon.colcon_core.package_identification:_identify(src/my_py_pkg) by extension 'cargo_workspace'
[0.328s] Level 1:colcon.colcon_core.package_identification:_identify(src/my_py_pkg) by extensions ['colcon_pkg']
[0.328s] Level 1:colcon.colcon_core.package_identification:_identify(src/my_py_pkg) by extension 'colcon_pkg'
[0.328s] Level 1:colcon.colcon_core.package_identification:_identify(src/my_py_pkg) by extensions ['colcon_meta']
[0.328s] Level 1:colcon.colcon_core.package_identification:_identify(src/my_py_pkg) by extension 'colcon_meta'
[0.328s] Level 1:colcon.colcon_core.package_identification:_identify(src/my_py_pkg) by extensions ['ros']
[0.328s] Level 1:colcon.colcon_core.package_identification:_identify(src/my_py_pkg) by extension 'ros'
[0.329s] DEBUG:colcon.colcon_core.package_identification:Package 'src/my_py_pkg' with type 'ros.ament_python' and name 'my_py_pkg'
[0.329s] Level 1:colcon.colcon_core.package_identification:_identify(src/stage_ros2) by extensions ['ignore', 'ignore_ament_install']
[0.329s] Level 1:colcon.colcon_core.package_identification:_identify(src/stage_ros2) by extension 'ignore'
[0.329s] Level 1:colcon.colcon_core.package_identification:_identify(src/stage_ros2) by extension 'ignore_ament_install'
[0.329s] Level 1:colcon.colcon_core.package_identification:_identify(src/stage_ros2) by extensions ['cargo_workspace']
[0.329s] Level 1:colcon.colcon_core.package_identification:_identify(src/stage_ros2) by extension 'cargo_workspace'
[0.329s] Level 1:colcon.colcon_core.package_identification:_identify(src/stage_ros2) by extensions ['colcon_pkg']
[0.329s] Level 1:colcon.colcon_core.package_identification:_identify(src/stage_ros2) by extension 'colcon_pkg'
[0.329s] Level 1:colcon.colcon_core.package_identification:_identify(src/stage_ros2) by extensions ['colcon_meta']
[0.329s] Level 1:colcon.colcon_core.package_identification:_identify(src/stage_ros2) by extension 'colcon_meta'
[0.329s] Level 1:colcon.colcon_core.package_identification:_identify(src/stage_ros2) by extensions ['ros']
[0.329s] Level 1:colcon.colcon_core.package_identification:_identify(src/stage_ros2) by extension 'ros'
[0.329s] DEBUG:colcon.colcon_core.package_identification:Package 'src/stage_ros2' with type 'ros.ament_cmake' and name 'stage_ros2'
[0.329s] Level 1:colcon.colcon_core.package_discovery:discover_packages(recursive) using defaults
[0.329s] Level 1:colcon.colcon_core.package_discovery:discover_packages(ignore) discover
[0.329s] Level 1:colcon.colcon_core.package_discovery:discover_packages(ignore) using defaults
[0.329s] Level 1:colcon.colcon_core.package_discovery:discover_packages(path) discover
[0.329s] Level 1:colcon.colcon_core.package_discovery:discover_packages(path) using defaults
[0.329s] Level 1:colcon.colcon_core.package_discovery:discover_packages(cargo_workspace) discover
[0.330s] Level 1:colcon.colcon_core.package_discovery:discover_packages(cargo_workspace) using defaults
[0.343s] Level 1:colcon.colcon_core.package_discovery:discover_packages(prefix_path) check parameters
[0.343s] Level 1:colcon.colcon_core.package_discovery:discover_packages(prefix_path) discover
[0.344s] DEBUG:colcon.colcon_installed_package_information.package_discovery:Found 3 installed packages in /home/milena/ros2_ws/install
[0.345s] DEBUG:colcon.colcon_installed_package_information.package_discovery:Found 273 installed packages in /opt/ros/humble
[0.346s] Level 1:colcon.colcon_core.package_discovery:discover_packages(prefix_path) using defaults
[0.377s] Level 5:colcon.colcon_core.verb:set package 'my_py_pkg' build argument 'bazel_args' from command line to 'None'
[0.377s] Level 5:colcon.colcon_core.verb:set package 'my_py_pkg' build argument 'bazel_task' from command line to 'None'
[0.377s] Level 5:colcon.colcon_core.verb:set package 'my_py_pkg' build argument 'cargo_args' from command line to 'None'
[0.377s] Level 5:colcon.colcon_core.verb:set package 'my_py_pkg' build argument 'clean_build' from command line to 'False'
[0.377s] Level 5:colcon.colcon_core.verb:set package 'my_py_pkg' build argument 'cmake_args' from command line to 'None'
[0.377s] Level 5:colcon.colcon_core.verb:set package 'my_py_pkg' build argument 'cmake_target' from command line to 'None'
[0.377s] Level 5:colcon.colcon_core.verb:set package 'my_py_pkg' build argument 'cmake_target_skip_unavailable' from command line to 'False'
[0.377s] Level 5:colcon.colcon_core.verb:set package 'my_py_pkg' build argument 'cmake_clean_cache' from command line to 'False'
[0.377s] Level 5:colcon.colcon_core.verb:set package 'my_py_pkg' build argument 'cmake_clean_first' from command line to 'False'
[0.377s] Level 5:colcon.colcon_core.verb:set package 'my_py_pkg' build argument 'cmake_force_configure' from command line to 'False'
[0.377s] Level 5:colcon.colcon_core.verb:set package 'my_py_pkg' build argument 'meson_args' from command line to '[]'
[0.377s] Level 5:colcon.colcon_core.verb:set package 'my_py_pkg' build argument 'ament_cmake_args' from command line to 'None'
[0.377s] Level 5:colcon.colcon_core.verb:set package 'my_py_pkg' build argument 'catkin_cmake_args' from command line to 'None'
[0.377s] Level 5:colcon.colcon_core.verb:set package 'my_py_pkg' build argument 'catkin_skip_building_tests' from command line to 'False'
[0.377s] DEBUG:colcon.colcon_core.verb:Building package 'my_py_pkg' with the following arguments: {'ament_cmake_args': None, 'bazel_args': None, 'bazel_task': None, 'build_base': '/home/milena/ros2_ws/build/my_py_pkg', 'cargo_args': None, 'catkin_cmake_args': None, 'catkin_skip_building_tests': False, 'clean_build': False, 'cmake_args': None, 'cmake_clean_cache': False, 'cmake_clean_first': False, 'cmake_force_configure': False, 'cmake_target': None, 'cmake_target_skip_unavailable': False, 'install_base': '/home/milena/ros2_ws/install/my_py_pkg', 'merge_install': False, 'meson_args': [], 'path': '/home/milena/ros2_ws/src/my_py_pkg', 'symlink_install': False, 'test_result_base': None}
[0.385s] Level 5:colcon.colcon_core.verb:set package 'stage' build argument 'bazel_args' from command line to 'None'
[0.385s] Level 5:colcon.colcon_core.verb:set package 'stage' build argument 'bazel_task' from command line to 'None'
[0.385s] Level 5:colcon.colcon_core.verb:set package 'stage' build argument 'cargo_args' from command line to 'None'
[0.385s] Level 5:colcon.colcon_core.verb:set package 'stage' build argument 'clean_build' from command line to 'False'
[0.385s] Level 5:colcon.colcon_core.verb:set package 'stage' build argument 'cmake_args' from command line to 'None'
[0.385s] Level 5:colcon.colcon_core.verb:set package 'stage' build argument 'cmake_target' from command line to 'None'
[0.385s] Level 5:colcon.colcon_core.verb:set package 'stage' build argument 'cmake_target_skip_unavailable' from command line to 'False'
[0.385s] Level 5:colcon.colcon_core.verb:set package 'stage' build argument 'cmake_clean_cache' from command line to 'False'
[0.385s] Level 5:colcon.colcon_core.verb:set package 'stage' build argument 'cmake_clean_first' from command line to 'False'
[0.385s] Level 5:colcon.colcon_core.verb:set package 'stage' build argument 'cmake_force_configure' from command line to 'False'
[0.385s] Level 5:colcon.colcon_core.verb:set package 'stage' build argument 'meson_args' from command line to '[]'
[0.385s] Level 5:colcon.colcon_core.verb:set package 'stage' build argument 'ament_cmake_args' from command line to 'None'
[0.385s] Level 5:colcon.colcon_core.verb:set package 'stage' build argument 'catkin_cmake_args' from command line to 'None'
[0.385s] Level 5:colcon.colcon_core.verb:set package 'stage' build argument 'catkin_skip_building_tests' from command line to 'False'
[0.385s] DEBUG:colcon.colcon_core.verb:Building package 'stage' with the following arguments: {'ament_cmake_args': None, 'bazel_args': None, 'bazel_task': None, 'build_base': '/home/milena/ros2_ws/build/stage', 'cargo_args': None, 'catkin_cmake_args': None, 'catkin_skip_building_tests': False, 'clean_build': False, 'cmake_args': None, 'cmake_clean_cache': False, 'cmake_clean_first': False, 'cmake_force_configure': False, 'cmake_target': None, 'cmake_target_skip_unavailable': False, 'install_base': '/home/milena/ros2_ws/install/stage', 'merge_install': False, 'meson_args': [], 'path': '/home/milena/ros2_ws/src/Stage', 'symlink_install': False, 'test_result_base': None}
[0.392s] Level 5:colcon.colcon_core.verb:set package 'stage_ros2' build argument 'bazel_args' from command line to 'None'
[0.392s] Level 5:colcon.colcon_core.verb:set package 'stage_ros2' build argument 'bazel_task' from command line to 'None'
[0.392s] Level 5:colcon.colcon_core.verb:set package 'stage_ros2' build argument 'cargo_args' from command line to 'None'
[0.392s] Level 5:colcon.colcon_core.verb:set package 'stage_ros2' build argument 'clean_build' from command line to 'False'
[0.392s] Level 5:colcon.colcon_core.verb:set package 'stage_ros2' build argument 'cmake_args' from command line to 'None'
[0.392s] Level 5:colcon.colcon_core.verb:set package 'stage_ros2' build argument 'cmake_target' from command line to 'None'
[0.392s] Level 5:colcon.colcon_core.verb:set package 'stage_ros2' build argument 'cmake_target_skip_unavailable' from command line to 'False'
[0.393s] Level 5:colcon.colcon_core.verb:set package 'stage_ros2' build argument 'cmake_clean_cache' from command line to 'False'
[0.393s] Level 5:colcon.colcon_core.verb:set package 'stage_ros2' build argument 'cmake_clean_first' from command line to 'False'
[0.393s] Level 5:colcon.colcon_core.verb:set package 'stage_ros2' build argument 'cmake_force_configure' from command line to 'False'
[0.393s] Level 5:colcon.colcon_core.verb:set package 'stage_ros2' build argument 'meson_args' from command line to '[]'
[0.393s] Level 5:colcon.colcon_core.verb:set package 'stage_ros2' build argument 'ament_cmake_args' from command line to 'None'
[0.393s] Level 5:colcon.colcon_core.verb:set package 'stage_ros2' build argument 'catkin_cmake_args' from command line to 'None'
[0.393s] Level 5:colcon.colcon_core.verb:set package 'stage_ros2' build argument 'catkin_skip_building_tests' from command line to 'False'
[0.393s] DEBUG:colcon.colcon_core.verb:Building package 'stage_ros2' with the following arguments: {'ament_cmake_args': None, 'bazel_args': None, 'bazel_task': None, 'build_base': '/home/milena/ros2_ws/build/stage_ros2', 'cargo_args': None, 'catkin_cmake_args': None, 'catkin_skip_building_tests': False, 'clean_build': False, 'cmake_args': None, 'cmake_clean_cache': False, 'cmake_clean_first': False, 'cmake_force_configure': False, 'cmake_target': None, 'cmake_target_skip_unavailable': False, 'install_base': '/home/milena/ros2_ws/install/stage_ros2', 'merge_install': False, 'meson_args': [], 'path': '/home/milena/ros2_ws/src/stage_ros2', 'symlink_install': False, 'test_result_base': None}
[0.393s] INFO:colcon.colcon_core.executor:Executing jobs using 'parallel' executor
[0.394s] DEBUG:colcon.colcon_parallel_executor.executor.parallel:run_until_complete
[0.394s] INFO:colcon.colcon_ros.task.ament_python.build:Building ROS package in '/home/milena/ros2_ws/src/my_py_pkg' with build type 'ament_python'
[0.394s] Level 1:colcon.colcon_core.shell:create_environment_hook('my_py_pkg', 'ament_prefix_path')
[0.396s] INFO:colcon.colcon_core.plugin_system:Skipping extension 'colcon_core.shell.bat': Not used on non-Windows systems
[0.396s] INFO:colcon.colcon_core.shell:Creating environment hook '/home/milena/ros2_ws/install/my_py_pkg/share/my_py_pkg/hook/ament_prefix_path.ps1'
[0.396s] INFO:colcon.colcon_core.shell:Creating environment descriptor '/home/milena/ros2_ws/install/my_py_pkg/share/my_py_pkg/hook/ament_prefix_path.dsv'
[0.397s] INFO:colcon.colcon_core.shell:Creating environment hook '/home/milena/ros2_ws/install/my_py_pkg/share/my_py_pkg/hook/ament_prefix_path.sh'
[0.398s] DEBUG:colcon.colcon_ros_domain_id_coordinator.shell.ros_domain_id:Allocated ROS_DOMAIN_ID=65 for '/home/milena/ros2_ws/build/my_py_pkg'
[0.398s] INFO:colcon.colcon_core.shell:Skip shell extension 'ros_domain_id' for command environment: 
[0.398s] INFO:colcon.colcon_core.shell:Skip shell extension 'powershell' for command environment: Not usable outside of PowerShell
[0.398s] DEBUG:colcon.colcon_core.shell:Skip shell extension 'dsv' for command environment
[0.400s] INFO:colcon.colcon_ros.task.catkin.build:Building ROS package in '/home/milena/ros2_ws/src/Stage' with build type 'catkin'
[0.400s] INFO:colcon.colcon_cmake.task.cmake.build:Building CMake package in '/home/milena/ros2_ws/src/Stage'
[0.400s] DEBUG:colcon.colcon_ros_domain_id_coordinator.shell.ros_domain_id:Allocated ROS_DOMAIN_ID=89 for '/home/milena/ros2_ws/build/stage'
[0.401s] INFO:colcon.colcon_core.shell:Skip shell extension 'ros_domain_id' for command environment: 
[0.401s] INFO:colcon.colcon_core.shell:Skip shell extension 'powershell' for command environment: Not usable outside of PowerShell
[0.401s] DEBUG:colcon.colcon_core.shell:Skip shell extension 'dsv' for command environment
[0.403s] INFO:colcon.colcon_ros.task.ament_cmake.build:Building ROS package in '/home/milena/ros2_ws/src/stage_ros2' with build type 'ament_cmake'
[0.403s] INFO:colcon.colcon_cmake.task.cmake.build:Building CMake package in '/home/milena/ros2_ws/src/stage_ros2'
[0.403s] DEBUG:colcon.colcon_ros_domain_id_coordinator.shell.ros_domain_id:Allocated ROS_DOMAIN_ID=30 for '/home/milena/ros2_ws/build/stage_ros2'
[0.403s] INFO:colcon.colcon_core.shell:Skip shell extension 'ros_domain_id' for command environment: 
[0.403s] INFO:colcon.colcon_core.shell:Skip shell extension 'powershell' for command environment: Not usable outside of PowerShell
[0.403s] DEBUG:colcon.colcon_core.shell:Skip shell extension 'dsv' for command environment
[0.594s] INFO:colcon.colcon_core.task.python.build:Building Python package in '/home/milena/ros2_ws/src/my_py_pkg'
[0.595s] DEBUG:colcon.colcon_ros_domain_id_coordinator.shell.ros_domain_id:Allocated ROS_DOMAIN_ID=65 for '/home/milena/ros2_ws/build/my_py_pkg'
[0.595s] INFO:colcon.colcon_core.shell:Skip shell extension 'ros_domain_id' for command environment: 
[0.595s] INFO:colcon.colcon_core.shell:Skip shell extension 'powershell' for command environment: Not usable outside of PowerShell
[0.595s] DEBUG:colcon.colcon_core.shell:Skip shell extension 'dsv' for command environment
[0.601s] DEBUG:colcon.colcon_core.event_handler.log_command:Invoking command in '/home/milena/ros2_ws/build/stage': ROS_DOMAIN_ID=89 /usr/bin/cmake --build /home/milena/ros2_ws/build/stage -- -j12 -l12
[0.605s] DEBUG:colcon.colcon_core.event_handler.log_command:Invoking command in '/home/milena/ros2_ws/build/stage_ros2': CMAKE_PREFIX_PATH=/home/milena/ros2_ws/install/stage_ros2:/home/milena/ros2_ws/install/my_py_pkg:/opt/ros/humble:/home/milena/ros2_ws/install/stage ROS_DOMAIN_ID=30 /usr/bin/cmake --build /home/milena/ros2_ws/build/stage_ros2 -- -j12 -l12
[0.720s] DEBUG:colcon.colcon_core.event_handler.log_command:Invoked command in '/home/milena/ros2_ws/build/stage_ros2' returned '0': CMAKE_PREFIX_PATH=/home/milena/ros2_ws/install/stage_ros2:/home/milena/ros2_ws/install/my_py_pkg:/opt/ros/humble:/home/milena/ros2_ws/install/stage ROS_DOMAIN_ID=30 /usr/bin/cmake --build /home/milena/ros2_ws/build/stage_ros2 -- -j12 -l12
[0.733s] DEBUG:colcon.colcon_core.event_handler.log_command:Invoking command in '/home/milena/ros2_ws/build/stage_ros2': CMAKE_PREFIX_PATH=/home/milena/ros2_ws/install/stage_ros2:/home/milena/ros2_ws/install/my_py_pkg:/opt/ros/humble:/home/milena/ros2_ws/install/stage ROS_DOMAIN_ID=30 /usr/bin/cmake --install /home/milena/ros2_ws/build/stage_ros2
[0.734s] DEBUG:colcon.colcon_core.event_handler.log_command:Invoked command in '/home/milena/ros2_ws/build/stage' returned '0': ROS_DOMAIN_ID=89 /usr/bin/cmake --build /home/milena/ros2_ws/build/stage -- -j12 -l12
[0.736s] DEBUG:colcon.colcon_core.event_handler.log_command:Invoking command in '/home/milena/ros2_ws/build/stage': ROS_DOMAIN_ID=89 /usr/bin/cmake --install /home/milena/ros2_ws/build/stage
[0.755s] DEBUG:colcon.colcon_core.event_handler.log_command:Invoked command in '/home/milena/ros2_ws/build/stage' returned '0': ROS_DOMAIN_ID=89 /usr/bin/cmake --install /home/milena/ros2_ws/build/stage
[0.755s] Level 1:colcon.colcon_core.shell:create_environment_hook('stage', 'ros_package_path')
[0.756s] INFO:colcon.colcon_core.shell:Creating environment hook '/home/milena/ros2_ws/install/stage/share/stage/hook/ros_package_path.ps1'
[0.757s] INFO:colcon.colcon_core.shell:Creating environment descriptor '/home/milena/ros2_ws/install/stage/share/stage/hook/ros_package_path.dsv'
[0.757s] INFO:colcon.colcon_core.shell:Creating environment hook '/home/milena/ros2_ws/install/stage/share/stage/hook/ros_package_path.sh'
[0.758s] Level 1:colcon.colcon_core.shell:create_environment_hook('stage', 'pkg_config_path')
[0.758s] INFO:colcon.colcon_core.shell:Creating environment hook '/home/milena/ros2_ws/install/stage/share/stage/hook/pkg_config_path.ps1'
[0.758s] INFO:colcon.colcon_core.shell:Creating environment descriptor '/home/milena/ros2_ws/install/stage/share/stage/hook/pkg_config_path.dsv'
[0.758s] INFO:colcon.colcon_core.shell:Creating environment hook '/home/milena/ros2_ws/install/stage/share/stage/hook/pkg_config_path.sh'
[0.760s] Level 1:colcon.colcon_core.shell:create_environment_hook('stage', 'pkg_config_path_multiarch')
[0.761s] INFO:colcon.colcon_core.shell:Creating environment hook '/home/milena/ros2_ws/install/stage/share/stage/hook/pkg_config_path_multiarch.ps1'
[0.762s] INFO:colcon.colcon_core.shell:Creating environment descriptor '/home/milena/ros2_ws/install/stage/share/stage/hook/pkg_config_path_multiarch.dsv'
[0.762s] INFO:colcon.colcon_core.shell:Creating environment hook '/home/milena/ros2_ws/install/stage/share/stage/hook/pkg_config_path_multiarch.sh'
[0.764s] Level 1:colcon.colcon_core.environment:create_environment_scripts_only(stage)
[0.766s] Level 1:colcon.colcon_core.environment:checking '/home/milena/ros2_ws/install/stage' for CMake module files
[0.767s] Level 1:colcon.colcon_core.environment:checking '/home/milena/ros2_ws/install/stage' for CMake config files
[0.767s] Level 1:colcon.colcon_core.shell:create_environment_hook('stage', 'cmake_prefix_path')
[0.767s] INFO:colcon.colcon_core.shell:Creating environment hook '/home/milena/ros2_ws/install/stage/share/stage/hook/cmake_prefix_path.ps1'
[0.767s] INFO:colcon.colcon_core.shell:Creating environment descriptor '/home/milena/ros2_ws/install/stage/share/stage/hook/cmake_prefix_path.dsv'
[0.768s] INFO:colcon.colcon_core.shell:Creating environment hook '/home/milena/ros2_ws/install/stage/share/stage/hook/cmake_prefix_path.sh'
[0.768s] Level 1:colcon.colcon_core.environment:checking '/home/milena/ros2_ws/install/stage/lib'
[0.768s] Level 1:colcon.colcon_core.shell:create_environment_hook('stage', 'ld_library_path_lib')
[0.768s] INFO:colcon.colcon_core.shell:Creating environment hook '/home/milena/ros2_ws/install/stage/share/stage/hook/ld_library_path_lib.ps1'
[0.769s] INFO:colcon.colcon_core.shell:Creating environment descriptor '/home/milena/ros2_ws/install/stage/share/stage/hook/ld_library_path_lib.dsv'
[0.769s] INFO:colcon.colcon_core.shell:Creating environment hook '/home/milena/ros2_ws/install/stage/share/stage/hook/ld_library_path_lib.sh'
[0.769s] Level 1:colcon.colcon_core.environment:checking '/home/milena/ros2_ws/install/stage/bin'
[0.769s] Level 1:colcon.colcon_core.shell:create_environment_hook('stage', 'path')
[0.769s] INFO:colcon.colcon_core.shell:Creating environment hook '/home/milena/ros2_ws/install/stage/share/stage/hook/path.ps1'
[0.770s] INFO:colcon.colcon_core.shell:Creating environment descriptor '/home/milena/ros2_ws/install/stage/share/stage/hook/path.dsv'
[0.770s] INFO:colcon.colcon_core.shell:Creating environment hook '/home/milena/ros2_ws/install/stage/share/stage/hook/path.sh'
[0.770s] Level 1:colcon.colcon_core.environment:checking '/home/milena/ros2_ws/install/stage/lib/pkgconfig/stage.pc'
[0.770s] Level 1:colcon.colcon_core.shell:create_environment_hook('stage', 'pkg_config')
[0.771s] INFO:colcon.colcon_core.shell:Creating environment hook '/home/milena/ros2_ws/install/stage/share/stage/hook/pkg_config.ps1'
[0.771s] INFO:colcon.colcon_core.shell:Creating environment descriptor '/home/milena/ros2_ws/install/stage/share/stage/hook/pkg_config.dsv'
[0.771s] INFO:colcon.colcon_core.shell:Creating environment hook '/home/milena/ros2_ws/install/stage/share/stage/hook/pkg_config.sh'
[0.771s] Level 1:colcon.colcon_core.environment:checking '/home/milena/ros2_ws/install/stage/lib/python3.10/site-packages'
[0.772s] Level 1:colcon.colcon_core.environment:checking '/home/milena/ros2_ws/install/stage/bin'
[0.772s] Level 1:colcon.colcon_core.shell:create_environment_hook('stage', 'pythonscriptspath')
[0.772s] INFO:colcon.colcon_core.shell:Creating environment hook '/home/milena/ros2_ws/install/stage/share/stage/hook/pythonscriptspath.ps1'
[0.772s] INFO:colcon.colcon_core.shell:Creating environment descriptor '/home/milena/ros2_ws/install/stage/share/stage/hook/pythonscriptspath.dsv'
[0.772s] INFO:colcon.colcon_core.shell:Creating environment hook '/home/milena/ros2_ws/install/stage/share/stage/hook/pythonscriptspath.sh'
[0.773s] INFO:colcon.colcon_core.shell:Creating package script '/home/milena/ros2_ws/install/stage/share/stage/package.ps1'
[0.774s] INFO:colcon.colcon_core.shell:Creating package descriptor '/home/milena/ros2_ws/install/stage/share/stage/package.dsv'
[0.774s] INFO:colcon.colcon_core.shell:Creating package script '/home/milena/ros2_ws/install/stage/share/stage/package.sh'
[0.775s] INFO:colcon.colcon_core.shell:Creating package script '/home/milena/ros2_ws/install/stage/share/stage/package.bash'
[0.775s] INFO:colcon.colcon_core.shell:Creating package script '/home/milena/ros2_ws/install/stage/share/stage/package.zsh'
[0.776s] Level 1:colcon.colcon_core.environment:create_file_with_runtime_dependencies(/home/milena/ros2_ws/install/stage/share/colcon-core/packages/stage)
[0.776s] DEBUG:colcon.colcon_ros_domain_id_coordinator.shell.ros_domain_id:Released ROS_DOMAIN_ID=89 for '/home/milena/ros2_ws/build/stage'
[0.777s] Level 1:colcon.colcon_core.environment:create_environment_scripts_only(stage_ros2)
[0.778s] DEBUG:colcon.colcon_core.event_handler.log_command:Invoked command in '/home/milena/ros2_ws/build/stage_ros2' returned '0': CMAKE_PREFIX_PATH=/home/milena/ros2_ws/install/stage_ros2:/home/milena/ros2_ws/install/my_py_pkg:/opt/ros/humble:/home/milena/ros2_ws/install/stage ROS_DOMAIN_ID=30 /usr/bin/cmake --install /home/milena/ros2_ws/build/stage_ros2
[0.778s] Level 1:colcon.colcon_core.environment:checking '/home/milena/ros2_ws/install/stage_ros2' for CMake module files
[0.778s] Level 1:colcon.colcon_core.environment:checking '/home/milena/ros2_ws/install/stage_ros2' for CMake config files
[0.779s] Level 1:colcon.colcon_core.shell:create_environment_hook('stage_ros2', 'cmake_prefix_path')
[0.779s] INFO:colcon.colcon_core.shell:Creating environment hook '/home/milena/ros2_ws/install/stage_ros2/share/stage_ros2/hook/cmake_prefix_path.ps1'
[0.779s] INFO:colcon.colcon_core.shell:Creating environment descriptor '/home/milena/ros2_ws/install/stage_ros2/share/stage_ros2/hook/cmake_prefix_path.dsv'
[0.780s] INFO:colcon.colcon_core.shell:Creating environment hook '/home/milena/ros2_ws/install/stage_ros2/share/stage_ros2/hook/cmake_prefix_path.sh'
[0.780s] Level 1:colcon.colcon_core.environment:checking '/home/milena/ros2_ws/install/stage_ros2/lib'
[0.780s] Level 1:colcon.colcon_core.shell:create_environment_hook('stage_ros2', 'ld_library_path_lib')
[0.780s] INFO:colcon.colcon_core.shell:Creating environment hook '/home/milena/ros2_ws/install/stage_ros2/share/stage_ros2/hook/ld_library_path_lib.ps1'
[0.780s] INFO:colcon.colcon_core.shell:Creating environment descriptor '/home/milena/ros2_ws/install/stage_ros2/share/stage_ros2/hook/ld_library_path_lib.dsv'
[0.780s] INFO:colcon.colcon_core.shell:Creating environment hook '/home/milena/ros2_ws/install/stage_ros2/share/stage_ros2/hook/ld_library_path_lib.sh'
[0.781s] Level 1:colcon.colcon_core.environment:checking '/home/milena/ros2_ws/install/stage_ros2/bin'
[0.781s] Level 1:colcon.colcon_core.environment:checking '/home/milena/ros2_ws/install/stage_ros2/lib/pkgconfig/stage_ros2.pc'
[0.781s] Level 1:colcon.colcon_core.environment:checking '/home/milena/ros2_ws/install/stage_ros2/lib/python3.10/site-packages'
[0.781s] Level 1:colcon.colcon_core.environment:checking '/home/milena/ros2_ws/install/stage_ros2/bin'
[0.781s] INFO:colcon.colcon_core.shell:Creating package script '/home/milena/ros2_ws/install/stage_ros2/share/stage_ros2/package.ps1'
[0.782s] INFO:colcon.colcon_core.shell:Creating package descriptor '/home/milena/ros2_ws/install/stage_ros2/share/stage_ros2/package.dsv'
[0.782s] INFO:colcon.colcon_core.shell:Creating package script '/home/milena/ros2_ws/install/stage_ros2/share/stage_ros2/package.sh'
[0.783s] INFO:colcon.colcon_core.shell:Creating package script '/home/milena/ros2_ws/install/stage_ros2/share/stage_ros2/package.bash'
[0.783s] INFO:colcon.colcon_core.shell:Creating package script '/home/milena/ros2_ws/install/stage_ros2/share/stage_ros2/package.zsh'
[0.783s] Level 1:colcon.colcon_core.environment:create_file_with_runtime_dependencies(/home/milena/ros2_ws/install/stage_ros2/share/colcon-core/packages/stage_ros2)
[0.784s] Level 1:colcon.colcon_core.environment:create_environment_scripts_only(stage_ros2)
[0.784s] Level 1:colcon.colcon_core.environment:checking '/home/milena/ros2_ws/install/stage_ros2' for CMake module files
[0.784s] Level 1:colcon.colcon_core.environment:checking '/home/milena/ros2_ws/install/stage_ros2' for CMake config files
[0.784s] Level 1:colcon.colcon_core.shell:create_environment_hook('stage_ros2', 'cmake_prefix_path')
[0.784s] INFO:colcon.colcon_core.shell:Creating environment hook '/home/milena/ros2_ws/install/stage_ros2/share/stage_ros2/hook/cmake_prefix_path.ps1'
[0.785s] INFO:colcon.colcon_core.shell:Creating environment descriptor '/home/milena/ros2_ws/install/stage_ros2/share/stage_ros2/hook/cmake_prefix_path.dsv'
[0.785s] INFO:colcon.colcon_core.shell:Creating environment hook '/home/milena/ros2_ws/install/stage_ros2/share/stage_ros2/hook/cmake_prefix_path.sh'
[0.785s] Level 1:colcon.colcon_core.environment:checking '/home/milena/ros2_ws/install/stage_ros2/lib'
[0.785s] Level 1:colcon.colcon_core.shell:create_environment_hook('stage_ros2', 'ld_library_path_lib')
[0.786s] INFO:colcon.colcon_core.shell:Creating environment hook '/home/milena/ros2_ws/install/stage_ros2/share/stage_ros2/hook/ld_library_path_lib.ps1'
[0.786s] INFO:colcon.colcon_core.shell:Creating environment descriptor '/home/milena/ros2_ws/install/stage_ros2/share/stage_ros2/hook/ld_library_path_lib.dsv'
[0.786s] INFO:colcon.colcon_core.shell:Creating environment hook '/home/milena/ros2_ws/install/stage_ros2/share/stage_ros2/hook/ld_library_path_lib.sh'
[0.786s] Level 1:colcon.colcon_core.environment:checking '/home/milena/ros2_ws/install/stage_ros2/bin'
[0.786s] Level 1:colcon.colcon_core.environment:checking '/home/milena/ros2_ws/install/stage_ros2/lib/pkgconfig/stage_ros2.pc'
[0.786s] Level 1:colcon.colcon_core.environment:checking '/home/milena/ros2_ws/install/stage_ros2/lib/python3.10/site-packages'
[0.787s] Level 1:colcon.colcon_core.environment:checking '/home/milena/ros2_ws/install/stage_ros2/bin'
[0.787s] INFO:colcon.colcon_core.shell:Creating package script '/home/milena/ros2_ws/install/stage_ros2/share/stage_ros2/package.ps1'
[0.787s] INFO:colcon.colcon_core.shell:Creating package descriptor '/home/milena/ros2_ws/install/stage_ros2/share/stage_ros2/package.dsv'
[0.788s] INFO:colcon.colcon_core.shell:Creating package script '/home/milena/ros2_ws/install/stage_ros2/share/stage_ros2/package.sh'
[0.788s] INFO:colcon.colcon_core.shell:Creating package script '/home/milena/ros2_ws/install/stage_ros2/share/stage_ros2/package.bash'
[0.788s] INFO:colcon.colcon_core.shell:Creating package script '/home/milena/ros2_ws/install/stage_ros2/share/stage_ros2/package.zsh'
[0.788s] Level 1:colcon.colcon_core.environment:create_file_with_runtime_dependencies(/home/milena/ros2_ws/install/stage_ros2/share/colcon-core/packages/stage_ros2)
[0.789s] DEBUG:colcon.colcon_ros_domain_id_coordinator.shell.ros_domain_id:Released ROS_DOMAIN_ID=30 for '/home/milena/ros2_ws/build/stage_ros2'
[0.890s] DEBUG:colcon.colcon_core.event_handler.log_command:Invoking command in '/home/milena/ros2_ws/src/my_py_pkg': PYTHONPATH=/home/milena/ros2_ws/build/my_py_pkg/prefix_override:/usr/lib/python3/dist-packages/colcon_core/task/python/colcon_distutils_commands:/home/milena/ros2_ws/install/my_py_pkg/lib/python3.10/site-packages:${PYTHONPATH} /usr/bin/python3 -W ignore:setup.py install is deprecated -W ignore:easy_install command is deprecated setup.py egg_info --egg-base ../../build/my_py_pkg build --build-base /home/milena/ros2_ws/build/my_py_pkg/build install --record /home/milena/ros2_ws/build/my_py_pkg/install.log --single-version-externally-managed install_data
[1.131s] Level 1:colcon.colcon_core.environment:checking '/home/milena/ros2_ws/install/my_py_pkg' for CMake module files
[1.131s] DEBUG:colcon.colcon_core.event_handler.log_command:Invoked command in '/home/milena/ros2_ws/src/my_py_pkg' returned '0': PYTHONPATH=/home/milena/ros2_ws/build/my_py_pkg/prefix_override:/usr/lib/python3/dist-packages/colcon_core/task/python/colcon_distutils_commands:/home/milena/ros2_ws/install/my_py_pkg/lib/python3.10/site-packages:${PYTHONPATH} /usr/bin/python3 -W ignore:setup.py install is deprecated -W ignore:easy_install command is deprecated setup.py egg_info --egg-base ../../build/my_py_pkg build --build-base /home/milena/ros2_ws/build/my_py_pkg/build install --record /home/milena/ros2_ws/build/my_py_pkg/install.log --single-version-externally-managed install_data
[1.131s] Level 1:colcon.colcon_core.environment:checking '/home/milena/ros2_ws/install/my_py_pkg' for CMake config files
[1.132s] Level 1:colcon.colcon_core.environment:checking '/home/milena/ros2_ws/install/my_py_pkg/lib'
[1.132s] Level 1:colcon.colcon_core.environment:checking '/home/milena/ros2_ws/install/my_py_pkg/bin'
[1.132s] Level 1:colcon.colcon_core.environment:checking '/home/milena/ros2_ws/install/my_py_pkg/lib/pkgconfig/my_py_pkg.pc'
[1.132s] Level 1:colcon.colcon_core.environment:checking '/home/milena/ros2_ws/install/my_py_pkg/lib/python3.10/site-packages'
[1.132s] Level 1:colcon.colcon_core.shell:create_environment_hook('my_py_pkg', 'pythonpath')
[1.132s] INFO:colcon.colcon_core.shell:Creating environment hook '/home/milena/ros2_ws/install/my_py_pkg/share/my_py_pkg/hook/pythonpath.ps1'
[1.132s] INFO:colcon.colcon_core.shell:Creating environment descriptor '/home/milena/ros2_ws/install/my_py_pkg/share/my_py_pkg/hook/pythonpath.dsv'
[1.133s] INFO:colcon.colcon_core.shell:Creating environment hook '/home/milena/ros2_ws/install/my_py_pkg/share/my_py_pkg/hook/pythonpath.sh'
[1.133s] Level 1:colcon.colcon_core.environment:checking '/home/milena/ros2_ws/install/my_py_pkg/bin'
[1.133s] Level 1:colcon.colcon_core.environment:create_environment_scripts_only(my_py_pkg)
[1.133s] INFO:colcon.colcon_core.shell:Creating package script '/home/milena/ros2_ws/install/my_py_pkg/share/my_py_pkg/package.ps1'
[1.134s] INFO:colcon.colcon_core.shell:Creating package descriptor '/home/milena/ros2_ws/install/my_py_pkg/share/my_py_pkg/package.dsv'
[1.134s] INFO:colcon.colcon_core.shell:Creating package script '/home/milena/ros2_ws/install/my_py_pkg/share/my_py_pkg/package.sh'
[1.134s] INFO:colcon.colcon_core.shell:Creating package script '/home/milena/ros2_ws/install/my_py_pkg/share/my_py_pkg/package.bash'
[1.134s] INFO:colcon.colcon_core.shell:Creating package script '/home/milena/ros2_ws/install/my_py_pkg/share/my_py_pkg/package.zsh'
[1.134s] Level 1:colcon.colcon_core.environment:create_file_with_runtime_dependencies(/home/milena/ros2_ws/install/my_py_pkg/share/colcon-core/packages/my_py_pkg)
[1.135s] DEBUG:colcon.colcon_parallel_executor.executor.parallel:closing loop
[1.135s] DEBUG:colcon.colcon_ros_domain_id_coordinator.shell.ros_domain_id:Released ROS_DOMAIN_ID=65 for '/home/milena/ros2_ws/build/my_py_pkg'
[1.135s] DEBUG:colcon.colcon_parallel_executor.executor.parallel:loop closed
[1.135s] DEBUG:colcon.colcon_parallel_executor.executor.parallel:run_until_complete finished with '0'
[1.135s] DEBUG:colcon.colcon_core.event_reactor:joining thread
[1.138s] INFO:colcon.colcon_core.plugin_system:Skipping extension 'colcon_notification.desktop_notification.terminal_notifier': Not used on non-Darwin systems
[1.139s] INFO:colcon.colcon_core.plugin_system:Skipping extension 'colcon_notification.desktop_notification.win32': Not used on non-Windows systems
[1.139s] INFO:colcon.colcon_notification.desktop_notification:Sending desktop notification using 'notify2'
[1.147s] DEBUG:colcon.colcon_core.event_reactor:joined thread
[1.147s] INFO:colcon.colcon_core.shell:Creating prefix script '/home/milena/ros2_ws/install/local_setup.ps1'
[1.149s] INFO:colcon.colcon_core.shell:Creating prefix util module '/home/milena/ros2_ws/install/_local_setup_util_ps1.py'
[1.151s] INFO:colcon.colcon_core.shell:Creating prefix chain script '/home/milena/ros2_ws/install/setup.ps1'
[1.153s] INFO:colcon.colcon_core.shell:Creating prefix script '/home/milena/ros2_ws/install/local_setup.sh'
[1.154s] INFO:colcon.colcon_core.shell:Creating prefix util module '/home/milena/ros2_ws/install/_local_setup_util_sh.py'
[1.154s] INFO:colcon.colcon_core.shell:Creating prefix chain script '/home/milena/ros2_ws/install/setup.sh'
[1.156s] INFO:colcon.colcon_core.shell:Creating prefix script '/home/milena/ros2_ws/install/local_setup.bash'
[1.156s] INFO:colcon.colcon_core.shell:Creating prefix chain script '/home/milena/ros2_ws/install/setup.bash'
[1.158s] INFO:colcon.colcon_core.shell:Creating prefix script '/home/milena/ros2_ws/install/local_setup.zsh'
[1.159s] INFO:colcon.colcon_core.shell:Creating prefix chain script '/home/milena/ros2_ws/install/setup.zsh'
[1.159s] INFO:colcon.colcon_core.shell:Creating '/home/milena/ros2_ws/install/spawn_shell.bash'
