[0.439s] Invoking command in '/home/milena/ros2_ws/src/my_py_pkg': PYTHONPATH=/home/milena/ros2_ws/build/my_py_pkg/prefix_override:/usr/lib/python3/dist-packages/colcon_core/task/python/colcon_distutils_commands:/home/milena/ros2_ws/install/my_py_pkg/lib/python3.10/site-packages:${PYTHONPATH} /usr/bin/python3 -W ignore:setup.py install is deprecated -W ignore:easy_install command is deprecated setup.py egg_info --egg-base ../../build/my_py_pkg build --build-base /home/milena/ros2_ws/build/my_py_pkg/build install --record /home/milena/ros2_ws/build/my_py_pkg/install.log --single-version-externally-managed install_data
[0.593s] running egg_info
[0.593s] writing ../../build/my_py_pkg/my_py_pkg.egg-info/PKG-INFO
[0.593s] writing dependency_links to ../../build/my_py_pkg/my_py_pkg.egg-info/dependency_links.txt
[0.594s] writing entry points to ../../build/my_py_pkg/my_py_pkg.egg-info/entry_points.txt
[0.594s] writing requirements to ../../build/my_py_pkg/my_py_pkg.egg-info/requires.txt
[0.594s] writing top-level names to ../../build/my_py_pkg/my_py_pkg.egg-info/top_level.txt
[0.595s] reading manifest file '../../build/my_py_pkg/my_py_pkg.egg-info/SOURCES.txt'
[0.595s] writing manifest file '../../build/my_py_pkg/my_py_pkg.egg-info/SOURCES.txt'
[0.595s] running build
[0.595s] running build_py
[0.596s] copying my_py_pkg/robot_navigator.py -> /home/milena/ros2_ws/build/my_py_pkg/build/lib/my_py_pkg
[0.596s] copying my_py_pkg/publisher_1.py -> /home/milena/ros2_ws/build/my_py_pkg/build/lib/my_py_pkg
[0.596s] running install
[0.596s] running install_lib
[0.597s] copying /home/milena/ros2_ws/build/my_py_pkg/build/lib/my_py_pkg/robot_navigator.py -> /home/milena/ros2_ws/install/my_py_pkg/lib/python3.10/site-packages/my_py_pkg
[0.597s] copying /home/milena/ros2_ws/build/my_py_pkg/build/lib/my_py_pkg/publisher_1.py -> /home/milena/ros2_ws/install/my_py_pkg/lib/python3.10/site-packages/my_py_pkg
[0.597s] byte-compiling /home/milena/ros2_ws/install/my_py_pkg/lib/python3.10/site-packages/my_py_pkg/robot_navigator.py to robot_navigator.cpython-310.pyc
[0.598s] byte-compiling /home/milena/ros2_ws/install/my_py_pkg/lib/python3.10/site-packages/my_py_pkg/publisher_1.py to publisher_1.cpython-310.pyc
[0.599s] running install_data
[0.599s] running install_egg_info
[0.600s] removing '/home/milena/ros2_ws/install/my_py_pkg/lib/python3.10/site-packages/my_py_pkg-0.0.0-py3.10.egg-info' (and everything under it)
[0.600s] Copying ../../build/my_py_pkg/my_py_pkg.egg-info to /home/milena/ros2_ws/install/my_py_pkg/lib/python3.10/site-packages/my_py_pkg-0.0.0-py3.10.egg-info
[0.600s] running install_scripts
[0.614s] Installing add_two_ints script to /home/milena/ros2_ws/install/my_py_pkg/lib/my_py_pkg
[0.615s] Installing add_two_ints_client script to /home/milena/ros2_ws/install/my_py_pkg/lib/my_py_pkg
[0.615s] Installing number_publisher script to /home/milena/ros2_ws/install/my_py_pkg/lib/my_py_pkg
[0.615s] Installing publisher script to /home/milena/ros2_ws/install/my_py_pkg/lib/my_py_pkg
[0.615s] Installing publisher_1 script to /home/milena/ros2_ws/install/my_py_pkg/lib/my_py_pkg
[0.615s] Installing py_node script to /home/milena/ros2_ws/install/my_py_pkg/lib/my_py_pkg
[0.615s] Installing robot_navigator script to /home/milena/ros2_ws/install/my_py_pkg/lib/my_py_pkg
[0.615s] Installing robot_navigator_completo script to /home/milena/ros2_ws/install/my_py_pkg/lib/my_py_pkg
[0.615s] Installing subscriber script to /home/milena/ros2_ws/install/my_py_pkg/lib/my_py_pkg
[0.615s] writing list of installed files to '/home/milena/ros2_ws/build/my_py_pkg/install.log'
[0.633s] Invoked command in '/home/milena/ros2_ws/src/my_py_pkg' returned '0': PYTHONPATH=/home/milena/ros2_ws/build/my_py_pkg/prefix_override:/usr/lib/python3/dist-packages/colcon_core/task/python/colcon_distutils_commands:/home/milena/ros2_ws/install/my_py_pkg/lib/python3.10/site-packages:${PYTHONPATH} /usr/bin/python3 -W ignore:setup.py install is deprecated -W ignore:easy_install command is deprecated setup.py egg_info --egg-base ../../build/my_py_pkg build --build-base /home/milena/ros2_ws/build/my_py_pkg/build install --record /home/milena/ros2_ws/build/my_py_pkg/install.log --single-version-externally-managed install_data
