[0.418s] Invoking command in '/home/milena/ros2_ws/build/my_py_pkg': PYTHONPATH=/home/milena/ros2_ws/build/my_py_pkg/prefix_override:/usr/lib/python3/dist-packages/colcon_core/task/python/colcon_distutils_commands:/home/milena/ros2_ws/install/my_py_pkg/lib/python3.10/site-packages:${PYTHONPATH} /usr/bin/python3 -W ignore:setup.py install is deprecated -W ignore:easy_install command is deprecated setup.py develop --editable --build-directory /home/milena/ros2_ws/build/my_py_pkg/build --no-deps symlink_data --force
[0.696s] running develop
[0.854s] running egg_info
[0.854s] writing my_py_pkg.egg-info/PKG-INFO
[0.854s] writing dependency_links to my_py_pkg.egg-info/dependency_links.txt
[0.854s] writing entry points to my_py_pkg.egg-info/entry_points.txt
[0.854s] writing requirements to my_py_pkg.egg-info/requires.txt
[0.854s] writing top-level names to my_py_pkg.egg-info/top_level.txt
[0.855s] reading manifest file 'my_py_pkg.egg-info/SOURCES.txt'
[0.856s] writing manifest file 'my_py_pkg.egg-info/SOURCES.txt'
[0.857s] running build_ext
[0.857s] Creating /home/milena/ros2_ws/install/my_py_pkg/lib/python3.10/site-packages/my-py-pkg.egg-link (link to .)
[0.857s] Installing add_two_ints script to /home/milena/ros2_ws/install/my_py_pkg/lib/my_py_pkg
[0.857s] Installing add_two_ints_client script to /home/milena/ros2_ws/install/my_py_pkg/lib/my_py_pkg
[0.858s] Installing number_publisher script to /home/milena/ros2_ws/install/my_py_pkg/lib/my_py_pkg
[0.858s] Installing publisher script to /home/milena/ros2_ws/install/my_py_pkg/lib/my_py_pkg
[0.858s] Installing py_node script to /home/milena/ros2_ws/install/my_py_pkg/lib/my_py_pkg
[0.858s] Installing subscriber script to /home/milena/ros2_ws/install/my_py_pkg/lib/my_py_pkg
[0.858s] 
[0.858s] Installed /home/milena/ros2_ws/build/my_py_pkg
[0.858s] running symlink_data
[0.858s] symbolically linking /home/milena/ros2_ws/build/my_py_pkg/resource/my_py_pkg -> /home/milena/ros2_ws/install/my_py_pkg/share/ament_index/resource_index/packages
[0.858s] symbolically linking /home/milena/ros2_ws/build/my_py_pkg/package.xml -> /home/milena/ros2_ws/install/my_py_pkg/share/my_py_pkg
